{"meta": {"format": 3, "version": "7.11.0", "timestamp": "2025-10-29T00:32:01.292765", "branch_coverage": true, "show_contexts": false}, "files": {"src/pydantic_flow/__init__.py": {"executed_lines": [1, 11, 12, 13, 14, 15, 16, 17, 18, 19, 20, 21, 22, 23, 24, 25, 26, 27, 28, 29, 30, 31, 32, 33, 34, 35, 36, 37, 38, 39, 40, 41, 42, 43, 44, 45, 46, 47, 48, 49, 50, 51, 52, 53, 54, 55, 56, 57, 58, 59, 60, 61, 62, 63, 64, 65, 66, 67, 68, 69, 70, 71, 72, 73, 74, 75, 76, 77, 78, 79, 80, 81, 82, 83, 84, 85, 86, 87, 88, 91, 171], "summary": {"covered_lines": 80, "num_statements": 80, "percent_covered": 100.0, "percent_covered_display": "100", "missing_lines": 0, "excluded_lines": 0, "num_branches": 0, "num_partial_branches": 0, "covered_branches": 0, "missing_branches": 0}, "missing_lines": [], "excluded_lines": [], "executed_branches": [], "missing_branches": [], "functions": {"": {"executed_lines": [1, 11, 12, 13, 14, 15, 16, 17, 18, 19, 20, 21, 22, 23, 24, 25, 26, 27, 28, 29, 30, 31, 32, 33, 34, 35, 36, 37, 38, 39, 40, 41, 42, 43, 44, 45, 46, 47, 48, 49, 50, 51, 52, 53, 54, 55, 56, 57, 58, 59, 60, 61, 62, 63, 64, 65, 66, 67, 68, 69, 70, 71, 72, 73, 74, 75, 76, 77, 78, 79, 80, 81, 82, 83, 84, 85, 86, 87, 88, 91, 171], "summary": {"covered_lines": 80, "num_statements": 80, "percent_covered": 100.0, "percent_covered_display": "100", "missing_lines": 0, "excluded_lines": 0, "num_branches": 0, "num_partial_branches": 0, "covered_branches": 0, "missing_branches": 0}, "missing_lines": [], "excluded_lines": [], "executed_branches": [], "missing_branches": []}}, "classes": {"": {"executed_lines": [1, 11, 12, 13, 14, 15, 16, 17, 18, 19, 20, 21, 22, 23, 24, 25, 26, 27, 28, 29, 30, 31, 32, 33, 34, 35, 36, 37, 38, 39, 40, 41, 42, 43, 44, 45, 46, 47, 48, 49, 50, 51, 52, 53, 54, 55, 56, 57, 58, 59, 60, 61, 62, 63, 64, 65, 66, 67, 68, 69, 70, 71, 72, 73, 74, 75, 76, 77, 78, 79, 80, 81, 82, 83, 84, 85, 86, 87, 88, 91, 171], "summary": {"covered_lines": 80, "num_statements": 80, "percent_covered": 100.0, "percent_covered_display": "100", "missing_lines": 0, "excluded_lines": 0, "num_branches": 0, "num_partial_branches": 0, "covered_branches": 0, "missing_branches": 0}, "missing_lines": [], "excluded_lines": [], "executed_branches": [], "missing_branches": []}}}, "src/pydantic_flow/__main__.py": {"executed_lines": [1, 3, 6, 8, 9, 12], "summary": {"covered_lines": 5, "num_statements": 6, "percent_covered": 75.0, "percent_covered_display": "75", "missing_lines": 1, "excluded_lines": 0, "num_branches": 2, "num_partial_branches": 1, "covered_branches": 1, "missing_branches": 1}, "missing_lines": [13], "excluded_lines": [], "executed_branches": [[12, -1]], "missing_branches": [[12, 13]], "functions": {"main": {"executed_lines": [8, 9], "summary": {"covered_lines": 2, "num_statements": 2, "percent_covered": 100.0, "percent_covered_display": "100", "missing_lines": 0, "excluded_lines": 0, "num_branches": 0, "num_partial_branches": 0, "covered_branches": 0, "missing_branches": 0}, "missing_lines": [], "excluded_lines": [], "executed_branches": [], "missing_branches": []}, "": {"executed_lines": [1, 3, 6, 12], "summary": {"covered_lines": 3, "num_statements": 4, "percent_covered": 66.66666666666667, "percent_covered_display": "67", "missing_lines": 1, "excluded_lines": 0, "num_branches": 2, "num_partial_branches": 1, "covered_branches": 1, "missing_branches": 1}, "missing_lines": [13], "excluded_lines": [], "executed_branches": [[12, -1]], "missing_branches": [[12, 13]]}}, "classes": {"": {"executed_lines": [1, 3, 6, 8, 9, 12], "summary": {"covered_lines": 5, "num_statements": 6, "percent_covered": 75.0, "percent_covered_display": "75", "missing_lines": 1, "excluded_lines": 0, "num_branches": 2, "num_partial_branches": 1, "covered_branches": 1, "missing_branches": 1}, "missing_lines": [13], "excluded_lines": [], "executed_branches": [[12, -1]], "missing_branches": [[12, 13]]}}}, "src/pydantic_flow/cache/__init__.py": {"executed_lines": [1, 7, 8, 9, 10, 11, 12, 13, 14, 15, 17], "summary": {"covered_lines": 10, "num_statements": 10, "percent_covered": 100.0, "percent_covered_display": "100", "missing_lines": 0, "excluded_lines": 0, "num_branches": 0, "num_partial_branches": 0, "covered_branches": 0, "missing_branches": 0}, "missing_lines": [], "excluded_lines": [], "executed_branches": [], "missing_branches": [], "functions": {"": {"executed_lines": [1, 7, 8, 9, 10, 11, 12, 13, 14, 15, 17], "summary": {"covered_lines": 10, "num_statements": 10, "percent_covered": 100.0, "percent_covered_display": "100", "missing_lines": 0, "excluded_lines": 0, "num_branches": 0, "num_partial_branches": 0, "covered_branches": 0, "missing_branches": 0}, "missing_lines": [], "excluded_lines": [], "executed_branches": [], "missing_branches": []}}, "classes": {"": {"executed_lines": [1, 7, 8, 9, 10, 11, 12, 13, 14, 15, 17], "summary": {"covered_lines": 10, "num_statements": 10, "percent_covered": 100.0, "percent_covered_display": "100", "missing_lines": 0, "excluded_lines": 0, "num_branches": 0, "num_partial_branches": 0, "covered_branches": 0, "missing_branches": 0}, "missing_lines": [], "excluded_lines": [], "executed_branches": [], "missing_branches": []}}}, "src/pydantic_flow/cache/base.py": {"executed_lines": [1, 6, 8, 9, 10, 11, 12, 14, 15, 18, 19, 28, 29, 30, 33, 34, 43, 44, 45, 48, 49, 54, 56, 57, 59, 60, 62, 64, 65, 75, 77, 84, 85, 86, 89, 90, 100, 102, 103, 104, 105, 107, 117, 118, 119, 121, 131, 132, 133, 134, 137, 138, 152, 153, 154, 155, 156, 157, 158, 159, 161, 168, 169, 170, 173, 174, 180, 181, 193, 194, 204, 205, 214, 215, 227, 249, 271], "summary": {"covered_lines": 70, "num_statements": 74, "percent_covered": 95.1219512195122, "percent_covered_display": "95", "missing_lines": 4, "excluded_lines": 8, "num_branches": 8, "num_partial_branches": 0, "covered_branches": 8, "missing_branches": 0}, "missing_lines": [247, 269, 284, 285], "excluded_lines": [191, 192, 202, 203, 212, 213, 225, 226], "executed_branches": [[84, 85], [84, 86], [117, 118], [117, 119], [131, 132], [131, 133], [168, 169], [168, 170]], "missing_branches": [], "functions": {"CacheScope.GLOBAL": {"executed_lines": [62], "summary": {"covered_lines": 1, "num_statements": 1, "percent_covered": 100.0, "percent_covered_display": "100", "missing_lines": 0, "excluded_lines": 0, "num_branches": 0, "num_partial_branches": 0, "covered_branches": 0, "missing_branches": 0}, "missing_lines": [], "excluded_lines": [], "executed_branches": [], "missing_branches": []}, "CacheScope.NAMESPACE": {"executed_lines": [75], "summary": {"covered_lines": 1, "num_statements": 1, "percent_covered": 100.0, "percent_covered_display": "100", "missing_lines": 0, "excluded_lines": 0, "num_branches": 0, "num_partial_branches": 0, "covered_branches": 0, "missing_branches": 0}, "missing_lines": [], "excluded_lines": [], "executed_branches": [], "missing_branches": []}, "CacheScope.prefix": {"executed_lines": [84, 85, 86], "summary": {"covered_lines": 3, "num_statements": 3, "percent_covered": 100.0, "percent_covered_display": "100", "missing_lines": 0, "excluded_lines": 0, "num_branches": 2, "num_partial_branches": 0, "covered_branches": 2, "missing_branches": 0}, "missing_lines": [], "excluded_lines": [], "executed_branches": [[84, 85], [84, 86]], "missing_branches": []}, "CacheEntry.is_expired": {"executed_lines": [117, 118, 119], "summary": {"covered_lines": 3, "num_statements": 3, "percent_covered": 100.0, "percent_covered_display": "100", "missing_lines": 0, "excluded_lines": 0, "num_branches": 2, "num_partial_branches": 0, "covered_branches": 2, "missing_branches": 0}, "missing_lines": [], "excluded_lines": [], "executed_branches": [[117, 118], [117, 119]], "missing_branches": []}, "CacheEntry.ttl_remaining": {"executed_lines": [131, 132, 133, 134], "summary": {"covered_lines": 4, "num_statements": 4, "percent_covered": 100.0, "percent_covered_display": "100", "missing_lines": 0, "excluded_lines": 0, "num_branches": 2, "num_partial_branches": 0, "covered_branches": 2, "missing_branches": 0}, "missing_lines": [], "excluded_lines": [], "executed_branches": [[131, 132], [131, 133]], "missing_branches": []}, "CachePolicy.ttl_seconds": {"executed_lines": [168, 169, 170], "summary": {"covered_lines": 3, "num_statements": 3, "percent_covered": 100.0, "percent_covered_display": "100", "missing_lines": 0, "excluded_lines": 0, "num_branches": 2, "num_partial_branches": 0, "covered_branches": 2, "missing_branches": 0}, "missing_lines": [], "excluded_lines": [], "executed_branches": [[168, 169], [168, 170]], "missing_branches": []}, "CacheBackend.get": {"executed_lines": [], "summary": {"covered_lines": 0, "num_statements": 0, "percent_covered": 100.0, "percent_covered_display": "100", "missing_lines": 0, "excluded_lines": 1, "num_branches": 0, "num_partial_branches": 0, "covered_branches": 0, "missing_branches": 0}, "missing_lines": [], "excluded_lines": [191], "executed_branches": [], "missing_branches": []}, "CacheBackend.set": {"executed_lines": [], "summary": {"covered_lines": 0, "num_statements": 0, "percent_covered": 100.0, "percent_covered_display": "100", "missing_lines": 0, "excluded_lines": 1, "num_branches": 0, "num_partial_branches": 0, "covered_branches": 0, "missing_branches": 0}, "missing_lines": [], "excluded_lines": [202], "executed_branches": [], "missing_branches": []}, "CacheBackend.delete": {"executed_lines": [], "summary": {"covered_lines": 0, "num_statements": 0, "percent_covered": 100.0, "percent_covered_display": "100", "missing_lines": 0, "excluded_lines": 1, "num_branches": 0, "num_partial_branches": 0, "covered_branches": 0, "missing_branches": 0}, "missing_lines": [], "excluded_lines": [212], "executed_branches": [], "missing_branches": []}, "CacheBackend.exists": {"executed_lines": [], "summary": {"covered_lines": 0, "num_statements": 0, "percent_covered": 100.0, "percent_covered_display": "100", "missing_lines": 0, "excluded_lines": 1, "num_branches": 0, "num_partial_branches": 0, "covered_branches": 0, "missing_branches": 0}, "missing_lines": [], "excluded_lines": [225], "executed_branches": [], "missing_branches": []}, "CacheBackend.start": {"executed_lines": [], "summary": {"covered_lines": 0, "num_statements": 1, "percent_covered": 0.0, "percent_covered_display": "0", "missing_lines": 1, "excluded_lines": 0, "num_branches": 0, "num_partial_branches": 0, "covered_branches": 0, "missing_branches": 0}, "missing_lines": [247], "excluded_lines": [], "executed_branches": [], "missing_branches": []}, "CacheBackend.stop": {"executed_lines": [], "summary": {"covered_lines": 0, "num_statements": 1, "percent_covered": 0.0, "percent_covered_display": "0", "missing_lines": 1, "excluded_lines": 0, "num_branches": 0, "num_partial_branches": 0, "covered_branches": 0, "missing_branches": 0}, "missing_lines": [269], "excluded_lines": [], "executed_branches": [], "missing_branches": []}, "CacheBackend.invalidate_namespace": {"executed_lines": [], "summary": {"covered_lines": 0, "num_statements": 2, "percent_covered": 0.0, "percent_covered_display": "0", "missing_lines": 2, "excluded_lines": 0, "num_branches": 0, "num_partial_branches": 0, "covered_branches": 0, "missing_branches": 0}, "missing_lines": [284, 285], "excluded_lines": [], "executed_branches": [], "missing_branches": []}, "": {"executed_lines": [1, 6, 8, 9, 10, 11, 12, 14, 15, 18, 19, 28, 29, 30, 33, 34, 43, 44, 45, 48, 49, 54, 56, 57, 59, 60, 64, 65, 77, 89, 90, 100, 102, 103, 104, 105, 107, 121, 137, 138, 152, 153, 154, 155, 156, 157, 158, 159, 161, 173, 174, 180, 181, 193, 194, 204, 205, 214, 215, 227, 249, 271], "summary": {"covered_lines": 55, "num_statements": 55, "percent_covered": 100.0, "percent_covered_display": "100", "missing_lines": 0, "excluded_lines": 4, "num_branches": 0, "num_partial_branches": 0, "covered_branches": 0, "missing_branches": 0}, "missing_lines": [], "excluded_lines": [192, 203, 213, 226], "executed_branches": [], "missing_branches": []}}, "classes": {"CacheContentType": {"executed_lines": [], "summary": {"covered_lines": 0, "num_statements": 0, "percent_covered": 100.0, "percent_covered_display": "100", "missing_lines": 0, "excluded_lines": 0, "num_branches": 0, "num_partial_branches": 0, "covered_branches": 0, "missing_branches": 0}, "missing_lines": [], "excluded_lines": [], "executed_branches": [], "missing_branches": []}, "CacheKeyStrategy": {"executed_lines": [], "summary": {"covered_lines": 0, "num_statements": 0, "percent_covered": 100.0, "percent_covered_display": "100", "missing_lines": 0, "excluded_lines": 0, "num_branches": 0, "num_partial_branches": 0, "covered_branches": 0, "missing_branches": 0}, "missing_lines": [], "excluded_lines": [], "executed_branches": [], "missing_branches": []}, "CacheScope": {"executed_lines": [62, 75, 84, 85, 86], "summary": {"covered_lines": 5, "num_statements": 5, "percent_covered": 100.0, "percent_covered_display": "100", "missing_lines": 0, "excluded_lines": 0, "num_branches": 2, "num_partial_branches": 0, "covered_branches": 2, "missing_branches": 0}, "missing_lines": [], "excluded_lines": [], "executed_branches": [[84, 85], [84, 86]], "missing_branches": []}, "CacheEntry": {"executed_lines": [117, 118, 119, 131, 132, 133, 134], "summary": {"covered_lines": 7, "num_statements": 7, "percent_covered": 100.0, "percent_covered_display": "100", "missing_lines": 0, "excluded_lines": 0, "num_branches": 4, "num_partial_branches": 0, "covered_branches": 4, "missing_branches": 0}, "missing_lines": [], "excluded_lines": [], "executed_branches": [[117, 118], [117, 119], [131, 132], [131, 133]], "missing_branches": []}, "CachePolicy": {"executed_lines": [168, 169, 170], "summary": {"covered_lines": 3, "num_statements": 3, "percent_covered": 100.0, "percent_covered_display": "100", "missing_lines": 0, "excluded_lines": 0, "num_branches": 2, "num_partial_branches": 0, "covered_branches": 2, "missing_branches": 0}, "missing_lines": [], "excluded_lines": [], "executed_branches": [[168, 169], [168, 170]], "missing_branches": []}, "CacheBackend": {"executed_lines": [], "summary": {"covered_lines": 0, "num_statements": 4, "percent_covered": 0.0, "percent_covered_display": "0", "missing_lines": 4, "excluded_lines": 4, "num_branches": 0, "num_partial_branches": 0, "covered_branches": 0, "missing_branches": 0}, "missing_lines": [247, 269, 284, 285], "excluded_lines": [191, 202, 212, 225], "executed_branches": [], "missing_branches": []}, "": {"executed_lines": [1, 6, 8, 9, 10, 11, 12, 14, 15, 18, 19, 28, 29, 30, 33, 34, 43, 44, 45, 48, 49, 54, 56, 57, 59, 60, 64, 65, 77, 89, 90, 100, 102, 103, 104, 105, 107, 121, 137, 138, 152, 153, 154, 155, 156, 157, 158, 159, 161, 173, 174, 180, 181, 193, 194, 204, 205, 214, 215, 227, 249, 271], "summary": {"covered_lines": 55, "num_statements": 55, "percent_covered": 100.0, "percent_covered_display": "100", "missing_lines": 0, "excluded_lines": 4, "num_branches": 0, "num_partial_branches": 0, "covered_branches": 0, "missing_branches": 0}, "missing_lines": [], "excluded_lines": [192, 203, 213, 226], "executed_branches": [], "missing_branches": []}}}, "src/pydantic_flow/cache/hashing.py": {"executed_lines": [1, 7, 9, 10, 11, 12, 15, 32, 34, 35, 36, 37, 38, 40, 41, 42, 44, 46, 47, 55, 65, 66, 67, 70, 80, 81], "summary": {"covered_lines": 25, "num_statements": 27, "percent_covered": 89.1891891891892, "percent_covered_display": "89", "missing_lines": 2, "excluded_lines": 0, "num_branches": 10, "num_partial_branches": 2, "covered_branches": 8, "missing_branches": 2}, "missing_lines": [39, 43], "excluded_lines": [], "executed_branches": [[34, 35], [34, 36], [36, 37], [36, 38], [38, 40], [40, 41], [40, 42], [42, 44]], "missing_branches": [[38, 39], [42, 43]], "functions": {"canonical_json": {"executed_lines": [32, 46, 47], "summary": {"covered_lines": 3, "num_statements": 3, "percent_covered": 100.0, "percent_covered_display": "100", "missing_lines": 0, "excluded_lines": 0, "num_branches": 0, "num_partial_branches": 0, "covered_branches": 0, "missing_branches": 0}, "missing_lines": [], "excluded_lines": [], "executed_branches": [], "missing_branches": []}, "canonical_json.normalize": {"executed_lines": [34, 35, 36, 37, 38, 40, 41, 42, 44], "summary": {"covered_lines": 9, "num_statements": 11, "percent_covered": 80.95238095238095, "percent_covered_display": "81", "missing_lines": 2, "excluded_lines": 0, "num_branches": 10, "num_partial_branches": 2, "covered_branches": 8, "missing_branches": 2}, "missing_lines": [39, 43], "excluded_lines": [], "executed_branches": [[34, 35], [34, 36], [36, 37], [36, 38], [38, 40], [40, 41], [40, 42], [42, 44]], "missing_branches": [[38, 39], [42, 43]]}, "hash_json": {"executed_lines": [65, 66, 67], "summary": {"covered_lines": 3, "num_statements": 3, "percent_covered": 100.0, "percent_covered_display": "100", "missing_lines": 0, "excluded_lines": 0, "num_branches": 0, "num_partial_branches": 0, "covered_branches": 0, "missing_branches": 0}, "missing_lines": [], "excluded_lines": [], "executed_branches": [], "missing_branches": []}, "hash_bytes": {"executed_lines": [80, 81], "summary": {"covered_lines": 2, "num_statements": 2, "percent_covered": 100.0, "percent_covered_display": "100", "missing_lines": 0, "excluded_lines": 0, "num_branches": 0, "num_partial_branches": 0, "covered_branches": 0, "missing_branches": 0}, "missing_lines": [], "excluded_lines": [], "executed_branches": [], "missing_branches": []}, "": {"executed_lines": [1, 7, 9, 10, 11, 12, 15, 55, 70], "summary": {"covered_lines": 8, "num_statements": 8, "percent_covered": 100.0, "percent_covered_display": "100", "missing_lines": 0, "excluded_lines": 0, "num_branches": 0, "num_partial_branches": 0, "covered_branches": 0, "missing_branches": 0}, "missing_lines": [], "excluded_lines": [], "executed_branches": [], "missing_branches": []}}, "classes": {"": {"executed_lines": [1, 7, 9, 10, 11, 12, 15, 32, 34, 35, 36, 37, 38, 40, 41, 42, 44, 46, 47, 55, 65, 66, 67, 70, 80, 81], "summary": {"covered_lines": 25, "num_statements": 27, "percent_covered": 89.1891891891892, "percent_covered_display": "89", "missing_lines": 2, "excluded_lines": 0, "num_branches": 10, "num_partial_branches": 2, "covered_branches": 8, "missing_branches": 2}, "missing_lines": [39, 43], "excluded_lines": [], "executed_branches": [[34, 35], [34, 36], [36, 37], [36, 38], [38, 40], [40, 41], [40, 42], [42, 44]], "missing_branches": [[38, 39], [42, 43]]}}}, "src/pydantic_flow/cache/key.py": {"executed_lines": [1, 7, 9, 10, 12, 14, 15, 16, 19, 37, 39, 44, 45, 47, 50, 53, 54, 57, 97, 98, 100, 107, 110, 111, 113, 116, 117, 119, 120, 121, 123, 126, 129, 132, 135, 136, 139, 163, 164, 166, 168, 175, 176, 178, 179, 181, 184, 187, 190, 191, 194, 214, 224, 225, 226, 228, 233, 234], "summary": {"covered_lines": 57, "num_statements": 75, "percent_covered": 73.04347826086956, "percent_covered_display": "73", "missing_lines": 18, "excluded_lines": 0, "num_branches": 40, "num_partial_branches": 13, "covered_branches": 27, "missing_branches": 13}, "missing_lines": [48, 51, 108, 114, 124, 127, 130, 133, 182, 185, 188, 207, 208, 209, 210, 211, 227, 229], "excluded_lines": [], "executed_branches": [[44, 45], [44, 47], [47, 50], [50, 53], [107, 110], [110, 111], [110, 113], [113, 116], [116, 117], [116, 119], [119, 120], [119, 123], [123, 126], [126, 129], [129, 132], [132, 135], [175, 176], [175, 178], [178, 179], [178, 181], [181, 184], [184, 187], [187, 190], [225, 226], [225, 234], [226, 228], [228, 233]], "missing_branches": [[47, 48], [50, 51], [107, 108], [113, 114], [123, 124], [126, 127], [129, 130], [132, 133], [181, 182], [184, 185], [187, 188], [226, 227], [228, 229]], "functions": {"build_cache_key": {"executed_lines": [37, 39, 44, 45, 47, 50, 53, 54], "summary": {"covered_lines": 8, "num_statements": 10, "percent_covered": 75.0, "percent_covered_display": "75", "missing_lines": 2, "excluded_lines": 0, "num_branches": 6, "num_partial_branches": 2, "covered_branches": 4, "missing_branches": 2}, "missing_lines": [48, 51], "excluded_lines": [], "executed_branches": [[44, 45], [44, 47], [47, 50], [50, 53]], "missing_branches": [[47, 48], [50, 51]]}, "build_llm_cache_key": {"executed_lines": [97, 98, 100, 107, 110, 111, 113, 116, 117, 119, 120, 121, 123, 126, 129, 132, 135, 136], "summary": {"covered_lines": 18, "num_statements": 24, "percent_covered": 71.42857142857143, "percent_covered_display": "71", "missing_lines": 6, "excluded_lines": 0, "num_branches": 18, "num_partial_branches": 6, "covered_branches": 12, "missing_branches": 6}, "missing_lines": [108, 114, 124, 127, 130, 133], "excluded_lines": [], "executed_branches": [[107, 110], [110, 111], [110, 113], [113, 116], [116, 117], [116, 119], [119, 120], [119, 123], [123, 126], [126, 129], [129, 132], [132, 135]], "missing_branches": [[107, 108], [113, 114], [123, 124], [126, 127], [129, 130], [132, 133]]}, "build_embedding_cache_key": {"executed_lines": [163, 164, 166, 168, 175, 176, 178, 179, 181, 184, 187, 190, 191], "summary": {"covered_lines": 13, "num_statements": 16, "percent_covered": 76.92307692307692, "percent_covered_display": "77", "missing_lines": 3, "excluded_lines": 0, "num_branches": 10, "num_partial_branches": 3, "covered_branches": 7, "missing_branches": 3}, "missing_lines": [182, 185, 188], "excluded_lines": [], "executed_branches": [[175, 176], [175, 178], [178, 179], [178, 181], [181, 184], [184, 187], [187, 190]], "missing_branches": [[181, 182], [184, 185], [187, 188]]}, "compute_node_code_fingerprint": {"executed_lines": [], "summary": {"covered_lines": 0, "num_statements": 5, "percent_covered": 0.0, "percent_covered_display": "0", "missing_lines": 5, "excluded_lines": 0, "num_branches": 0, "num_partial_branches": 0, "covered_branches": 0, "missing_branches": 0}, "missing_lines": [207, 208, 209, 210, 211], "excluded_lines": [], "executed_branches": [], "missing_branches": []}, "_serialize_inputs": {"executed_lines": [224, 225, 226, 228, 233, 234], "summary": {"covered_lines": 6, "num_statements": 8, "percent_covered": 71.42857142857143, "percent_covered_display": "71", "missing_lines": 2, "excluded_lines": 0, "num_branches": 6, "num_partial_branches": 2, "covered_branches": 4, "missing_branches": 2}, "missing_lines": [227, 229], "excluded_lines": [], "executed_branches": [[225, 226], [225, 234], [226, 228], [228, 233]], "missing_branches": [[226, 227], [228, 229]]}, "": {"executed_lines": [1, 7, 9, 10, 12, 14, 15, 16, 19, 57, 139, 194, 214], "summary": {"covered_lines": 12, "num_statements": 12, "percent_covered": 100.0, "percent_covered_display": "100", "missing_lines": 0, "excluded_lines": 0, "num_branches": 0, "num_partial_branches": 0, "covered_branches": 0, "missing_branches": 0}, "missing_lines": [], "excluded_lines": [], "executed_branches": [], "missing_branches": []}}, "classes": {"": {"executed_lines": [1, 7, 9, 10, 12, 14, 15, 16, 19, 37, 39, 44, 45, 47, 50, 53, 54, 57, 97, 98, 100, 107, 110, 111, 113, 116, 117, 119, 120, 121, 123, 126, 129, 132, 135, 136, 139, 163, 164, 166, 168, 175, 176, 178, 179, 181, 184, 187, 190, 191, 194, 214, 224, 225, 226, 228, 233, 234], "summary": {"covered_lines": 57, "num_statements": 75, "percent_covered": 73.04347826086956, "percent_covered_display": "73", "missing_lines": 18, "excluded_lines": 0, "num_branches": 40, "num_partial_branches": 13, "covered_branches": 27, "missing_branches": 13}, "missing_lines": [48, 51, 108, 114, 124, 127, 130, 133, 182, 185, 188, 207, 208, 209, 210, 211, 227, 229], "excluded_lines": [], "executed_branches": [[44, 45], [44, 47], [47, 50], [50, 53], [107, 110], [110, 111], [110, 113], [113, 116], [116, 117], [116, 119], [119, 120], [119, 123], [123, 126], [126, 129], [129, 132], [132, 135], [175, 176], [175, 178], [178, 179], [178, 181], [181, 184], [184, 187], [187, 190], [225, 226], [225, 234], [226, 228], [228, 233]], "missing_branches": [[47, 48], [50, 51], [107, 108], [113, 114], [123, 124], [126, 127], [129, 130], [132, 133], [181, 182], [184, 185], [187, 188], [226, 227], [228, 229]]}}}, "src/pydantic_flow/cache/memory.py": {"executed_lines": [1, 7, 9, 10, 11, 12, 14, 15, 18, 19, 30, 42, 43, 44, 45, 46, 47, 49, 51, 53, 54, 56, 58, 59, 60, 61, 62, 64, 74, 75, 76, 77, 79, 80, 84, 85, 87, 95, 96, 99, 101, 102, 104, 111, 112, 114, 124, 125, 127, 137, 138, 139, 140, 141, 142, 144, 146, 147, 149, 156, 157, 159, 161, 162, 163, 164, 165, 166, 170, 172, 173, 174, 179, 180], "summary": {"covered_lines": 72, "num_statements": 78, "percent_covered": 88.54166666666667, "percent_covered_display": "89", "missing_lines": 6, "excluded_lines": 0, "num_branches": 18, "num_partial_branches": 5, "covered_branches": 13, "missing_branches": 5}, "missing_lines": [52, 81, 82, 97, 167, 168], "excluded_lines": [], "executed_branches": [[51, 53], [59, 60], [76, 77], [76, 79], [80, 84], [96, 99], [101, -87], [101, 102], [140, 141], [140, 142], [161, 162], [179, -170], [179, 180]], "missing_branches": [[51, 52], [59, -56], [80, 81], [96, 97], [161, -159]], "functions": {"InMemoryCache.__init__": {"executed_lines": [42, 43, 44, 45, 46, 47], "summary": {"covered_lines": 6, "num_statements": 6, "percent_covered": 100.0, "percent_covered_display": "100", "missing_lines": 0, "excluded_lines": 0, "num_branches": 0, "num_partial_branches": 0, "covered_branches": 0, "missing_branches": 0}, "missing_lines": [], "excluded_lines": [], "executed_branches": [], "missing_branches": []}, "InMemoryCache.start": {"executed_lines": [51, 53, 54], "summary": {"covered_lines": 3, "num_statements": 4, "percent_covered": 66.66666666666667, "percent_covered_display": "67", "missing_lines": 1, "excluded_lines": 0, "num_branches": 2, "num_partial_branches": 1, "covered_branches": 1, "missing_branches": 1}, "missing_lines": [52], "excluded_lines": [], "executed_branches": [[51, 53]], "missing_branches": [[51, 52]]}, "InMemoryCache.stop": {"executed_lines": [58, 59, 60, 61, 62], "summary": {"covered_lines": 5, "num_statements": 5, "percent_covered": 85.71428571428571, "percent_covered_display": "86", "missing_lines": 0, "excluded_lines": 0, "num_branches": 2, "num_partial_branches": 1, "covered_branches": 1, "missing_branches": 1}, "missing_lines": [], "excluded_lines": [], "executed_branches": [[59, 60]], "missing_branches": [[59, -56]]}, "InMemoryCache.get": {"executed_lines": [74, 75, 76, 77, 79, 80, 84, 85], "summary": {"covered_lines": 8, "num_statements": 10, "percent_covered": 78.57142857142857, "percent_covered_display": "79", "missing_lines": 2, "excluded_lines": 0, "num_branches": 4, "num_partial_branches": 1, "covered_branches": 3, "missing_branches": 1}, "missing_lines": [81, 82], "excluded_lines": [], "executed_branches": [[76, 77], [76, 79], [80, 84]], "missing_branches": [[80, 81]]}, "InMemoryCache.set": {"executed_lines": [95, 96, 99, 101, 102], "summary": {"covered_lines": 5, "num_statements": 6, "percent_covered": 80.0, "percent_covered_display": "80", "missing_lines": 1, "excluded_lines": 0, "num_branches": 4, "num_partial_branches": 1, "covered_branches": 3, "missing_branches": 1}, "missing_lines": [97], "excluded_lines": [], "executed_branches": [[96, 99], [101, -87], [101, 102]], "missing_branches": [[96, 97]]}, "InMemoryCache.delete": {"executed_lines": [111, 112], "summary": {"covered_lines": 2, "num_statements": 2, "percent_covered": 100.0, "percent_covered_display": "100", "missing_lines": 0, "excluded_lines": 0, "num_branches": 0, "num_partial_branches": 0, "covered_branches": 0, "missing_branches": 0}, "missing_lines": [], "excluded_lines": [], "executed_branches": [], "missing_branches": []}, "InMemoryCache.exists": {"executed_lines": [124, 125], "summary": {"covered_lines": 2, "num_statements": 2, "percent_covered": 100.0, "percent_covered_display": "100", "missing_lines": 0, "excluded_lines": 0, "num_branches": 0, "num_partial_branches": 0, "covered_branches": 0, "missing_branches": 0}, "missing_lines": [], "excluded_lines": [], "executed_branches": [], "missing_branches": []}, "InMemoryCache.invalidate_namespace": {"executed_lines": [137, 138, 139, 140, 141, 142], "summary": {"covered_lines": 6, "num_statements": 6, "percent_covered": 100.0, "percent_covered_display": "100", "missing_lines": 0, "excluded_lines": 0, "num_branches": 2, "num_partial_branches": 0, "covered_branches": 2, "missing_branches": 0}, "missing_lines": [], "excluded_lines": [], "executed_branches": [[140, 141], [140, 142]], "missing_branches": []}, "InMemoryCache.clear": {"executed_lines": [146, 147], "summary": {"covered_lines": 2, "num_statements": 2, "percent_covered": 100.0, "percent_covered_display": "100", "missing_lines": 0, "excluded_lines": 0, "num_branches": 0, "num_partial_branches": 0, "covered_branches": 0, "missing_branches": 0}, "missing_lines": [], "excluded_lines": [], "executed_branches": [], "missing_branches": []}, "InMemoryCache.size": {"executed_lines": [156, 157], "summary": {"covered_lines": 2, "num_statements": 2, "percent_covered": 100.0, "percent_covered_display": "100", "missing_lines": 0, "excluded_lines": 0, "num_branches": 0, "num_partial_branches": 0, "covered_branches": 0, "missing_branches": 0}, "missing_lines": [], "excluded_lines": [], "executed_branches": [], "missing_branches": []}, "InMemoryCache._cleanup_loop": {"executed_lines": [161, 162, 163, 164, 165, 166], "summary": {"covered_lines": 6, "num_statements": 8, "percent_covered": 70.0, "percent_covered_display": "70", "missing_lines": 2, "excluded_lines": 0, "num_branches": 2, "num_partial_branches": 1, "covered_branches": 1, "missing_branches": 1}, "missing_lines": [167, 168], "excluded_lines": [], "executed_branches": [[161, 162]], "missing_branches": [[161, -159]]}, "InMemoryCache._cleanup_expired": {"executed_lines": [172, 173, 174, 179, 180], "summary": {"covered_lines": 5, "num_statements": 5, "percent_covered": 100.0, "percent_covered_display": "100", "missing_lines": 0, "excluded_lines": 0, "num_branches": 2, "num_partial_branches": 0, "covered_branches": 2, "missing_branches": 0}, "missing_lines": [], "excluded_lines": [], "executed_branches": [[179, -170], [179, 180]], "missing_branches": []}, "": {"executed_lines": [1, 7, 9, 10, 11, 12, 14, 15, 18, 19, 30, 49, 56, 64, 87, 104, 114, 127, 144, 149, 159, 170], "summary": {"covered_lines": 20, "num_statements": 20, "percent_covered": 100.0, "percent_covered_display": "100", "missing_lines": 0, "excluded_lines": 0, "num_branches": 0, "num_partial_branches": 0, "covered_branches": 0, "missing_branches": 0}, "missing_lines": [], "excluded_lines": [], "executed_branches": [], "missing_branches": []}}, "classes": {"InMemoryCache": {"executed_lines": [42, 43, 44, 45, 46, 47, 51, 53, 54, 58, 59, 60, 61, 62, 74, 75, 76, 77, 79, 80, 84, 85, 95, 96, 99, 101, 102, 111, 112, 124, 125, 137, 138, 139, 140, 141, 142, 146, 147, 156, 157, 161, 162, 163, 164, 165, 166, 172, 173, 174, 179, 180], "summary": {"covered_lines": 52, "num_statements": 58, "percent_covered": 85.52631578947368, "percent_covered_display": "86", "missing_lines": 6, "excluded_lines": 0, "num_branches": 18, "num_partial_branches": 5, "covered_branches": 13, "missing_branches": 5}, "missing_lines": [52, 81, 82, 97, 167, 168], "excluded_lines": [], "executed_branches": [[51, 53], [59, 60], [76, 77], [76, 79], [80, 84], [96, 99], [101, -87], [101, 102], [140, 141], [140, 142], [161, 162], [179, -170], [179, 180]], "missing_branches": [[51, 52], [59, -56], [80, 81], [96, 97], [161, -159]]}, "": {"executed_lines": [1, 7, 9, 10, 11, 12, 14, 15, 18, 19, 30, 49, 56, 64, 87, 104, 114, 127, 144, 149, 159, 170], "summary": {"covered_lines": 20, "num_statements": 20, "percent_covered": 100.0, "percent_covered_display": "100", "missing_lines": 0, "excluded_lines": 0, "num_branches": 0, "num_partial_branches": 0, "covered_branches": 0, "missing_branches": 0}, "missing_lines": [], "excluded_lines": [], "executed_branches": [], "missing_branches": []}}}, "src/pydantic_flow/cache/middleware.py": {"executed_lines": [1, 7, 9, 10, 11, 12, 13, 14, 15, 17, 18, 19, 20, 21, 22, 23, 24, 25, 26, 27, 29, 31, 34, 59, 61, 62, 63, 65, 66, 67, 69, 70, 71, 72, 80, 82, 90, 92, 94, 101, 102, 103, 104, 112, 113, 122, 124, 125, 127, 128, 136, 137, 140, 166, 167, 168, 169, 171, 172, 173, 175, 176, 177, 178, 185, 189, 190, 192, 194, 196, 202, 203, 204, 205, 206, 208, 215, 216, 217, 218, 224, 225, 232, 233, 234, 235, 237, 238, 245, 246, 247, 248, 254, 255, 262, 263, 269, 270, 273, 283, 289, 299], "summary": {"covered_lines": 101, "num_statements": 101, "percent_covered": 99.2, "percent_covered_display": "99", "missing_lines": 0, "excluded_lines": 0, "num_branches": 24, "num_partial_branches": 1, "covered_branches": 23, "missing_branches": 1}, "missing_lines": [], "excluded_lines": [], "executed_branches": [[61, 62], [61, 65], [70, 71], [70, 82], [166, 167], [166, 171], [167, 168], [167, 169], [176, 177], [176, 196], [185, 189], [185, 192], [189, 190], [189, 194], [202, 203], [202, 232], [204, 205], [204, 208], [233, 234], [233, 237], [237, 238], [269, -140], [269, 270]], "missing_branches": [[237, -140]], "functions": {"maybe_cached_execute": {"executed_lines": [59, 61, 62, 63, 65, 66, 67, 69, 70, 71, 72, 80, 82, 90, 124, 125, 127, 128, 136, 137], "summary": {"covered_lines": 20, "num_statements": 20, "percent_covered": 100.0, "percent_covered_display": "100", "missing_lines": 0, "excluded_lines": 0, "num_branches": 4, "num_partial_branches": 0, "covered_branches": 4, "missing_branches": 0}, "missing_lines": [], "excluded_lines": [], "executed_branches": [[61, 62], [61, 65], [70, 71], [70, 82]], "missing_branches": []}, "maybe_cached_execute.compute_and_cache": {"executed_lines": [92, 94, 101, 102, 103, 104, 112, 113, 122], "summary": {"covered_lines": 9, "num_statements": 9, "percent_covered": 100.0, "percent_covered_display": "100", "missing_lines": 0, "excluded_lines": 0, "num_branches": 0, "num_partial_branches": 0, "covered_branches": 0, "missing_branches": 0}, "missing_lines": [], "excluded_lines": [], "executed_branches": [], "missing_branches": []}, "maybe_cached_stream": {"executed_lines": [166, 167, 168, 169, 171, 172, 173, 175, 176, 177, 178, 185, 189, 190, 192, 194, 196, 202, 203, 204, 205, 206, 208, 215, 216, 217, 218, 224, 225, 232, 233, 234, 235, 237, 238, 245, 246, 247, 248, 254, 255, 262, 263, 269, 270], "summary": {"covered_lines": 45, "num_statements": 45, "percent_covered": 98.46153846153847, "percent_covered_display": "98", "missing_lines": 0, "excluded_lines": 0, "num_branches": 20, "num_partial_branches": 1, "covered_branches": 19, "missing_branches": 1}, "missing_lines": [], "excluded_lines": [], "executed_branches": [[166, 167], [166, 171], [167, 168], [167, 169], [176, 177], [176, 196], [185, 189], [185, 192], [189, 190], [189, 194], [202, 203], [202, 232], [204, 205], [204, 208], [233, 234], [233, 237], [237, 238], [269, -140], [269, 270]], "missing_branches": [[237, -140]]}, "_serialize_progress_item": {"executed_lines": [283], "summary": {"covered_lines": 1, "num_statements": 1, "percent_covered": 100.0, "percent_covered_display": "100", "missing_lines": 0, "excluded_lines": 0, "num_branches": 0, "num_partial_branches": 0, "covered_branches": 0, "missing_branches": 0}, "missing_lines": [], "excluded_lines": [], "executed_branches": [], "missing_branches": []}, "_deserialize_progress_item": {"executed_lines": [299], "summary": {"covered_lines": 1, "num_statements": 1, "percent_covered": 100.0, "percent_covered_display": "100", "missing_lines": 0, "excluded_lines": 0, "num_branches": 0, "num_partial_branches": 0, "covered_branches": 0, "missing_branches": 0}, "missing_lines": [], "excluded_lines": [], "executed_branches": [], "missing_branches": []}, "": {"executed_lines": [1, 7, 9, 10, 11, 12, 13, 14, 15, 17, 18, 19, 20, 21, 22, 23, 24, 25, 26, 27, 29, 31, 34, 140, 273, 289], "summary": {"covered_lines": 25, "num_statements": 25, "percent_covered": 100.0, "percent_covered_display": "100", "missing_lines": 0, "excluded_lines": 0, "num_branches": 0, "num_partial_branches": 0, "covered_branches": 0, "missing_branches": 0}, "missing_lines": [], "excluded_lines": [], "executed_branches": [], "missing_branches": []}}, "classes": {"": {"executed_lines": [1, 7, 9, 10, 11, 12, 13, 14, 15, 17, 18, 19, 20, 21, 22, 23, 24, 25, 26, 27, 29, 31, 34, 59, 61, 62, 63, 65, 66, 67, 69, 70, 71, 72, 80, 82, 90, 92, 94, 101, 102, 103, 104, 112, 113, 122, 124, 125, 127, 128, 136, 137, 140, 166, 167, 168, 169, 171, 172, 173, 175, 176, 177, 178, 185, 189, 190, 192, 194, 196, 202, 203, 204, 205, 206, 208, 215, 216, 217, 218, 224, 225, 232, 233, 234, 235, 237, 238, 245, 246, 247, 248, 254, 255, 262, 263, 269, 270, 273, 283, 289, 299], "summary": {"covered_lines": 101, "num_statements": 101, "percent_covered": 99.2, "percent_covered_display": "99", "missing_lines": 0, "excluded_lines": 0, "num_branches": 24, "num_partial_branches": 1, "covered_branches": 23, "missing_branches": 1}, "missing_lines": [], "excluded_lines": [], "executed_branches": [[61, 62], [61, 65], [70, 71], [70, 82], [166, 167], [166, 171], [167, 168], [167, 169], [176, 177], [176, 196], [185, 189], [185, 192], [189, 190], [189, 194], [202, 203], [202, 232], [204, 205], [204, 208], [233, 234], [233, 237], [237, 238], [269, -140], [269, 270]], "missing_branches": [[237, -140]]}}}, "src/pydantic_flow/cache/redis.py": {"executed_lines": [1, 7, 9, 10, 11, 12, 13, 14, 16, 17, 19, 23, 24, 54, 73, 74, 75, 76, 77, 78, 79, 80, 82, 111, 113, 115, 117, 119, 121, 132, 133, 134, 135, 136, 137, 138, 140, 151, 153, 155, 157, 159, 161, 162, 163, 164, 165, 166, 167, 168, 170, 171, 173, 180, 181, 185, 187, 197, 199, 209, 211, 224, 225, 226, 228, 229, 231, 232, 234, 235, 236, 237, 239, 241, 252, 253, 254, 256, 257, 259, 261, 271, 272, 273, 275, 285, 286, 288, 301, 302, 303, 304, 306, 307, 308, 309, 310, 311, 313, 315, 328, 329, 330, 336, 338, 348, 349, 350, 352, 362, 363, 364, 365, 366, 368, 370, 372, 382, 384, 385, 386, 388, 390, 400, 401, 403, 404], "summary": {"covered_lines": 124, "num_statements": 124, "percent_covered": 100.0, "percent_covered_display": "100", "missing_lines": 0, "excluded_lines": 2, "num_branches": 32, "num_partial_branches": 0, "covered_branches": 32, "missing_branches": 0}, "missing_lines": [], "excluded_lines": [19, 20], "executed_branches": [[111, 113], [111, 115], [115, 117], [115, 119], [151, 153], [151, 155], [155, 157], [155, 159], [159, 161], [159, 170], [165, 166], [165, 167], [167, 163], [167, 168], [180, -173], [180, 181], [228, 229], [228, 231], [235, 236], [235, 239], [256, 257], [256, 259], [308, 309], [308, 310], [310, 306], [310, 311], [363, 364], [363, 370], [365, 366], [365, 368], [384, 385], [384, 388]], "missing_branches": [], "functions": {"RedisCache.__init__": {"executed_lines": [73, 74, 75, 76, 77, 78, 79, 80], "summary": {"covered_lines": 8, "num_statements": 8, "percent_covered": 100.0, "percent_covered_display": "100", "missing_lines": 0, "excluded_lines": 0, "num_branches": 0, "num_partial_branches": 0, "covered_branches": 0, "missing_branches": 0}, "missing_lines": [], "excluded_lines": [], "executed_branches": [], "missing_branches": []}, "RedisCache.start": {"executed_lines": [111, 113, 115, 117, 119, 121, 132, 133, 134, 135, 136, 137, 138], "summary": {"covered_lines": 13, "num_statements": 13, "percent_covered": 100.0, "percent_covered_display": "100", "missing_lines": 0, "excluded_lines": 0, "num_branches": 4, "num_partial_branches": 0, "covered_branches": 4, "missing_branches": 0}, "missing_lines": [], "excluded_lines": [], "executed_branches": [[111, 113], [111, 115], [115, 117], [115, 119]], "missing_branches": []}, "RedisCache.stop": {"executed_lines": [151, 153, 155, 157, 159, 161, 162, 163, 164, 165, 166, 167, 168, 170, 171], "summary": {"covered_lines": 15, "num_statements": 15, "percent_covered": 100.0, "percent_covered_display": "100", "missing_lines": 0, "excluded_lines": 0, "num_branches": 10, "num_partial_branches": 0, "covered_branches": 10, "missing_branches": 0}, "missing_lines": [], "excluded_lines": [], "executed_branches": [[151, 153], [151, 155], [155, 157], [155, 159], [159, 161], [159, 170], [165, 166], [165, 167], [167, 163], [167, 168]], "missing_branches": []}, "RedisCache._ensure_connected": {"executed_lines": [180, 181, 185], "summary": {"covered_lines": 3, "num_statements": 3, "percent_covered": 100.0, "percent_covered_display": "100", "missing_lines": 0, "excluded_lines": 0, "num_branches": 2, "num_partial_branches": 0, "covered_branches": 2, "missing_branches": 0}, "missing_lines": [], "excluded_lines": [], "executed_branches": [[180, -173], [180, 181]], "missing_branches": []}, "RedisCache._make_key": {"executed_lines": [197], "summary": {"covered_lines": 1, "num_statements": 1, "percent_covered": 100.0, "percent_covered_display": "100", "missing_lines": 0, "excluded_lines": 0, "num_branches": 0, "num_partial_branches": 0, "covered_branches": 0, "missing_branches": 0}, "missing_lines": [], "excluded_lines": [], "executed_branches": [], "missing_branches": []}, "RedisCache._make_lock_key": {"executed_lines": [209], "summary": {"covered_lines": 1, "num_statements": 1, "percent_covered": 100.0, "percent_covered_display": "100", "missing_lines": 0, "excluded_lines": 0, "num_branches": 0, "num_partial_branches": 0, "covered_branches": 0, "missing_branches": 0}, "missing_lines": [], "excluded_lines": [], "executed_branches": [], "missing_branches": []}, "RedisCache.get": {"executed_lines": [224, 225, 226, 228, 229, 231, 232, 234, 235, 236, 237, 239], "summary": {"covered_lines": 12, "num_statements": 12, "percent_covered": 100.0, "percent_covered_display": "100", "missing_lines": 0, "excluded_lines": 0, "num_branches": 4, "num_partial_branches": 0, "covered_branches": 4, "missing_branches": 0}, "missing_lines": [], "excluded_lines": [], "executed_branches": [[228, 229], [228, 231], [235, 236], [235, 239]], "missing_branches": []}, "RedisCache.set": {"executed_lines": [252, 253, 254, 256, 257, 259], "summary": {"covered_lines": 6, "num_statements": 6, "percent_covered": 100.0, "percent_covered_display": "100", "missing_lines": 0, "excluded_lines": 0, "num_branches": 2, "num_partial_branches": 0, "covered_branches": 2, "missing_branches": 0}, "missing_lines": [], "excluded_lines": [], "executed_branches": [[256, 257], [256, 259]], "missing_branches": []}, "RedisCache.delete": {"executed_lines": [271, 272, 273], "summary": {"covered_lines": 3, "num_statements": 3, "percent_covered": 100.0, "percent_covered_display": "100", "missing_lines": 0, "excluded_lines": 0, "num_branches": 0, "num_partial_branches": 0, "covered_branches": 0, "missing_branches": 0}, "missing_lines": [], "excluded_lines": [], "executed_branches": [], "missing_branches": []}, "RedisCache.exists": {"executed_lines": [285, 286], "summary": {"covered_lines": 2, "num_statements": 2, "percent_covered": 100.0, "percent_covered_display": "100", "missing_lines": 0, "excluded_lines": 0, "num_branches": 0, "num_partial_branches": 0, "covered_branches": 0, "missing_branches": 0}, "missing_lines": [], "excluded_lines": [], "executed_branches": [], "missing_branches": []}, "RedisCache.invalidate_namespace": {"executed_lines": [301, 302, 303, 304, 306, 307, 308, 309, 310, 311, 313], "summary": {"covered_lines": 11, "num_statements": 11, "percent_covered": 100.0, "percent_covered_display": "100", "missing_lines": 0, "excluded_lines": 0, "num_branches": 4, "num_partial_branches": 0, "covered_branches": 4, "missing_branches": 0}, "missing_lines": [], "excluded_lines": [], "executed_branches": [[308, 309], [308, 310], [310, 306], [310, 311]], "missing_branches": []}, "RedisCache.acquire_lock": {"executed_lines": [328, 329, 330, 336], "summary": {"covered_lines": 4, "num_statements": 4, "percent_covered": 100.0, "percent_covered_display": "100", "missing_lines": 0, "excluded_lines": 0, "num_branches": 0, "num_partial_branches": 0, "covered_branches": 0, "missing_branches": 0}, "missing_lines": [], "excluded_lines": [], "executed_branches": [], "missing_branches": []}, "RedisCache.release_lock": {"executed_lines": [348, 349, 350], "summary": {"covered_lines": 3, "num_statements": 3, "percent_covered": 100.0, "percent_covered_display": "100", "missing_lines": 0, "excluded_lines": 0, "num_branches": 0, "num_partial_branches": 0, "covered_branches": 0, "missing_branches": 0}, "missing_lines": [], "excluded_lines": [], "executed_branches": [], "missing_branches": []}, "RedisCache.wait_for_inflight": {"executed_lines": [362, 363, 364, 365, 366, 368, 370], "summary": {"covered_lines": 7, "num_statements": 7, "percent_covered": 100.0, "percent_covered_display": "100", "missing_lines": 0, "excluded_lines": 0, "num_branches": 4, "num_partial_branches": 0, "covered_branches": 4, "missing_branches": 0}, "missing_lines": [], "excluded_lines": [], "executed_branches": [[363, 364], [363, 370], [365, 366], [365, 368]], "missing_branches": []}, "RedisCache._serialize": {"executed_lines": [382, 384, 385, 386, 388], "summary": {"covered_lines": 5, "num_statements": 5, "percent_covered": 100.0, "percent_covered_display": "100", "missing_lines": 0, "excluded_lines": 0, "num_branches": 2, "num_partial_branches": 0, "covered_branches": 2, "missing_branches": 0}, "missing_lines": [], "excluded_lines": [], "executed_branches": [[384, 385], [384, 388]], "missing_branches": []}, "RedisCache._deserialize": {"executed_lines": [400, 401, 403, 404], "summary": {"covered_lines": 4, "num_statements": 4, "percent_covered": 100.0, "percent_covered_display": "100", "missing_lines": 0, "excluded_lines": 0, "num_branches": 0, "num_partial_branches": 0, "covered_branches": 0, "missing_branches": 0}, "missing_lines": [], "excluded_lines": [], "executed_branches": [], "missing_branches": []}, "": {"executed_lines": [1, 7, 9, 10, 11, 12, 13, 14, 16, 17, 19, 23, 24, 54, 82, 140, 173, 187, 199, 211, 241, 261, 275, 288, 315, 338, 352, 372, 390], "summary": {"covered_lines": 26, "num_statements": 26, "percent_covered": 100.0, "percent_covered_display": "100", "missing_lines": 0, "excluded_lines": 2, "num_branches": 0, "num_partial_branches": 0, "covered_branches": 0, "missing_branches": 0}, "missing_lines": [], "excluded_lines": [19, 20], "executed_branches": [], "missing_branches": []}}, "classes": {"RedisCache": {"executed_lines": [73, 74, 75, 76, 77, 78, 79, 80, 111, 113, 115, 117, 119, 121, 132, 133, 134, 135, 136, 137, 138, 151, 153, 155, 157, 159, 161, 162, 163, 164, 165, 166, 167, 168, 170, 171, 180, 181, 185, 197, 209, 224, 225, 226, 228, 229, 231, 232, 234, 235, 236, 237, 239, 252, 253, 254, 256, 257, 259, 271, 272, 273, 285, 286, 301, 302, 303, 304, 306, 307, 308, 309, 310, 311, 313, 328, 329, 330, 336, 348, 349, 350, 362, 363, 364, 365, 366, 368, 370, 382, 384, 385, 386, 388, 400, 401, 403, 404], "summary": {"covered_lines": 98, "num_statements": 98, "percent_covered": 100.0, "percent_covered_display": "100", "missing_lines": 0, "excluded_lines": 0, "num_branches": 32, "num_partial_branches": 0, "covered_branches": 32, "missing_branches": 0}, "missing_lines": [], "excluded_lines": [], "executed_branches": [[111, 113], [111, 115], [115, 117], [115, 119], [151, 153], [151, 155], [155, 157], [155, 159], [159, 161], [159, 170], [165, 166], [165, 167], [167, 163], [167, 168], [180, -173], [180, 181], [228, 229], [228, 231], [235, 236], [235, 239], [256, 257], [256, 259], [308, 309], [308, 310], [310, 306], [310, 311], [363, 364], [363, 370], [365, 366], [365, 368], [384, 385], [384, 388]], "missing_branches": []}, "": {"executed_lines": [1, 7, 9, 10, 11, 12, 13, 14, 16, 17, 19, 23, 24, 54, 82, 140, 173, 187, 199, 211, 241, 261, 275, 288, 315, 338, 352, 372, 390], "summary": {"covered_lines": 26, "num_statements": 26, "percent_covered": 100.0, "percent_covered_display": "100", "missing_lines": 0, "excluded_lines": 2, "num_branches": 0, "num_partial_branches": 0, "covered_branches": 0, "missing_branches": 0}, "missing_lines": [], "excluded_lines": [19, 20], "executed_branches": [], "missing_branches": []}}}, "src/pydantic_flow/cache/sqlite.py": {"executed_lines": [1, 10, 12, 13, 14, 15, 16, 17, 19, 21, 22, 23, 26, 27, 38, 50, 51, 52, 53, 54, 55, 57, 59, 62, 63, 66, 67, 70, 84, 87, 91, 94, 96, 98, 101, 103, 104, 105, 106, 107, 109, 110, 111, 113, 123, 126, 127, 135, 136, 138, 139, 141, 142, 149, 150, 155, 157, 171, 174, 176, 177, 192, 194, 201, 204, 205, 209, 211, 221, 222, 224, 226, 229, 230, 231, 233, 243, 246, 247, 251, 252, 253, 255, 257, 264, 267, 269, 270, 278, 279, 280, 282, 284, 286, 287, 288, 289, 290, 291, 292, 297, 299, 300, 302, 304], "summary": {"covered_lines": 103, "num_statements": 115, "percent_covered": 82.51748251748252, "percent_covered_display": "83", "missing_lines": 12, "excluded_lines": 0, "num_branches": 28, "num_partial_branches": 13, "covered_branches": 15, "missing_branches": 13}, "missing_lines": [60, 99, 124, 152, 153, 172, 202, 227, 244, 265, 293, 295], "excluded_lines": [], "executed_branches": [[59, 62], [98, 101], [103, 104], [109, 110], [123, 126], [138, 139], [138, 141], [150, 155], [171, 174], [201, 204], [226, 229], [243, 246], [264, 267], [286, 287], [289, 290]], "missing_branches": [[59, 60], [98, 99], [103, 109], [109, -96], [123, 124], [150, 152], [171, 172], [201, 202], [226, 227], [243, 244], [264, 265], [286, -284], [289, 286]], "functions": {"SQLiteCache.__init__": {"executed_lines": [50, 51, 52, 53, 54, 55], "summary": {"covered_lines": 6, "num_statements": 6, "percent_covered": 100.0, "percent_covered_display": "100", "missing_lines": 0, "excluded_lines": 0, "num_branches": 0, "num_partial_branches": 0, "covered_branches": 0, "missing_branches": 0}, "missing_lines": [], "excluded_lines": [], "executed_branches": [], "missing_branches": []}, "SQLiteCache.start": {"executed_lines": [59, 62, 63, 66, 67, 70, 84, 87, 91, 94], "summary": {"covered_lines": 10, "num_statements": 11, "percent_covered": 84.61538461538461, "percent_covered_display": "85", "missing_lines": 1, "excluded_lines": 0, "num_branches": 2, "num_partial_branches": 1, "covered_branches": 1, "missing_branches": 1}, "missing_lines": [60], "excluded_lines": [], "executed_branches": [[59, 62]], "missing_branches": [[59, 60]]}, "SQLiteCache.stop": {"executed_lines": [98, 101, 103, 104, 105, 106, 107, 109, 110, 111], "summary": {"covered_lines": 10, "num_statements": 11, "percent_covered": 76.47058823529412, "percent_covered_display": "76", "missing_lines": 1, "excluded_lines": 0, "num_branches": 6, "num_partial_branches": 3, "covered_branches": 3, "missing_branches": 3}, "missing_lines": [99], "excluded_lines": [], "executed_branches": [[98, 101], [103, 104], [109, 110]], "missing_branches": [[98, 99], [103, 109], [109, -96]]}, "SQLiteCache.get": {"executed_lines": [123, 126, 127, 135, 136, 138, 139, 141, 142, 149, 150, 155], "summary": {"covered_lines": 12, "num_statements": 15, "percent_covered": 76.19047619047619, "percent_covered_display": "76", "missing_lines": 3, "excluded_lines": 0, "num_branches": 6, "num_partial_branches": 2, "covered_branches": 4, "missing_branches": 2}, "missing_lines": [124, 152, 153], "excluded_lines": [], "executed_branches": [[123, 126], [138, 139], [138, 141], [150, 155]], "missing_branches": [[123, 124], [150, 152]]}, "SQLiteCache.set": {"executed_lines": [171, 174, 176, 177, 192], "summary": {"covered_lines": 5, "num_statements": 6, "percent_covered": 75.0, "percent_covered_display": "75", "missing_lines": 1, "excluded_lines": 0, "num_branches": 2, "num_partial_branches": 1, "covered_branches": 1, "missing_branches": 1}, "missing_lines": [172], "excluded_lines": [], "executed_branches": [[171, 174]], "missing_branches": [[171, 172]]}, "SQLiteCache.delete": {"executed_lines": [201, 204, 205, 209], "summary": {"covered_lines": 4, "num_statements": 5, "percent_covered": 71.42857142857143, "percent_covered_display": "71", "missing_lines": 1, "excluded_lines": 0, "num_branches": 2, "num_partial_branches": 1, "covered_branches": 1, "missing_branches": 1}, "missing_lines": [202], "excluded_lines": [], "executed_branches": [[201, 204]], "missing_branches": [[201, 202]]}, "SQLiteCache.exists": {"executed_lines": [221, 222], "summary": {"covered_lines": 2, "num_statements": 2, "percent_covered": 100.0, "percent_covered_display": "100", "missing_lines": 0, "excluded_lines": 0, "num_branches": 0, "num_partial_branches": 0, "covered_branches": 0, "missing_branches": 0}, "missing_lines": [], "excluded_lines": [], "executed_branches": [], "missing_branches": []}, "SQLiteCache.clear": {"executed_lines": [226, 229, 230, 231], "summary": {"covered_lines": 4, "num_statements": 5, "percent_covered": 71.42857142857143, "percent_covered_display": "71", "missing_lines": 1, "excluded_lines": 0, "num_branches": 2, "num_partial_branches": 1, "covered_branches": 1, "missing_branches": 1}, "missing_lines": [227], "excluded_lines": [], "executed_branches": [[226, 229]], "missing_branches": [[226, 227]]}, "SQLiteCache.invalidate_namespace": {"executed_lines": [243, 246, 247, 251, 252, 253, 255], "summary": {"covered_lines": 7, "num_statements": 8, "percent_covered": 80.0, "percent_covered_display": "80", "missing_lines": 1, "excluded_lines": 0, "num_branches": 2, "num_partial_branches": 1, "covered_branches": 1, "missing_branches": 1}, "missing_lines": [244], "excluded_lines": [], "executed_branches": [[243, 246]], "missing_branches": [[243, 244]]}, "SQLiteCache._cleanup_expired": {"executed_lines": [264, 267, 269, 270, 278, 279, 280, 282], "summary": {"covered_lines": 8, "num_statements": 9, "percent_covered": 81.81818181818181, "percent_covered_display": "82", "missing_lines": 1, "excluded_lines": 0, "num_branches": 2, "num_partial_branches": 1, "covered_branches": 1, "missing_branches": 1}, "missing_lines": [265], "excluded_lines": [], "executed_branches": [[264, 267]], "missing_branches": [[264, 265]]}, "SQLiteCache._cleanup_loop": {"executed_lines": [286, 287, 288, 289, 290, 291, 292], "summary": {"covered_lines": 7, "num_statements": 9, "percent_covered": 69.23076923076923, "percent_covered_display": "69", "missing_lines": 2, "excluded_lines": 0, "num_branches": 4, "num_partial_branches": 2, "covered_branches": 2, "missing_branches": 2}, "missing_lines": [293, 295], "excluded_lines": [], "executed_branches": [[286, 287], [289, 290]], "missing_branches": [[286, -284], [289, 286]]}, "SQLiteCache.__aenter__": {"executed_lines": [299, 300], "summary": {"covered_lines": 2, "num_statements": 2, "percent_covered": 100.0, "percent_covered_display": "100", "missing_lines": 0, "excluded_lines": 0, "num_branches": 0, "num_partial_branches": 0, "covered_branches": 0, "missing_branches": 0}, "missing_lines": [], "excluded_lines": [], "executed_branches": [], "missing_branches": []}, "SQLiteCache.__aexit__": {"executed_lines": [304], "summary": {"covered_lines": 1, "num_statements": 1, "percent_covered": 100.0, "percent_covered_display": "100", "missing_lines": 0, "excluded_lines": 0, "num_branches": 0, "num_partial_branches": 0, "covered_branches": 0, "missing_branches": 0}, "missing_lines": [], "excluded_lines": [], "executed_branches": [], "missing_branches": []}, "": {"executed_lines": [1, 10, 12, 13, 14, 15, 16, 17, 19, 21, 22, 23, 26, 27, 38, 57, 96, 113, 157, 194, 211, 224, 233, 257, 284, 297, 302], "summary": {"covered_lines": 25, "num_statements": 25, "percent_covered": 100.0, "percent_covered_display": "100", "missing_lines": 0, "excluded_lines": 0, "num_branches": 0, "num_partial_branches": 0, "covered_branches": 0, "missing_branches": 0}, "missing_lines": [], "excluded_lines": [], "executed_branches": [], "missing_branches": []}}, "classes": {"SQLiteCache": {"executed_lines": [50, 51, 52, 53, 54, 55, 59, 62, 63, 66, 67, 70, 84, 87, 91, 94, 98, 101, 103, 104, 105, 106, 107, 109, 110, 111, 123, 126, 127, 135, 136, 138, 139, 141, 142, 149, 150, 155, 171, 174, 176, 177, 192, 201, 204, 205, 209, 221, 222, 226, 229, 230, 231, 243, 246, 247, 251, 252, 253, 255, 264, 267, 269, 270, 278, 279, 280, 282, 286, 287, 288, 289, 290, 291, 292, 299, 300, 304], "summary": {"covered_lines": 78, "num_statements": 90, "percent_covered": 78.8135593220339, "percent_covered_display": "79", "missing_lines": 12, "excluded_lines": 0, "num_branches": 28, "num_partial_branches": 13, "covered_branches": 15, "missing_branches": 13}, "missing_lines": [60, 99, 124, 152, 153, 172, 202, 227, 244, 265, 293, 295], "excluded_lines": [], "executed_branches": [[59, 62], [98, 101], [103, 104], [109, 110], [123, 126], [138, 139], [138, 141], [150, 155], [171, 174], [201, 204], [226, 229], [243, 246], [264, 267], [286, 287], [289, 290]], "missing_branches": [[59, 60], [98, 99], [103, 109], [109, -96], [123, 124], [150, 152], [171, 172], [201, 202], [226, 227], [243, 244], [264, 265], [286, -284], [289, 286]]}, "": {"executed_lines": [1, 10, 12, 13, 14, 15, 16, 17, 19, 21, 22, 23, 26, 27, 38, 57, 96, 113, 157, 194, 211, 224, 233, 257, 284, 297, 302], "summary": {"covered_lines": 25, "num_statements": 25, "percent_covered": 100.0, "percent_covered_display": "100", "missing_lines": 0, "excluded_lines": 0, "num_branches": 0, "num_partial_branches": 0, "covered_branches": 0, "missing_branches": 0}, "missing_lines": [], "excluded_lines": [], "executed_branches": [], "missing_branches": []}}}, "src/pydantic_flow/cache/stampede.py": {"executed_lines": [1, 7, 9, 10, 11, 12, 13, 15, 18, 19, 25, 27, 28, 30, 45, 46, 50, 51, 53, 54, 55, 56, 61, 62], "summary": {"covered_lines": 22, "num_statements": 27, "percent_covered": 79.3103448275862, "percent_covered_display": "79", "missing_lines": 5, "excluded_lines": 0, "num_branches": 2, "num_partial_branches": 1, "covered_branches": 1, "missing_branches": 1}, "missing_lines": [47, 48, 57, 58, 59], "excluded_lines": [], "executed_branches": [[46, 50]], "missing_branches": [[46, 47]], "functions": {"Singleflight.__init__": {"executed_lines": [27, 28], "summary": {"covered_lines": 2, "num_statements": 2, "percent_covered": 100.0, "percent_covered_display": "100", "missing_lines": 0, "excluded_lines": 0, "num_branches": 0, "num_partial_branches": 0, "covered_branches": 0, "missing_branches": 0}, "missing_lines": [], "excluded_lines": [], "executed_branches": [], "missing_branches": []}, "Singleflight.do": {"executed_lines": [45, 46, 50, 51, 53, 54, 55, 56, 61, 62], "summary": {"covered_lines": 10, "num_statements": 15, "percent_covered": 64.70588235294117, "percent_covered_display": "65", "missing_lines": 5, "excluded_lines": 0, "num_branches": 2, "num_partial_branches": 1, "covered_branches": 1, "missing_branches": 1}, "missing_lines": [47, 48, 57, 58, 59], "excluded_lines": [], "executed_branches": [[46, 50]], "missing_branches": [[46, 47]]}, "": {"executed_lines": [1, 7, 9, 10, 11, 12, 13, 15, 18, 19, 25, 30], "summary": {"covered_lines": 10, "num_statements": 10, "percent_covered": 100.0, "percent_covered_display": "100", "missing_lines": 0, "excluded_lines": 0, "num_branches": 0, "num_partial_branches": 0, "covered_branches": 0, "missing_branches": 0}, "missing_lines": [], "excluded_lines": [], "executed_branches": [], "missing_branches": []}}, "classes": {"Singleflight": {"executed_lines": [27, 28, 45, 46, 50, 51, 53, 54, 55, 56, 61, 62], "summary": {"covered_lines": 12, "num_statements": 17, "percent_covered": 68.42105263157895, "percent_covered_display": "68", "missing_lines": 5, "excluded_lines": 0, "num_branches": 2, "num_partial_branches": 1, "covered_branches": 1, "missing_branches": 1}, "missing_lines": [47, 48, 57, 58, 59], "excluded_lines": [], "executed_branches": [[46, 50]], "missing_branches": [[46, 47]]}, "": {"executed_lines": [1, 7, 9, 10, 11, 12, 13, 15, 18, 19, 25, 30], "summary": {"covered_lines": 10, "num_statements": 10, "percent_covered": 100.0, "percent_covered_display": "100", "missing_lines": 0, "excluded_lines": 0, "num_branches": 0, "num_partial_branches": 0, "covered_branches": 0, "missing_branches": 0}, "missing_lines": [], "excluded_lines": [], "executed_branches": [], "missing_branches": []}}}, "src/pydantic_flow/core/__init__.py": {"executed_lines": [1, 6, 7, 8, 9, 10, 11, 12, 13, 14, 15, 16, 17, 19], "summary": {"covered_lines": 13, "num_statements": 13, "percent_covered": 100.0, "percent_covered_display": "100", "missing_lines": 0, "excluded_lines": 0, "num_branches": 0, "num_partial_branches": 0, "covered_branches": 0, "missing_branches": 0}, "missing_lines": [], "excluded_lines": [], "executed_branches": [], "missing_branches": [], "functions": {"": {"executed_lines": [1, 6, 7, 8, 9, 10, 11, 12, 13, 14, 15, 16, 17, 19], "summary": {"covered_lines": 13, "num_statements": 13, "percent_covered": 100.0, "percent_covered_display": "100", "missing_lines": 0, "excluded_lines": 0, "num_branches": 0, "num_partial_branches": 0, "covered_branches": 0, "missing_branches": 0}, "missing_lines": [], "excluded_lines": [], "executed_branches": [], "missing_branches": []}}, "classes": {"": {"executed_lines": [1, 6, 7, 8, 9, 10, 11, 12, 13, 14, 15, 16, 17, 19], "summary": {"covered_lines": 13, "num_statements": 13, "percent_covered": 100.0, "percent_covered_display": "100", "missing_lines": 0, "excluded_lines": 0, "num_branches": 0, "num_partial_branches": 0, "covered_branches": 0, "missing_branches": 0}, "missing_lines": [], "excluded_lines": [], "executed_branches": [], "missing_branches": []}}}, "src/pydantic_flow/core/errors.py": {"executed_lines": [1, 9, 11, 12, 13, 14, 15, 17, 18, 20, 24, 25, 38, 39, 40, 41, 44, 45, 54, 56, 57, 58, 61, 62, 75, 76, 77, 78, 79, 80, 81, 84, 85, 88, 89, 96, 97, 106, 107, 113, 114, 125, 133, 134, 135], "summary": {"covered_lines": 35, "num_statements": 35, "percent_covered": 100.0, "percent_covered_display": "100", "missing_lines": 0, "excluded_lines": 2, "num_branches": 0, "num_partial_branches": 0, "covered_branches": 0, "missing_branches": 0}, "missing_lines": [], "excluded_lines": [20, 21], "executed_branches": [], "missing_branches": [], "functions": {"InterruptionRequested.__init__": {"executed_lines": [133, 134, 135], "summary": {"covered_lines": 3, "num_statements": 3, "percent_covered": 100.0, "percent_covered_display": "100", "missing_lines": 0, "excluded_lines": 0, "num_branches": 0, "num_partial_branches": 0, "covered_branches": 0, "missing_branches": 0}, "missing_lines": [], "excluded_lines": [], "executed_branches": [], "missing_branches": []}, "": {"executed_lines": [1, 9, 11, 12, 13, 14, 15, 17, 18, 20, 24, 25, 38, 39, 40, 41, 44, 45, 54, 56, 57, 58, 61, 62, 75, 76, 77, 78, 79, 80, 81, 84, 85, 88, 89, 96, 97, 106, 107, 113, 114, 125], "summary": {"covered_lines": 32, "num_statements": 32, "percent_covered": 100.0, "percent_covered_display": "100", "missing_lines": 0, "excluded_lines": 2, "num_branches": 0, "num_partial_branches": 0, "covered_branches": 0, "missing_branches": 0}, "missing_lines": [], "excluded_lines": [20, 21], "executed_branches": [], "missing_branches": []}}, "classes": {"HandlerPriority": {"executed_lines": [], "summary": {"covered_lines": 0, "num_statements": 0, "percent_covered": 100.0, "percent_covered_display": "100", "missing_lines": 0, "excluded_lines": 0, "num_branches": 0, "num_partial_branches": 0, "covered_branches": 0, "missing_branches": 0}, "missing_lines": [], "excluded_lines": [], "executed_branches": [], "missing_branches": []}, "InterruptHandlerRegistration": {"executed_lines": [], "summary": {"covered_lines": 0, "num_statements": 0, "percent_covered": 100.0, "percent_covered_display": "100", "missing_lines": 0, "excluded_lines": 0, "num_branches": 0, "num_partial_branches": 0, "covered_branches": 0, "missing_branches": 0}, "missing_lines": [], "excluded_lines": [], "executed_branches": [], "missing_branches": []}, "FlowCheckpoint": {"executed_lines": [], "summary": {"covered_lines": 0, "num_statements": 0, "percent_covered": 100.0, "percent_covered_display": "100", "missing_lines": 0, "excluded_lines": 0, "num_branches": 0, "num_partial_branches": 0, "covered_branches": 0, "missing_branches": 0}, "missing_lines": [], "excluded_lines": [], "executed_branches": [], "missing_branches": []}, "FlowError": {"executed_lines": [], "summary": {"covered_lines": 0, "num_statements": 0, "percent_covered": 100.0, "percent_covered_display": "100", "missing_lines": 0, "excluded_lines": 0, "num_branches": 0, "num_partial_branches": 0, "covered_branches": 0, "missing_branches": 0}, "missing_lines": [], "excluded_lines": [], "executed_branches": [], "missing_branches": []}, "RecursionLimitError": {"executed_lines": [], "summary": {"covered_lines": 0, "num_statements": 0, "percent_covered": 100.0, "percent_covered_display": "100", "missing_lines": 0, "excluded_lines": 0, "num_branches": 0, "num_partial_branches": 0, "covered_branches": 0, "missing_branches": 0}, "missing_lines": [], "excluded_lines": [], "executed_branches": [], "missing_branches": []}, "RoutingError": {"executed_lines": [], "summary": {"covered_lines": 0, "num_statements": 0, "percent_covered": 100.0, "percent_covered_display": "100", "missing_lines": 0, "excluded_lines": 0, "num_branches": 0, "num_partial_branches": 0, "covered_branches": 0, "missing_branches": 0}, "missing_lines": [], "excluded_lines": [], "executed_branches": [], "missing_branches": []}, "FlowTimeoutError": {"executed_lines": [], "summary": {"covered_lines": 0, "num_statements": 0, "percent_covered": 100.0, "percent_covered_display": "100", "missing_lines": 0, "excluded_lines": 0, "num_branches": 0, "num_partial_branches": 0, "covered_branches": 0, "missing_branches": 0}, "missing_lines": [], "excluded_lines": [], "executed_branches": [], "missing_branches": []}, "InterruptionRequested": {"executed_lines": [133, 134, 135], "summary": {"covered_lines": 3, "num_statements": 3, "percent_covered": 100.0, "percent_covered_display": "100", "missing_lines": 0, "excluded_lines": 0, "num_branches": 0, "num_partial_branches": 0, "covered_branches": 0, "missing_branches": 0}, "missing_lines": [], "excluded_lines": [], "executed_branches": [], "missing_branches": []}, "": {"executed_lines": [1, 9, 11, 12, 13, 14, 15, 17, 18, 20, 24, 25, 38, 39, 40, 41, 44, 45, 54, 56, 57, 58, 61, 62, 75, 76, 77, 78, 79, 80, 81, 84, 85, 88, 89, 96, 97, 106, 107, 113, 114, 125], "summary": {"covered_lines": 32, "num_statements": 32, "percent_covered": 100.0, "percent_covered_display": "100", "missing_lines": 0, "excluded_lines": 2, "num_branches": 0, "num_partial_branches": 0, "covered_branches": 0, "missing_branches": 0}, "missing_lines": [], "excluded_lines": [20, 21], "executed_branches": [], "missing_branches": []}}}, "src/pydantic_flow/core/routing.py": {"executed_lines": [1, 7, 8, 9, 10, 12, 15, 16, 23, 26, 27, 36, 39, 40, 41, 60], "summary": {"covered_lines": 13, "num_statements": 13, "percent_covered": 100.0, "percent_covered_display": "100", "missing_lines": 0, "excluded_lines": 2, "num_branches": 0, "num_partial_branches": 0, "covered_branches": 0, "missing_branches": 0}, "missing_lines": [], "excluded_lines": [70, 71], "executed_branches": [], "missing_branches": [], "functions": {"RouterFunction.__call__": {"executed_lines": [], "summary": {"covered_lines": 0, "num_statements": 0, "percent_covered": 100.0, "percent_covered_display": "100", "missing_lines": 0, "excluded_lines": 1, "num_branches": 0, "num_partial_branches": 0, "covered_branches": 0, "missing_branches": 0}, "missing_lines": [], "excluded_lines": [70], "executed_branches": [], "missing_branches": []}, "": {"executed_lines": [1, 7, 8, 9, 10, 12, 15, 16, 23, 26, 27, 36, 39, 40, 41, 60], "summary": {"covered_lines": 13, "num_statements": 13, "percent_covered": 100.0, "percent_covered_display": "100", "missing_lines": 0, "excluded_lines": 0, "num_branches": 0, "num_partial_branches": 0, "covered_branches": 0, "missing_branches": 0}, "missing_lines": [], "excluded_lines": [], "executed_branches": [], "missing_branches": []}}, "classes": {"Route": {"executed_lines": [], "summary": {"covered_lines": 0, "num_statements": 0, "percent_covered": 100.0, "percent_covered_display": "100", "missing_lines": 0, "excluded_lines": 0, "num_branches": 0, "num_partial_branches": 0, "covered_branches": 0, "missing_branches": 0}, "missing_lines": [], "excluded_lines": [], "executed_branches": [], "missing_branches": []}, "RouterFunction": {"executed_lines": [], "summary": {"covered_lines": 0, "num_statements": 0, "percent_covered": 100.0, "percent_covered_display": "100", "missing_lines": 0, "excluded_lines": 1, "num_branches": 0, "num_partial_branches": 0, "covered_branches": 0, "missing_branches": 0}, "missing_lines": [], "excluded_lines": [70], "executed_branches": [], "missing_branches": []}, "": {"executed_lines": [1, 7, 8, 9, 10, 12, 15, 16, 23, 26, 27, 36, 39, 40, 41, 60], "summary": {"covered_lines": 13, "num_statements": 13, "percent_covered": 100.0, "percent_covered_display": "100", "missing_lines": 0, "excluded_lines": 0, "num_branches": 0, "num_partial_branches": 0, "covered_branches": 0, "missing_branches": 0}, "missing_lines": [], "excluded_lines": [], "executed_branches": [], "missing_branches": []}}}, "src/pydantic_flow/core/run_config.py": {"executed_lines": [1, 7, 8, 11, 12, 26, 27, 28, 29], "summary": {"covered_lines": 7, "num_statements": 7, "percent_covered": 100.0, "percent_covered_display": "100", "missing_lines": 0, "excluded_lines": 0, "num_branches": 0, "num_partial_branches": 0, "covered_branches": 0, "missing_branches": 0}, "missing_lines": [], "excluded_lines": [], "executed_branches": [], "missing_branches": [], "functions": {"": {"executed_lines": [1, 7, 8, 11, 12, 26, 27, 28, 29], "summary": {"covered_lines": 7, "num_statements": 7, "percent_covered": 100.0, "percent_covered_display": "100", "missing_lines": 0, "excluded_lines": 0, "num_branches": 0, "num_partial_branches": 0, "covered_branches": 0, "missing_branches": 0}, "missing_lines": [], "excluded_lines": [], "executed_branches": [], "missing_branches": []}}, "classes": {"RunConfig": {"executed_lines": [], "summary": {"covered_lines": 0, "num_statements": 0, "percent_covered": 100.0, "percent_covered_display": "100", "missing_lines": 0, "excluded_lines": 0, "num_branches": 0, "num_partial_branches": 0, "covered_branches": 0, "missing_branches": 0}, "missing_lines": [], "excluded_lines": [], "executed_branches": [], "missing_branches": []}, "": {"executed_lines": [1, 7, 8, 11, 12, 26, 27, 28, 29], "summary": {"covered_lines": 7, "num_statements": 7, "percent_covered": 100.0, "percent_covered_display": "100", "missing_lines": 0, "excluded_lines": 0, "num_branches": 0, "num_partial_branches": 0, "covered_branches": 0, "missing_branches": 0}, "missing_lines": [], "excluded_lines": [], "executed_branches": [], "missing_branches": []}}}, "src/pydantic_flow/engine/__init__.py": {"executed_lines": [1, 7, 9], "summary": {"covered_lines": 2, "num_statements": 2, "percent_covered": 100.0, "percent_covered_display": "100", "missing_lines": 0, "excluded_lines": 0, "num_branches": 0, "num_partial_branches": 0, "covered_branches": 0, "missing_branches": 0}, "missing_lines": [], "excluded_lines": [], "executed_branches": [], "missing_branches": [], "functions": {"": {"executed_lines": [1, 7, 9], "summary": {"covered_lines": 2, "num_statements": 2, "percent_covered": 100.0, "percent_covered_display": "100", "missing_lines": 0, "excluded_lines": 0, "num_branches": 0, "num_partial_branches": 0, "covered_branches": 0, "missing_branches": 0}, "missing_lines": [], "excluded_lines": [], "executed_branches": [], "missing_branches": []}}, "classes": {"": {"executed_lines": [1, 7, 9], "summary": {"covered_lines": 2, "num_statements": 2, "percent_covered": 100.0, "percent_covered_display": "100", "missing_lines": 0, "excluded_lines": 0, "num_branches": 0, "num_partial_branches": 0, "covered_branches": 0, "missing_branches": 0}, "missing_lines": [], "excluded_lines": [], "executed_branches": [], "missing_branches": []}}}, "src/pydantic_flow/engine/stepper.py": {"executed_lines": [1, 7, 8, 9, 10, 11, 13, 14, 15, 17, 18, 19, 20, 21, 22, 23, 24, 25, 26, 27, 28, 29, 32, 33, 44, 45, 46, 47, 48, 51, 52, 62, 77, 78, 79, 82, 83, 97, 98, 99, 100, 101, 102, 103, 104, 106, 108, 109, 111, 113, 114, 118, 127, 130, 131, 138, 145, 146, 147, 148, 149, 150, 151, 152, 154, 175, 176, 178, 180, 181, 182, 183, 184, 186, 187, 188, 190, 191, 193, 194, 196, 197, 198, 205, 207, 208, 210, 211, 213, 221, 223, 229, 237, 247, 256, 264, 266, 267, 270, 271, 273, 285, 287, 289, 290, 292, 293, 295, 306, 311, 321, 324, 326, 332, 333, 335, 336, 337, 339, 340, 341, 344, 345, 347, 349, 355, 356, 358, 360, 361, 363, 364, 365, 366, 367, 369, 371, 377, 386, 388, 389, 390, 391, 394, 399, 401, 402, 403, 404], "summary": {"covered_lines": 135, "num_statements": 176, "percent_covered": 72.6086956521739, "percent_covered_display": "73", "missing_lines": 41, "excluded_lines": 0, "num_branches": 54, "num_partial_branches": 14, "covered_branches": 32, "missing_branches": 22}, "missing_lines": [115, 116, 119, 120, 121, 125, 215, 216, 217, 218, 219, 224, 225, 226, 227, 238, 239, 240, 245, 248, 249, 250, 254, 275, 307, 308, 312, 313, 314, 315, 316, 317, 322, 378, 379, 383, 384, 392, 393, 396, 397], "excluded_lines": [], "executed_branches": [[114, 118], [118, 127], [175, 176], [187, 188], [187, 213], [197, 198], [207, 208], [207, 210], [223, -221], [237, 247], [247, -229], [273, 285], [292, -256], [292, 293], [306, 311], [311, 321], [321, 324], [335, 336], [335, 347], [339, 335], [339, 340], [340, 339], [340, 341], [363, 364], [363, 369], [365, 366], [365, 367], [377, 386], [388, 389], [388, 390], [390, 391], [391, 394]], "missing_branches": [[114, 115], [118, 119], [120, 118], [120, 121], [175, 178], [197, 207], [223, 224], [237, 238], [247, 248], [249, -229], [249, 250], [273, 275], [306, 307], [311, 312], [314, 315], [314, 317], [321, 322], [377, 378], [378, 379], [378, 384], [390, 396], [391, 392]], "functions": {"ConditionalEdge.__init__": {"executed_lines": [77, 78, 79], "summary": {"covered_lines": 3, "num_statements": 3, "percent_covered": 100.0, "percent_covered_display": "100", "missing_lines": 0, "excluded_lines": 0, "num_branches": 0, "num_partial_branches": 0, "covered_branches": 0, "missing_branches": 0}, "missing_lines": [], "excluded_lines": [], "executed_branches": [], "missing_branches": []}, "EngineConfig.validate_references": {"executed_lines": [111, 113, 114, 118, 127], "summary": {"covered_lines": 5, "num_statements": 11, "percent_covered": 41.1764705882353, "percent_covered_display": "41", "missing_lines": 6, "excluded_lines": 0, "num_branches": 6, "num_partial_branches": 2, "covered_branches": 2, "missing_branches": 4}, "missing_lines": [115, 116, 119, 120, 121, 125], "excluded_lines": [], "executed_branches": [[114, 118], [118, 127]], "missing_branches": [[114, 115], [118, 119], [120, 118], [120, 121]]}, "StepperEngine.__init__": {"executed_lines": [145, 146, 147, 148, 149, 150, 151, 152], "summary": {"covered_lines": 8, "num_statements": 8, "percent_covered": 100.0, "percent_covered_display": "100", "missing_lines": 0, "excluded_lines": 0, "num_branches": 0, "num_partial_branches": 0, "covered_branches": 0, "missing_branches": 0}, "missing_lines": [], "excluded_lines": [], "executed_branches": [], "missing_branches": []}, "StepperEngine.invoke": {"executed_lines": [175, 176, 178, 180, 181, 182, 183, 184, 186, 187, 188, 190, 191, 193, 194, 196, 197, 198, 205, 207, 208, 210, 211, 213], "summary": {"covered_lines": 24, "num_statements": 29, "percent_covered": 81.08108108108108, "percent_covered_display": "81", "missing_lines": 5, "excluded_lines": 0, "num_branches": 8, "num_partial_branches": 2, "covered_branches": 6, "missing_branches": 2}, "missing_lines": [215, 216, 217, 218, 219], "excluded_lines": [], "executed_branches": [[175, 176], [187, 188], [187, 213], [197, 198], [207, 208], [207, 210]], "missing_branches": [[175, 178], [197, 207]]}, "StepperEngine._validate_input_type": {"executed_lines": [223], "summary": {"covered_lines": 1, "num_statements": 5, "percent_covered": 28.571428571428573, "percent_covered_display": "29", "missing_lines": 4, "excluded_lines": 0, "num_branches": 2, "num_partial_branches": 1, "covered_branches": 1, "missing_branches": 1}, "missing_lines": [224, 225, 226, 227], "excluded_lines": [], "executed_branches": [[223, -221]], "missing_branches": [[223, 224]]}, "StepperEngine._check_limits": {"executed_lines": [237, 247], "summary": {"covered_lines": 2, "num_statements": 10, "percent_covered": 25.0, "percent_covered_display": "25", "missing_lines": 8, "excluded_lines": 0, "num_branches": 6, "num_partial_branches": 2, "covered_branches": 2, "missing_branches": 4}, "missing_lines": [238, 239, 240, 245, 248, 249, 250, 254], "excluded_lines": [], "executed_branches": [[237, 247], [247, -229]], "missing_branches": [[237, 238], [247, 248], [249, -229], [249, 250]]}, "StepperEngine._execute_frontier": {"executed_lines": [264, 289, 290, 292, 293], "summary": {"covered_lines": 5, "num_statements": 5, "percent_covered": 100.0, "percent_covered_display": "100", "missing_lines": 0, "excluded_lines": 0, "num_branches": 2, "num_partial_branches": 0, "covered_branches": 2, "missing_branches": 0}, "missing_lines": [], "excluded_lines": [], "executed_branches": [[292, -256], [292, 293]], "missing_branches": []}, "StepperEngine._execute_frontier.execute_node": {"executed_lines": [266, 267, 270, 271, 273, 285, 287], "summary": {"covered_lines": 7, "num_statements": 8, "percent_covered": 80.0, "percent_covered_display": "80", "missing_lines": 1, "excluded_lines": 0, "num_branches": 2, "num_partial_branches": 1, "covered_branches": 1, "missing_branches": 1}, "missing_lines": [275], "excluded_lines": [], "executed_branches": [[273, 285]], "missing_branches": [[273, 275]]}, "StepperEngine._get_node_input": {"executed_lines": [306, 311, 321, 324], "summary": {"covered_lines": 4, "num_statements": 13, "percent_covered": 33.333333333333336, "percent_covered_display": "33", "missing_lines": 9, "excluded_lines": 0, "num_branches": 8, "num_partial_branches": 3, "covered_branches": 3, "missing_branches": 5}, "missing_lines": [307, 308, 312, 313, 314, 315, 316, 317, 322], "excluded_lines": [], "executed_branches": [[306, 311], [311, 321], [321, 324]], "missing_branches": [[306, 307], [311, 312], [314, 315], [314, 317], [321, 322]]}, "StepperEngine._route_next": {"executed_lines": [332, 333, 335, 336, 337, 339, 340, 341, 344, 345, 347], "summary": {"covered_lines": 11, "num_statements": 11, "percent_covered": 100.0, "percent_covered_display": "100", "missing_lines": 0, "excluded_lines": 0, "num_branches": 6, "num_partial_branches": 0, "covered_branches": 6, "missing_branches": 0}, "missing_lines": [], "excluded_lines": [], "executed_branches": [[335, 336], [335, 347], [339, 335], [339, 340], [340, 339], [340, 341]], "missing_branches": []}, "StepperEngine._apply_conditional_edge": {"executed_lines": [355, 356, 358, 360, 361, 363, 364, 365, 366, 367, 369], "summary": {"covered_lines": 11, "num_statements": 11, "percent_covered": 100.0, "percent_covered_display": "100", "missing_lines": 0, "excluded_lines": 0, "num_branches": 4, "num_partial_branches": 0, "covered_branches": 4, "missing_branches": 0}, "missing_lines": [], "excluded_lines": [], "executed_branches": [[363, 364], [363, 369], [365, 366], [365, 367]], "missing_branches": []}, "StepperEngine._resolve_outcome": {"executed_lines": [377, 386, 388, 389, 390, 391, 394], "summary": {"covered_lines": 7, "num_statements": 15, "percent_covered": 48.0, "percent_covered_display": "48", "missing_lines": 8, "excluded_lines": 0, "num_branches": 10, "num_partial_branches": 3, "covered_branches": 5, "missing_branches": 5}, "missing_lines": [378, 379, 383, 384, 392, 393, 396, 397], "excluded_lines": [], "executed_branches": [[377, 386], [388, 389], [388, 390], [390, 391], [391, 394]], "missing_branches": [[377, 378], [378, 379], [378, 384], [390, 396], [391, 392]]}, "StepperEngine._build_state": {"executed_lines": [401, 402, 403, 404], "summary": {"covered_lines": 4, "num_statements": 4, "percent_covered": 100.0, "percent_covered_display": "100", "missing_lines": 0, "excluded_lines": 0, "num_branches": 0, "num_partial_branch
[...]
d": 100.0, "percent_covered_display": "100", "missing_lines": 0, "excluded_lines": 0, "num_branches": 0, "num_partial_branches": 0, "covered_branches": 0, "missing_branches": 0}, "missing_lines": [], "excluded_lines": [], "executed_branches": [], "missing_branches": []}, "ToolArgProgress": {"executed_lines": [], "summary": {"covered_lines": 0, "num_statements": 0, "percent_covered": 100.0, "percent_covered_display": "100", "missing_lines": 0, "excluded_lines": 0, "num_branches": 0, "num_partial_branches": 0, "covered_branches": 0, "missing_branches": 0}, "missing_lines": [], "excluded_lines": [], "executed_branches": [], "missing_branches": []}, "ToolResult": {"executed_lines": [], "summary": {"covered_lines": 0, "num_statements": 0, "percent_covered": 100.0, "percent_covered_display": "100", "missing_lines": 0, "excluded_lines": 0, "num_branches": 0, "num_partial_branches": 0, "covered_branches": 0, "missing_branches": 0}, "missing_lines": [], "excluded_lines": [], "executed_branches": [], "missing_branches": []}, "RetrievalItem": {"executed_lines": [], "summary": {"covered_lines": 0, "num_statements": 0, "percent_covered": 100.0, "percent_covered_display": "100", "missing_lines": 0, "excluded_lines": 0, "num_branches": 0, "num_partial_branches": 0, "covered_branches": 0, "missing_branches": 0}, "missing_lines": [], "excluded_lines": [], "executed_branches": [], "missing_branches": []}, "NonFatalError": {"executed_lines": [], "summary": {"covered_lines": 0, "num_statements": 0, "percent_covered": 100.0, "percent_covered_display": "100", "missing_lines": 0, "excluded_lines": 0, "num_branches": 0, "num_partial_branches": 0, "covered_branches": 0, "missing_branches": 0}, "missing_lines": [], "excluded_lines": [], "executed_branches": [], "missing_branches": []}, "StreamEnd": {"executed_lines": [], "summary": {"covered_lines": 0, "num_statements": 0, "percent_covered": 100.0, "percent_covered_display": "100", "missing_lines": 0, "excluded_lines": 0, "num_branches": 0, "num_partial_branches": 0, "covered_branches": 0, "missing_branches": 0}, "missing_lines": [], "excluded_lines": [], "executed_branches": [], "missing_branches": []}, "Heartbeat": {"executed_lines": [], "summary": {"covered_lines": 0, "num_statements": 0, "percent_covered": 100.0, "percent_covered_display": "100", "missing_lines": 0, "excluded_lines": 0, "num_branches": 0, "num_partial_branches": 0, "covered_branches": 0, "missing_branches": 0}, "missing_lines": [], "excluded_lines": [], "executed_branches": [], "missing_branches": []}, "MemoryCompressionPending": {"executed_lines": [], "summary": {"covered_lines": 0, "num_statements": 0, "percent_covered": 100.0, "percent_covered_display": "100", "missing_lines": 0, "excluded_lines": 0, "num_branches": 0, "num_partial_branches": 0, "covered_branches": 0, "missing_branches": 0}, "missing_lines": [], "excluded_lines": [], "executed_branches": [], "missing_branches": []}, "MemoryCompressionComplete": {"executed_lines": [], "summary": {"covered_lines": 0, "num_statements": 0, "percent_covered": 100.0, "percent_covered_display": "100", "missing_lines": 0, "excluded_lines": 0, "num_branches": 0, "num_partial_branches": 0, "covered_branches": 0, "missing_branches": 0}, "missing_lines": [], "excluded_lines": [], "executed_branches": [], "missing_branches": []}, "CacheHit": {"executed_lines": [], "summary": {"covered_lines": 0, "num_statements": 0, "percent_covered": 100.0, "percent_covered_display": "100", "missing_lines": 0, "excluded_lines": 0, "num_branches": 0, "num_partial_branches": 0, "covered_branches": 0, "missing_branches": 0}, "missing_lines": [], "excluded_lines": [], "executed_branches": [], "missing_branches": []}, "CacheMiss": {"executed_lines": [], "summary": {"covered_lines": 0, "num_statements": 0, "percent_covered": 100.0, "percent_covered_display": "100", "missing_lines": 0, "excluded_lines": 0, "num_branches": 0, "num_partial_branches": 0, "covered_branches": 0, "missing_branches": 0}, "missing_lines": [], "excluded_lines": [], "executed_branches": [], "missing_branches": []}, "CacheWrite": {"executed_lines": [], "summary": {"covered_lines": 0, "num_statements": 0, "percent_covered": 100.0, "percent_covered_display": "100", "missing_lines": 0, "excluded_lines": 0, "num_branches": 0, "num_partial_branches": 0, "covered_branches": 0, "missing_branches": 0}, "missing_lines": [], "excluded_lines": [], "executed_branches": [], "missing_branches": []}, "CacheError": {"executed_lines": [], "summary": {"covered_lines": 0, "num_statements": 0, "percent_covered": 100.0, "percent_covered_display": "100", "missing_lines": 0, "excluded_lines": 0, "num_branches": 0, "num_partial_branches": 0, "covered_branches": 0, "missing_branches": 0}, "missing_lines": [], "excluded_lines": [], "executed_branches": [], "missing_branches": []}, "": {"executed_lines": [1, 9, 10, 11, 12, 13, 14, 15, 17, 18, 20, 25, 26, 36, 37, 38, 39, 41, 42, 54, 55, 79, 80, 101, 102, 103, 104, 105, 106, 107, 108, 109, 110, 111, 112, 113, 114, 115, 116, 117, 120, 121, 135, 137, 138, 139, 140, 141, 145, 156, 168, 171, 172, 179, 180, 183, 184, 192, 193, 194, 197, 198, 208, 209, 212, 213, 221, 222, 223, 226, 227, 236, 237, 238, 239, 242, 243, 253, 254, 255, 256, 257, 260, 261, 271, 272, 273, 274, 275, 278, 279, 287, 288, 289, 292, 293, 300, 301, 304, 305, 312, 313, 316, 317, 348, 349, 350, 351, 352, 353, 356, 357, 390, 391, 392, 395, 396, 406, 407, 408, 409, 412, 413, 422, 423, 424, 427, 428, 438, 439, 440, 441, 444, 445, 455, 456, 457, 458], "summary": {"covered_lines": 101, "num_statements": 101, "percent_covered": 100.0, "percent_covered_display": "100", "missing_lines": 0, "excluded_lines": 2, "num_branches": 0, "num_partial_branches": 0, "covered_branches": 0, "missing_branches": 0}, "missing_lines": [], "excluded_lines": [20, 21], "executed_branches": [], "missing_branches": []}}}, "src/pydantic_flow/streaming/helpers.py": {"executed_lines": [1, 3, 4, 6, 7, 8, 9, 12, 24, 25, 26, 29, 44, 45, 46, 49, 59, 60, 61, 62, 63, 66, 76, 77, 78, 79, 80], "summary": {"covered_lines": 26, "num_statements": 26, "percent_covered": 100.0, "percent_covered_display": "100", "missing_lines": 0, "excluded_lines": 0, "num_branches": 16, "num_partial_branches": 0, "covered_branches": 16, "missing_branches": 0}, "missing_lines": [], "excluded_lines": [], "executed_branches": [[24, -12], [24, 25], [25, 24], [25, 26], [44, -29], [44, 45], [45, 44], [45, 46], [60, 61], [60, 63], [61, 60], [61, 62], [77, 78], [77, 80], [78, 77], [78, 79]], "missing_branches": [], "functions": {"iter_tokens": {"executed_lines": [24, 25, 26], "summary": {"covered_lines": 3, "num_statements": 3, "percent_covered": 100.0, "percent_covered_display": "100", "missing_lines": 0, "excluded_lines": 0, "num_branches": 4, "num_partial_branches": 0, "covered_branches": 4, "missing_branches": 0}, "missing_lines": [], "excluded_lines": [], "executed_branches": [[24, -12], [24, 25], [25, 24], [25, 26]], "missing_branches": []}, "iter_fields": {"executed_lines": [44, 45, 46], "summary": {"covered_lines": 3, "num_statements": 3, "percent_covered": 100.0, "percent_covered_display": "100", "missing_lines": 0, "excluded_lines": 0, "num_branches": 4, "num_partial_branches": 0, "covered_branches": 4, "missing_branches": 0}, "missing_lines": [], "excluded_lines": [], "executed_branches": [[44, -29], [44, 45], [45, 44], [45, 46]], "missing_branches": []}, "collect_final_result": {"executed_lines": [59, 60, 61, 62, 63], "summary": {"covered_lines": 5, "num_statements": 5, "percent_covered": 100.0, "percent_covered_display": "100", "missing_lines": 0, "excluded_lines": 0, "num_branches": 4, "num_partial_branches": 0, "covered_branches": 4, "missing_branches": 0}, "missing_lines": [], "excluded_lines": [], "executed_branches": [[60, 61], [60, 63], [61, 60], [61, 62]], "missing_branches": []}, "collect_all_tokens": {"executed_lines": [76, 77, 78, 79, 80], "summary": {"covered_lines": 5, "num_statements": 5, "percent_covered": 100.0, "percent_covered_display": "100", "missing_lines": 0, "excluded_lines": 0, "num_branches": 4, "num_partial_branches": 0, "covered_branches": 4, "missing_branches": 0}, "missing_lines": [], "excluded_lines": [], "executed_branches": [[77, 78], [77, 80], [78, 77], [78, 79]], "missing_branches": []}, "": {"executed_lines": [1, 3, 4, 6, 7, 8, 9, 12, 29, 49, 66], "summary": {"covered_lines": 10, "num_statements": 10, "percent_covered": 100.0, "percent_covered_display": "100", "missing_lines": 0, "excluded_lines": 0, "num_branches": 0, "num_partial_branches": 0, "covered_branches": 0, "missing_branches": 0}, "missing_lines": [], "excluded_lines": [], "executed_branches": [], "missing_branches": []}}, "classes": {"": {"executed_lines": [1, 3, 4, 6, 7, 8, 9, 12, 24, 25, 26, 29, 44, 45, 46, 49, 59, 60, 61, 62, 63, 66, 76, 77, 78, 79, 80], "summary": {"covered_lines": 26, "num_statements": 26, "percent_covered": 100.0, "percent_covered_display": "100", "missing_lines": 0, "excluded_lines": 0, "num_branches": 16, "num_partial_branches": 0, "covered_branches": 16, "missing_branches": 0}, "missing_lines": [], "excluded_lines": [], "executed_branches": [[24, -12], [24, 25], [25, 24], [25, 26], [44, -29], [44, 45], [45, 44], [45, 46], [60, 61], [60, 63], [61, 60], [61, 62], [77, 78], [77, 80], [78, 77], [78, 79]], "missing_branches": []}}}, "src/pydantic_flow/streaming/observers.py": {"executed_lines": [1, 7, 8, 9, 11, 13, 14, 15, 16, 17, 18, 19, 20, 21, 24, 48, 51, 53, 57, 58, 59, 60, 63, 66, 72, 75, 76, 77, 78, 84, 87, 91, 92, 93, 95, 96, 98, 101, 102, 105, 112, 113, 115, 116, 118, 124, 126, 132, 136, 139, 157, 158, 159], "summary": {"covered_lines": 52, "num_statements": 55, "percent_covered": 90.14084507042253, "percent_covered_display": "90", "missing_lines": 3, "excluded_lines": 0, "num_branches": 16, "num_partial_branches": 4, "covered_branches": 12, "missing_branches": 4}, "missing_lines": [107, 109, 114], "excluded_lines": [], "executed_branches": [[57, 58], [77, 78], [77, 87], [92, 93], [92, 112], [96, 98], [101, 102], [101, 105], [113, 115], [115, 116], [158, -139], [158, 159]], "missing_branches": [[57, -53], [96, 112], [113, 114], [115, 118]], "functions": {"observe_agent_stream": {"executed_lines": [48, 51, 53, 63, 66, 72, 75, 76, 77, 78, 84, 87, 91, 92, 93, 95, 96, 98, 101, 102, 105, 112, 113, 115, 116, 118, 124, 126, 132, 136], "summary": {"covered_lines": 30, "num_statements": 33, "percent_covered": 86.66666666666667, "percent_covered_display": "87", "missing_lines": 3, "excluded_lines": 0, "num_branches": 12, "num_partial_branches": 3, "covered_branches": 9, "missing_branches": 3}, "missing_lines": [107, 109, 114], "excluded_lines": [], "executed_branches": [[77, 78], [77, 87], [92, 93], [92, 112], [96, 98], [101, 102], [101, 105], [113, 115], [115, 116]], "missing_branches": [[96, 112], [113, 114], [115, 118]]}, "observe_agent_stream.emit_memory_event": {"executed_lines": [57, 58, 59, 60], "summary": {"covered_lines": 4, "num_statements": 4, "percent_covered": 83.33333333333333, "percent_covered_display": "83", "missing_lines": 0, "excluded_lines": 0, "num_branches": 2, "num_partial_branches": 1, "covered_branches": 1, "missing_branches": 1}, "missing_lines": [], "excluded_lines": [], "executed_branches": [[57, 58]], "missing_branches": [[57, -53]]}, "stream_agent_text": {"executed_lines": [157, 158, 159], "summary": {"covered_lines": 3, "num_statements": 3, "percent_covered": 100.0, "percent_covered_display": "100", "missing_lines": 0, "excluded_lines": 0, "num_branches": 2, "num_partial_branches": 0, "covered_branches": 2, "missing_branches": 0}, "missing_lines": [], "excluded_lines": [], "executed_branches": [[158, -139], [158, 159]], "missing_branches": []}, "": {"executed_lines": [1, 7, 8, 9, 11, 13, 14, 15, 16, 17, 18, 19, 20, 21, 24, 139], "summary": {"covered_lines": 15, "num_statements": 15, "percent_covered": 100.0, "percent_covered_display": "100", "missing_lines": 0, "excluded_lines": 0, "num_branches": 0, "num_partial_branches": 0, "covered_branches": 0, "missing_branches": 0}, "missing_lines": [], "excluded_lines": [], "executed_branches": [], "missing_branches": []}}, "classes": {"": {"executed_lines": [1, 7, 8, 9, 11, 13, 14, 15, 16, 17, 18, 19, 20, 21, 24, 48, 51, 53, 57, 58, 59, 60, 63, 66, 72, 75, 76, 77, 78, 84, 87, 91, 92, 93, 95, 96, 98, 101, 102, 105, 112, 113, 115, 116, 118, 124, 126, 132, 136, 139, 157, 158, 159], "summary": {"covered_lines": 52, "num_statements": 55, "percent_covered": 90.14084507042253, "percent_covered_display": "90", "missing_lines": 3, "excluded_lines": 0, "num_branches": 16, "num_partial_branches": 4, "covered_branches": 12, "missing_branches": 4}, "missing_lines": [107, 109, 114], "excluded_lines": [], "executed_branches": [[57, 58], [77, 78], [77, 87], [92, 93], [92, 112], [96, 98], [101, 102], [101, 105], [113, 115], [115, 116], [158, -139], [158, 159]], "missing_branches": [[57, -53], [96, 112], [113, 114], [115, 118]]}}}, "src/pydantic_flow/streaming/parser.py": {"executed_lines": [1, 7, 8, 9, 10, 12, 13, 15, 16, 18, 21, 22, 28, 35, 36, 37, 39, 53, 54, 57, 58, 59, 60, 63, 64, 65, 66, 68, 73, 75, 83, 84, 85, 88, 89, 90, 91, 92, 94, 96, 106, 107, 108, 109, 110, 111, 112, 114, 124, 127, 128, 129, 130, 131, 134, 135, 137, 139, 149, 150, 151, 152, 153, 154, 155, 157, 168, 169, 171, 172, 173, 175, 176, 177, 180, 183, 198, 199, 200], "summary": {"covered_lines": 77, "num_statements": 77, "percent_covered": 99.06542056074767, "percent_covered_display": "99", "missing_lines": 0, "excluded_lines": 0, "num_branches": 30, "num_partial_branches": 1, "covered_branches": 29, "missing_branches": 1}, "missing_lines": [], "excluded_lines": [], "executed_branches": [[53, 54], [58, 53], [58, 59], [84, 85], [84, 88], [89, 90], [89, 94], [91, 92], [91, 94], [108, 109], [108, 112], [127, 128], [127, 134], [130, 131], [130, 134], [134, 135], [134, 137], [150, 151], [150, 155], [153, 150], [153, 154], [169, 171], [169, 175], [172, 173], [172, 175], [175, 176], [175, 180], [199, -183], [199, 200]], "missing_branches": [[53, 63]], "functions": {"StreamingParser.__init__": {"executed_lines": [35, 36, 37], "summary": {"covered_lines": 3, "num_statements": 3, "percent_covered": 100.0, "percent_covered_display": "100", "missing_lines": 0, "excluded_lines": 0, "num_branches": 0, "num_partial_branches": 0, "covered_branches": 0, "missing_branches": 0}, "missing_lines": [], "excluded_lines": [], "executed_branches": [], "missing_branches": []}, "StreamingParser.astream_parse": {"executed_lines": [53, 54, 57, 58, 59, 60, 63, 64, 65, 66, 68, 73], "summary": {"covered_lines": 12, "num_statements": 12, "percent_covered": 93.75, "percent_covered_display": "94", "missing_lines": 0, "excluded_lines": 0, "num_branches": 4, "num_partial_branches": 1, "covered_branches": 3, "missing_branches": 1}, "missing_lines": [], "excluded_lines": [], "executed_branches": [[53, 54], [58, 53], [58, 59]], "missing_branches": [[53, 63]]}, "StreamingParser._try_extract_fields": {"executed_lines": [83, 84, 85, 88, 89, 90, 91, 92, 94], "summary": {"covered_lines": 9, "num_statements": 9, "percent_covered": 100.0, "percent_covered_display": "100", "missing_lines": 0, "excluded_lines": 0, "num_branches": 6, "num_partial_branches": 0, "covered_branches": 6, "missing_branches": 0}, "missing_lines": [], "excluded_lines": [], "executed_branches": [[84, 85], [84, 88], [89, 90], [89, 94], [91, 92], [91, 94]], "missing_branches": []}, "StreamingParser._try_parse_json": {"executed_lines": [106, 107, 108, 109, 110, 111, 112], "summary": {"covered_lines": 7, "num_statements": 7, "percent_covered": 100.0, "percent_covered_display": "100", "missing_lines": 0, "excluded_lines": 0, "num_branches": 2, "num_partial_branches": 0, "covered_branches": 2, "missing_branches": 0}, "missing_lines": [], "excluded_lines": [], "executed_branches": [[108, 109], [108, 112]], "missing_branches": []}, "StreamingParser._repair_json": {"executed_lines": [124, 127, 128, 129, 130, 131, 134, 135, 137], "summary": {"covered_lines": 9, "num_statements": 9, "percent_covered": 100.0, "percent_covered_display": "100", "missing_lines": 0, "excluded_lines": 0, "num_branches": 6, "num_partial_branches": 0, "covered_branches": 6, "missing_branches": 0}, "missing_lines": [], "excluded_lines": [], "executed_branches": [[127, 128], [127, 134], [130, 131], [130, 134], [134, 135], [134, 137]], "missing_branches": []}, "StreamingParser._diff_fields": {"executed_lines": [149, 150, 151, 152, 153, 154, 155], "summary": {"covered_lines": 7, "num_statements": 7, "percent_covered": 100.0, "percent_covered_display": "100", "missing_lines": 0, "excluded_lines": 0, "num_branches": 4, "num_partial_branches": 0, "covered_branches": 4, "missing_branches": 0}, "missing_lines": [], "excluded_lines": [], "executed_branches": [[150, 151], [150, 155], [153, 150], [153, 154]], "missing_branches": []}, "StreamingParser._finalize": {"executed_lines": [168, 169, 171, 172, 173, 175, 176, 177, 180], "summary": {"covered_lines": 9, "num_statements": 9, "percent_covered": 100.0, "percent_covered_display": "100", "missing_lines": 0, "excluded_lines": 0, "num_branches": 6, "num_partial_branches": 0, "covered_branches": 6, "missing_branches": 0}, "missing_lines": [], "excluded_lines": [], "executed_branches": [[169, 171], [169, 175], [172, 173], [172, 175], [175, 176], [175, 180]], "missing_branches": []}, "parse_json_stream": {"executed_lines": [198, 199, 200], "summary": {"covered_lines": 3, "num_statements": 3, "percent_covered": 100.0, "percent_covered_display": "100", "missing_lines": 0, "excluded_lines": 0, "num_branches": 2, "num_partial_branches": 0, "covered_branches": 2, "missing_branches": 0}, "missing_lines": [], "excluded_lines": [], "executed_branches": [[199, -183], [199, 200]], "missing_branches": []}, "": {"executed_lines": [1, 7, 8, 9, 10, 12, 13, 15, 16, 18, 21, 22, 28, 39, 75, 96, 114, 139, 157, 183], "summary": {"covered_lines": 18, "num_statements": 18, "percent_covered": 100.0, "percent_covered_display": "100", "missing_lines": 0, "excluded_lines": 0, "num_branches": 0, "num_partial_branches": 0, "covered_branches": 0, "missing_branches": 0}, "missing_lines": [], "excluded_lines": [], "executed_branches": [], "missing_branches": []}}, "classes": {"StreamingParser": {"executed_lines": [35, 36, 37, 53, 54, 57, 58, 59, 60, 63, 64, 65, 66, 68, 73, 83, 84, 85, 88, 89, 90, 91, 92, 94, 106, 107, 108, 109, 110, 111, 112, 124, 127, 128, 129, 130, 131, 134, 135, 137, 149, 150, 151, 152, 153, 154, 155, 168, 169, 171, 172, 173, 175, 176, 177, 180], "summary": {"covered_lines": 56, "num_statements": 56, "percent_covered": 98.80952380952381, "percent_covered_display": "99", "missing_lines": 0, "excluded_lines": 0, "num_branches": 28, "num_partial_branches": 1, "covered_branches": 27, "missing_branches": 1}, "missing_lines": [], "excluded_lines": [], "executed_branches": [[53, 54], [58, 53], [58, 59], [84, 85], [84, 88], [89, 90], [89, 94], [91, 92], [91, 94], [108, 109], [108, 112], [127, 128], [127, 134], [130, 131], [130, 134], [134, 135], [134, 137], [150, 151], [150, 155], [153, 150], [153, 154], [169, 171], [169, 175], [172, 173], [172, 175], [175, 176], [175, 180]], "missing_branches": [[53, 63]]}, "": {"executed_lines": [1, 7, 8, 9, 10, 12, 13, 15, 16, 18, 21, 22, 28, 39, 75, 96, 114, 139, 157, 183, 198, 199, 200], "summary": {"covered_lines": 21, "num_statements": 21, "percent_covered": 100.0, "percent_covered_display": "100", "missing_lines": 0, "excluded_lines": 0, "num_branches": 2, "num_partial_branches": 0, "covered_branches": 2, "missing_branches": 0}, "missing_lines": [], "excluded_lines": [], "executed_branches": [[199, -183], [199, 200]], "missing_branches": []}}}}, "totals": {"covered_lines": 2884, "num_statements": 3101, "percent_covered": 89.99741535280434, "percent_covered_display": "90", "missing_lines": 217, "excluded_lines": 66, "num_branches": 768, "num_partial_branches": 124, "covered_branches": 598, "missing_branches": 170}}