{"meta": {"format": 3, "version": "7.11.0", "timestamp": "2025-10-29T07:47:24.411643", "branch_coverage": true, "show_contexts": false}, "files": {"src/pydantic_flow/__init__.py": {"executed_lines": [1, 11, 12, 13, 14, 15, 16, 17, 18, 19, 20, 21, 22, 23, 24, 25, 26, 27, 28, 29, 30, 31, 32, 33, 34, 35, 36, 37, 38, 39, 40, 41, 42, 43, 44, 45, 46, 47, 48, 49, 50, 51, 52, 53, 54, 55, 56, 57, 58, 59, 60, 61, 62, 63, 64, 65, 66, 67, 68, 69, 70, 71, 72, 73, 74, 75, 76, 77, 78, 79, 80, 81, 82, 83, 84, 85, 86, 87, 88, 91, 171], "summary": {"covered_lines": 80, "num_statements": 80, "percent_covered": 100.0, "percent_covered_display": "100", "missing_lines": 0, "excluded_lines": 0, "num_branches": 0, "num_partial_branches": 0, "covered_branches": 0, "missing_branches": 0}, "missing_lines": [], "excluded_lines": [], "executed_branches": [], "missing_branches": [], "functions": {"": {"executed_lines": [1, 11, 12, 13, 14, 15, 16, 17, 18, 19, 20, 21, 22, 23, 24, 25, 26, 27, 28, 29, 30, 31, 32, 33, 34, 35, 36, 37, 38, 39, 40, 41, 42, 43, 44, 45, 46, 47, 48, 49, 50, 51, 52, 53, 54, 55, 56, 57, 58, 59, 60, 61, 62, 63, 64, 65, 66, 67, 68, 69, 70, 71, 72, 73, 74, 75, 76, 77, 78, 79, 80, 81, 82, 83, 84, 85, 86, 87, 88, 91, 171], "summary": {"covered_lines": 80, "num_statements": 80, "percent_covered": 100.0, "percent_covered_display": "100", "missing_lines": 0, "excluded_lines": 0, "num_branches": 0, "num_partial_branches": 0, "covered_branches": 0, "missing_branches": 0}, "missing_lines": [], "excluded_lines": [], "executed_branches": [], "missing_branches": []}}, "classes": {"": {"executed_lines": [1, 11, 12, 13, 14, 15, 16, 17, 18, 19, 20, 21, 22, 23, 24, 25, 26, 27, 28, 29, 30, 31, 32, 33, 34, 35, 36, 37, 38, 39, 40, 41, 42, 43, 44, 45, 46, 47, 48, 49, 50, 51, 52, 53, 54, 55, 56, 57, 58, 59, 60, 61, 62, 63, 64, 65, 66, 67, 68, 69, 70, 71, 72, 73, 74, 75, 76, 77, 78, 79, 80, 81, 82, 83, 84, 85, 86, 87, 88, 91, 171], "summary": {"covered_lines": 80, "num_statements": 80, "percent_covered": 100.0, "percent_covered_display": "100", "missing_lines": 0, "excluded_lines": 0, "num_branches": 0, "num_partial_branches": 0, "covered_branches": 0, "missing_branches": 0}, "missing_lines": [], "excluded_lines": [], "executed_branches": [], "missing_branches": []}}}, "src/pydantic_flow/__main__.py": {"executed_lines": [1, 3, 6, 8, 9, 12], "summary": {"covered_lines": 5, "num_statements": 6, "percent_covered": 75.0, "percent_covered_display": "75", "missing_lines": 1, "excluded_lines": 0, "num_branches": 2, "num_partial_branches": 1, "covered_branches": 1, "missing_branches": 1}, "missing_lines": [13], "excluded_lines": [], "executed_branches": [[12, -1]], "missing_branches": [[12, 13]], "functions": {"main": {"executed_lines": [8, 9], "summary": {"covered_lines": 2, "num_statements": 2, "percent_covered": 100.0, "percent_covered_display": "100", "missing_lines": 0, "excluded_lines": 0, "num_branches": 0, "num_partial_branches": 0, "covered_branches": 0, "missing_branches": 0}, "missing_lines": [], "excluded_lines": [], "executed_branches": [], "missing_branches": []}, "": {"executed_lines": [1, 3, 6, 12], "summary": {"covered_lines": 3, "num_statements": 4, "percent_covered": 66.66666666666667, "percent_covered_display": "67", "missing_lines": 1, "excluded_lines": 0, "num_branches": 2, "num_partial_branches": 1, "covered_branches": 1, "missing_branches": 1}, "missing_lines": [13], "excluded_lines": [], "executed_branches": [[12, -1]], "missing_branches": [[12, 13]]}}, "classes": {"": {"executed_lines": [1, 3, 6, 8, 9, 12], "summary": {"covered_lines": 5, "num_statements": 6, "percent_covered": 75.0, "percent_covered_display": "75", "missing_lines": 1, "excluded_lines": 0, "num_branches": 2, "num_partial_branches": 1, "covered_branches": 1, "missing_branches": 1}, "missing_lines": [13], "excluded_lines": [], "executed_branches": [[12, -1]], "missing_branches": [[12, 13]]}}}, "src/pydantic_flow/cache/__init__.py": {"executed_lines": [1, 7, 8, 9, 10, 11, 12, 13, 14, 15, 17], "summary": {"covered_lines": 10, "num_statements": 10, "percent_covered": 100.0, "percent_covered_display": "100", "missing_lines": 0, "excluded_lines": 0, "num_branches": 0, "num_partial_branches": 0, "covered_branches": 0, "missing_branches": 0}, "missing_lines": [], "excluded_lines": [], "executed_branches": [], "missing_branches": [], "functions": {"": {"executed_lines": [1, 7, 8, 9, 10, 11, 12, 13, 14, 15, 17], "summary": {"covered_lines": 10, "num_statements": 10, "percent_covered": 100.0, "percent_covered_display": "100", "missing_lines": 0, "excluded_lines": 0, "num_branches": 0, "num_partial_branches": 0, "covered_branches": 0, "missing_branches": 0}, "missing_lines": [], "excluded_lines": [], "executed_branches": [], "missing_branches": []}}, "classes": {"": {"executed_lines": [1, 7, 8, 9, 10, 11, 12, 13, 14, 15, 17], "summary": {"covered_lines": 10, "num_statements": 10, "percent_covered": 100.0, "percent_covered_display": "100", "missing_lines": 0, "excluded_lines": 0, "num_branches": 0, "num_partial_branches": 0, "covered_branches": 0, "missing_branches": 0}, "missing_lines": [], "excluded_lines": [], "executed_branches": [], "missing_branches": []}}}, "src/pydantic_flow/cache/base.py": {"executed_lines": [1, 6, 8, 9, 10, 11, 12, 14, 15, 18, 19, 28, 29, 30, 33, 34, 43, 44, 45, 48, 49, 54, 56, 57, 59, 60, 62, 64, 65, 75, 77, 84, 85, 86, 89, 90, 100, 102, 103, 104, 105, 107, 117, 118, 119, 121, 131, 132, 133, 134, 137, 138, 152, 153, 154, 155, 156, 157, 158, 159, 161, 168, 169, 170, 173, 174, 180, 181, 193, 194, 204, 205, 214, 215, 227, 249, 271], "summary": {"covered_lines": 70, "num_statements": 74, "percent_covered": 95.1219512195122, "percent_covered_display": "95", "missing_lines": 4, "excluded_lines": 8, "num_branches": 8, "num_partial_branches": 0, "covered_branches": 8, "missing_branches": 0}, "missing_lines": [247, 269, 284, 285], "excluded_lines": [191, 192, 202, 203, 212, 213, 225, 226], "executed_branches": [[84, 85], [84, 86], [117, 118], [117, 119], [131, 132], [131, 133], [168, 169], [168, 170]], "missing_branches": [], "functions": {"CacheScope.GLOBAL": {"executed_lines": [62], "summary": {"covered_lines": 1, "num_statements": 1, "percent_covered": 100.0, "percent_covered_display": "100", "missing_lines": 0, "excluded_lines": 0, "num_branches": 0, "num_partial_branches": 0, "covered_branches": 0, "missing_branches": 0}, "missing_lines": [], "excluded_lines": [], "executed_branches": [], "missing_branches": []}, "CacheScope.NAMESPACE": {"executed_lines": [75], "summary": {"covered_lines": 1, "num_statements": 1, "percent_covered": 100.0, "percent_covered_display": "100", "missing_lines": 0, "excluded_lines": 0, "num_branches": 0, "num_partial_branches": 0, "covered_branches": 0, "missing_branches": 0}, "missing_lines": [], "excluded_lines": [], "executed_branches": [], "missing_branches": []}, "CacheScope.prefix": {"executed_lines": [84, 85, 86], "summary": {"covered_lines": 3, "num_statements": 3, "percent_covered": 100.0, "percent_covered_display": "100", "missing_lines": 0, "excluded_lines": 0, "num_branches": 2, "num_partial_branches": 0, "covered_branches": 2, "missing_branches": 0}, "missing_lines": [], "excluded_lines": [], "executed_branches": [[84, 85], [84, 86]], "missing_branches": []}, "CacheEntry.is_expired": {"executed_lines": [117, 118, 119], "summary": {"covered_lines": 3, "num_statements": 3, "percent_covered": 100.0, "percent_covered_display": "100", "missing_lines": 0, "excluded_lines": 0, "num_branches": 2, "num_partial_branches": 0, "covered_branches": 2, "missing_branches": 0}, "missing_lines": [], "excluded_lines": [], "executed_branches": [[117, 118], [117, 119]], "missing_branches": []}, "CacheEntry.ttl_remaining": {"executed_lines": [131, 132, 133, 134], "summary": {"covered_lines": 4, "num_statements": 4, "percent_covered": 100.0, "percent_covered_display": "100", "missing_lines": 0, "excluded_lines": 0, "num_branches": 2, "num_partial_branches": 0, "covered_branches": 2, "missing_branches": 0}, "missing_lines": [], "excluded_lines": [], "executed_branches": [[131, 132], [131, 133]], "missing_branches": []}, "CachePolicy.ttl_seconds": {"executed_lines": [168, 169, 170], "summary": {"covered_lines": 3, "num_statements": 3, "percent_covered": 100.0, "percent_covered_display": "100", "missing_lines": 0, "excluded_lines": 0, "num_branches": 2, "num_partial_branches": 0, "covered_branches": 2, "missing_branches": 0}, "missing_lines": [], "excluded_lines": [], "executed_branches": [[168, 169], [168, 170]], "missing_branches": []}, "CacheBackend.get": {"executed_lines": [], "summary": {"covered_lines": 0, "num_statements": 0, "percent_covered": 100.0, "percent_covered_display": "100", "missing_lines": 0, "excluded_lines": 1, "num_branches": 0, "num_partial_branches": 0, "covered_branches": 0, "missing_branches": 0}, "missing_lines": [], "excluded_lines": [191], "executed_branches": [], "missing_branches": []}, "CacheBackend.set": {"executed_lines": [], "summary": {"covered_lines": 0, "num_statements": 0, "percent_covered": 100.0, "percent_covered_display": "100", "missing_lines": 0, "excluded_lines": 1, "num_branches": 0, "num_partial_branches": 0, "covered_branches": 0, "missing_branches": 0}, "missing_lines": [], "excluded_lines": [202], "executed_branches": [], "missing_branches": []}, "CacheBackend.delete": {"executed_lines": [], "summary": {"covered_lines": 0, "num_statements": 0, "percent_covered": 100.0, "percent_covered_display": "100", "missing_lines": 0, "excluded_lines": 1, "num_branches": 0, "num_partial_branches": 0, "covered_branches": 0, "missing_branches": 0}, "missing_lines": [], "excluded_lines": [212], "executed_branches": [], "missing_branches": []}, "CacheBackend.exists": {"executed_lines": [], "summary": {"covered_lines": 0, "num_statements": 0, "percent_covered": 100.0, "percent_covered_display": "100", "missing_lines": 0, "excluded_lines": 1, "num_branches": 0, "num_partial_branches": 0, "covered_branches": 0, "missing_branches": 0}, "missing_lines": [], "excluded_lines": [225], "executed_branches": [], "missing_branches": []}, "CacheBackend.start": {"executed_lines": [], "summary": {"covered_lines": 0, "num_statements": 1, "percent_covered": 0.0, "percent_covered_display": "0", "missing_lines": 1, "excluded_lines": 0, "num_branches": 0, "num_partial_branches": 0, "covered_branches": 0, "missing_branches": 0}, "missing_lines": [247], "excluded_lines": [], "executed_branches": [], "missing_branches": []}, "CacheBackend.stop": {"executed_lines": [], "summary": {"covered_lines": 0, "num_statements": 1, "percent_covered": 0.0, "percent_covered_display": "0", "missing_lines": 1, "excluded_lines": 0, "num_branches": 0, "num_partial_branches": 0, "covered_branches": 0, "missing_branches": 0}, "missing_lines": [269], "excluded_lines": [], "executed_branches": [], "missing_branches": []}, "CacheBackend.invalidate_namespace": {"executed_lines": [], "summary": {"covered_lines": 0, "num_statements": 2, "percent_covered": 0.0, "percent_covered_display": "0", "missing_lines": 2, "excluded_lines": 0, "num_branches": 0, "num_partial_branches": 0, "covered_branches": 0, "missing_branches": 0}, "missing_lines": [284, 285], "excluded_lines": [], "executed_branches": [], "missing_branches": []}, "": {"executed_lines": [1, 6, 8, 9, 10, 11, 12, 14, 15, 18, 19, 28, 29, 30, 33, 34, 43, 44, 45, 48, 49, 54, 56, 57, 59, 60, 64, 65, 77, 89, 90, 100, 102, 103, 104, 105, 107, 121, 137, 138, 152, 153, 154, 155, 156, 157, 158, 159, 161, 173, 174, 180, 181, 193, 194, 204, 205, 214, 215, 227, 249, 271], "summary": {"covered_lines": 55, "num_statements": 55, "percent_covered": 100.0, "percent_covered_display": "100", "missing_lines": 0, "excluded_lines": 4, "num_branches": 0, "num_partial_branches": 0, "covered_branches": 0, "missing_branches": 0}, "missing_lines": [], "excluded_lines": [192, 203, 213, 226], "executed_branches": [], "missing_branches": []}}, "classes": {"CacheContentType": {"executed_lines": [], "summary": {"covered_lines": 0, "num_statements": 0, "percent_covered": 100.0, "percent_covered_display": "100", "missing_lines": 0, "excluded_lines": 0, "num_branches": 0, "num_partial_branches": 0, "covered_branches": 0, "missing_branches": 0}, "missing_lines": [], "excluded_lines": [], "executed_branches": [], "missing_branches": []}, "CacheKeyStrategy": {"executed_lines": [], "summary": {"covered_lines": 0, "num_statements": 0, "percent_covered": 100.0, "percent_covered_display": "100", "missing_lines": 0, "excluded_lines": 0, "num_branches": 0, "num_partial_branches": 0, "covered_branches": 0, "missing_branches": 0}, "missing_lines": [], "excluded_lines": [], "executed_branches": [], "missing_branches": []}, "CacheScope": {"executed_lines": [62, 75, 84, 85, 86], "summary": {"covered_lines": 5, "num_statements": 5, "percent_covered": 100.0, "percent_covered_display": "100", "missing_lines": 0, "excluded_lines": 0, "num_branches": 2, "num_partial_branches": 0, "covered_branches": 2, "missing_branches": 0}, "missing_lines": [], "excluded_lines": [], "executed_branches": [[84, 85], [84, 86]], "missing_branches": []}, "CacheEntry": {"executed_lines": [117, 118, 119, 131, 132, 133, 134], "summary": {"covered_lines": 7, "num_statements": 7, "percent_covered": 100.0, "percent_covered_display": "100", "missing_lines": 0, "excluded_lines": 0, "num_branches": 4, "num_partial_branches": 0, "covered_branches": 4, "missing_branches": 0}, "missing_lines": [], "excluded_lines": [], "executed_branches": [[117, 118], [117, 119], [131, 132], [131, 133]], "missing_branches": []}, "CachePolicy": {"executed_lines": [168, 169, 170], "summary": {"covered_lines": 3, "num_statements": 3, "percent_covered": 100.0, "percent_covered_display": "100", "missing_lines": 0, "excluded_lines": 0, "num_branches": 2, "num_partial_branches": 0, "covered_branches": 2, "missing_branches": 0}, "missing_lines": [], "excluded_lines": [], "executed_branches": [[168, 169], [168, 170]], "missing_branches": []}, "CacheBackend": {"executed_lines": [], "summary": {"covered_lines": 0, "num_statements": 4, "percent_covered": 0.0, "percent_covered_display": "0", "missing_lines": 4, "excluded_lines": 4, "num_branches": 0, "num_partial_branches": 0, "covered_branches": 0, "missing_branches": 0}, "missing_lines": [247, 269, 284, 285], "excluded_lines": [191, 202, 212, 225], "executed_branches": [], "missing_branches": []}, "": {"executed_lines": [1, 6, 8, 9, 10, 11, 12, 14, 15, 18, 19, 28, 29, 30, 33, 34, 43, 44, 45, 48, 49, 54, 56, 57, 59, 60, 64, 65, 77, 89, 90, 100, 102, 103, 104, 105, 107, 121, 137, 138, 152, 153, 154, 155, 156, 157, 158, 159, 161, 173, 174, 180, 181, 193, 194, 204, 205, 214, 215, 227, 249, 271], "summary": {"covered_lines": 55, "num_statements": 55, "percent_covered": 100.0, "percent_covered_display": "100", "missing_lines": 0, "excluded_lines": 4, "num_branches": 0, "num_partial_branches": 0, "covered_branches": 0, "missing_branches": 0}, "missing_lines": [], "excluded_lines": [192, 203, 213, 226], "executed_branches": [], "missing_branches": []}}}, "src/pydantic_flow/cache/hashing.py": {"executed_lines": [1, 7, 9, 10, 11, 12, 15, 32, 34, 35, 36, 37, 38, 39, 40, 41, 42, 43, 44, 46, 47, 55, 65, 66, 67, 70, 80, 81], "summary": {"covered_lines": 27, "num_statements": 27, "percent_covered": 100.0, "percent_covered_display": "100", "missing_lines": 0, "excluded_lines": 0, "num_branches": 10, "num_partial_branches": 0, "covered_branches": 10, "missing_branches": 0}, "missing_lines": [], "excluded_lines": [], "executed_branches": [[34, 35], [34, 36], [36, 37], [36, 38], [38, 39], [38, 40], [40, 41], [40, 42], [42, 43], [42, 44]], "missing_branches": [], "functions": {"canonical_json": {"executed_lines": [32, 46, 47], "summary": {"covered_lines": 3, "num_statements": 3, "percent_covered": 100.0, "percent_covered_display": "100", "missing_lines": 0, "excluded_lines": 0, "num_branches": 0, "num_partial_branches": 0, "covered_branches": 0, "missing_branches": 0}, "missing_lines": [], "excluded_lines": [], "executed_branches": [], "missing_branches": []}, "canonical_json.normalize": {"executed_lines": [34, 35, 36, 37, 38, 39, 40, 41, 42, 43, 44], "summary": {"covered_lines": 11, "num_statements": 11, "percent_covered": 100.0, "percent_covered_display": "100", "missing_lines": 0, "excluded_lines": 0, "num_branches": 10, "num_partial_branches": 0, "covered_branches": 10, "missing_branches": 0}, "missing_lines": [], "excluded_lines": [], "executed_branches": [[34, 35], [34, 36], [36, 37], [36, 38], [38, 39], [38, 40], [40, 41], [40, 42], [42, 43], [42, 44]], "missing_branches": []}, "hash_json": {"executed_lines": [65, 66, 67], "summary": {"covered_lines": 3, "num_statements": 3, "percent_covered": 100.0, "percent_covered_display": "100", "missing_lines": 0, "excluded_lines": 0, "num_branches": 0, "num_partial_branches": 0, "covered_branches": 0, "missing_branches": 0}, "missing_lines": [], "excluded_lines": [], "executed_branches": [], "missing_branches": []}, "hash_bytes": {"executed_lines": [80, 81], "summary": {"covered_lines": 2, "num_statements": 2, "percent_covered": 100.0, "percent_covered_display": "100", "missing_lines": 0, "excluded_lines": 0, "num_branches": 0, "num_partial_branches": 0, "covered_branches": 0, "missing_branches": 0}, "missing_lines": [], "excluded_lines": [], "executed_branches": [], "missing_branches": []}, "": {"executed_lines": [1, 7, 9, 10, 11, 12, 15, 55, 70], "summary": {"covered_lines": 8, "num_statements": 8, "percent_covered": 100.0, "percent_covered_display": "100", "missing_lines": 0, "excluded_lines": 0, "num_branches": 0, "num_partial_branches": 0, "covered_branches": 0, "missing_branches": 0}, "missing_lines": [], "excluded_lines": [], "executed_branches": [], "missing_branches": []}}, "classes": {"": {"executed_lines": [1, 7, 9, 10, 11, 12, 15, 32, 34, 35, 36, 37, 38, 39, 40, 41, 42, 43, 44, 46, 47, 55, 65, 66, 67, 70, 80, 81], "summary": {"covered_lines": 27, "num_statements": 27, "percent_covered": 100.0, "percent_covered_display": "100", "missing_lines": 0, "excluded_lines": 0, "num_branches": 10, "num_partial_branches": 0, "covered_branches": 10, "missing_branches": 0}, "missing_lines": [], "excluded_lines": [], "executed_branches": [[34, 35], [34, 36], [36, 37], [36, 38], [38, 39], [38, 40], [40, 41], [40, 42], [42, 43], [42, 44]], "missing_branches": []}}}, "src/pydantic_flow/cache/key.py": {"executed_lines": [1, 7, 9, 10, 12, 14, 15, 16, 19, 37, 39, 44, 45, 47, 48, 50, 51, 53, 54, 57, 97, 98, 100, 107, 108, 110, 111, 113, 114, 116, 117, 119, 120, 121, 123, 124, 126, 127, 129, 132, 133, 135, 136, 139, 163, 164, 166, 168, 175, 176, 178, 179, 181, 182, 184, 185, 187, 190, 191, 194, 207, 208, 209, 210, 211, 214, 224, 225, 226, 227, 228, 233, 234], "summary": {"covered_lines": 72, "num_statements": 75, "percent_covered": 94.78260869565217, "percent_covered_display": "95", "missing_lines": 3, "excluded_lines": 0, "num_branches": 40, "num_partial_branches": 3, "covered_branches": 37, "missing_branches": 3}, "missing_lines": [130, 188, 229], "excluded_lines": [], "executed_branches": [[44, 45], [44, 47], [47, 48], [47, 50], [50, 51], [50, 53], [107, 108], [107, 110], [110, 111], [110, 113], [113, 114], [113, 116], [116, 117], [116, 119], [119, 120], [119, 123], [123, 124], [123, 126], [126, 127], [126, 129], [129, 132], [132, 133], [132, 135], [175, 176], [175, 178], [178, 179], [178, 181], [181, 182], [181, 184], [184, 185], [184, 187], [187, 190], [225, 226], [225, 234], [226, 227], [226, 228], [228, 233]], "missing_branches": [[129, 130], [187, 188], [228, 229]], "functions": {"build_cache_key": {"executed_lines": [37, 39, 44, 45, 47, 48, 50, 51, 53, 54], "summary": {"covered_lines": 10, "num_statements": 10, "percent_covered": 100.0, "percent_covered_display": "100", "missing_lines": 0, "excluded_lines": 0, "num_branches": 6, "num_partial_branches": 0, "covered_branches": 6, "missing_branches": 0}, "missing_lines": [], "excluded_lines": [], "executed_branches": [[44, 45], [44, 47], [47, 48], [47, 50], [50, 51], [50, 53]], "missing_branches": []}, "build_llm_cache_key": {"executed_lines": [97, 98, 100, 107, 108, 110, 111, 113, 114, 116, 117, 119, 120, 121, 123, 124, 126, 127, 129, 132, 133, 135, 136], "summary": {"covered_lines": 23, "num_statements": 24, "percent_covered": 95.23809523809524, "percent_covered_display": "95", "missing_lines": 1, "excluded_lines": 0, "num_branches": 18, "num_partial_branches": 1, "covered_branches": 17, "missing_branches": 1}, "missing_lines": [130], "excluded_lines": [], "executed_branches": [[107, 108], [107, 110], [110, 111], [110, 113], [113, 114], [113, 116], [116, 117], [116, 119], [119, 120], [119, 123], [123, 124], [123, 126], [126, 127], [126, 129], [129, 132], [132, 133], [132, 135]], "missing_branches": [[129, 130]]}, "build_embedding_cache_key": {"executed_lines": [163, 164, 166, 168, 175, 176, 178, 179, 181, 182, 184, 185, 187, 190, 191], "summary": {"covered_lines": 15, "num_statements": 16, "percent_covered": 92.3076923076923, "percent_covered_display": "92", "missing_lines": 1, "excluded_lines": 0, "num_branches": 10, "num_partial_branches": 1, "covered_branches": 9, "missing_branches": 1}, "missing_lines": [188], "excluded_lines": [], "executed_branches": [[175, 176], [175, 178], [178, 179], [178, 181], [181, 182], [181, 184], [184, 185], [184, 187], [187, 190]], "missing_branches": [[187, 188]]}, "compute_node_code_fingerprint": {"executed_lines": [207, 208, 209, 210, 211], "summary": {"covered_lines": 5, "num_statements": 5, "percent_covered": 100.0, "percent_covered_display": "100", "missing_lines": 0, "excluded_lines": 0, "num_branches": 0, "num_partial_branches": 0, "covered_branches": 0, "missing_branches": 0}, "missing_lines": [], "excluded_lines": [], "executed_branches": [], "missing_branches": []}, "_serialize_inputs": {"executed_lines": [224, 225, 226, 227, 228, 233, 234], "summary": {"covered_lines": 7, "num_statements": 8, "percent_covered": 85.71428571428571, "percent_covered_display": "86", "missing_lines": 1, "excluded_lines": 0, "num_branches": 6, "num_partial_branches": 1, "covered_branches": 5, "missing_branches": 1}, "missing_lines": [229], "excluded_lines": [], "executed_branches": [[225, 226], [225, 234], [226, 227], [226, 228], [228, 233]], "missing_branches": [[228, 229]]}, "": {"executed_lines": [1, 7, 9, 10, 12, 14, 15, 16, 19, 57, 139, 194, 214], "summary": {"covered_lines": 12, "num_statements": 12, "percent_covered": 100.0, "percent_covered_display": "100", "missing_lines": 0, "excluded_lines": 0, "num_branches": 0, "num_partial_branches": 0, "covered_branches": 0, "missing_branches": 0}, "missing_lines": [], "excluded_lines": [], "executed_branches": [], "missing_branches": []}}, "classes": {"": {"executed_lines": [1, 7, 9, 10, 12, 14, 15, 16, 19, 37, 39, 44, 45, 47, 48, 50, 51, 53, 54, 57, 97, 98, 100, 107, 108, 110, 111, 113, 114, 116, 117, 119, 120, 121, 123, 124, 126, 127, 129, 132, 133, 135, 136, 139, 163, 164, 166, 168, 175, 176, 178, 179, 181, 182, 184, 185, 187, 190, 191, 194, 207, 208, 209, 210, 211, 214, 224, 225, 226, 227, 228, 233, 234], "summary": {"covered_lines": 72, "num_statements": 75, "percent_covered": 94.78260869565217, "percent_covered_display": "95", "missing_lines": 3, "excluded_lines": 0, "num_branches": 40, "num_partial_branches": 3, "covered_branches": 37, "missing_branches": 3}, "missing_lines": [130, 188, 229], "excluded_lines": [], "executed_branches": [[44, 45], [44, 47], [47, 48], [47, 50], [50, 51], [50, 53], [107, 108], [107, 110], [110, 111], [110, 113], [113, 114], [113, 116], [116, 117], [116, 119], [119, 120], [119, 123], [123, 124], [123, 126], [126, 127], [126, 129], [129, 132], [132, 133], [132, 135], [175, 176], [175, 178], [178, 179], [178, 181], [181, 182], [181, 184], [184, 185], [184, 187], [187, 190], [225, 226], [225, 234], [226, 227], [226, 228], [228, 233]], "missing_branches": [[129, 130], [187, 188], [228, 229]]}}}, "src/pydantic_flow/cache/memory.py": {"executed_lines": [1, 7, 9, 10, 11, 12, 14, 15, 18, 19, 30, 42, 43, 44, 45, 46, 47, 49, 51, 53, 54, 56, 58, 59, 60, 61, 62, 64, 74, 75, 76, 77, 79, 80, 84, 85, 87, 95, 96, 99, 101, 102, 104, 111, 112, 114, 124, 125, 127, 137, 138, 139, 140, 141, 142, 144, 146, 147, 149, 156, 157, 159, 161, 162, 163, 164, 165, 166, 170, 172, 173, 174, 179, 180], "summary": {"covered_lines": 72, "num_statements": 78, "percent_covered": 88.54166666666667, "percent_covered_display": "89", "missing_lines": 6, "excluded_lines": 0, "num_branches": 18, "num_partial_branches": 5, "covered_branches": 13, "missing_branches": 5}, "missing_lines": [52, 81, 82, 97, 167, 168], "excluded_lines": [], "executed_branches": [[51, 53], [59, 60], [76, 77], [76, 79], [80, 84], [96, 99], [101, -87], [101, 102], [140, 141], [140, 142], [161, 162], [179, -170], [179, 180]], "missing_branches": [[51, 52], [59, -56], [80, 81], [96, 97], [161, -159]], "functions": {"InMemoryCache.__init__": {"executed_lines": [42, 43, 44, 45, 46, 47], "summary": {"covered_lines": 6, "num_statements": 6, "percent_covered": 100.0, "percent_covered_display": "100", "missing_lines": 0, "excluded_lines": 0, "num_branches": 0, "num_partial_branches": 0, "covered_branches": 0, "missing_branches": 0}, "missing_lines": [], "excluded_lines": [], "executed_branches": [], "missing_branches": []}, "InMemoryCache.start": {"executed_lines": [51, 53, 54], "summary": {"covered_lines": 3, "num_statements": 4, "percent_covered": 66.66666666666667, "percent_covered_display": "67", "missing_lines": 1, "excluded_lines": 0, "num_branches": 2, "num_partial_branches": 1, "covered_branches": 1, "missing_branches": 1}, "missing_lines": [52], "excluded_lines": [], "executed_branches": [[51, 53]], "missing_branches": [[51, 52]]}, "InMemoryCache.stop": {"executed_lines": [58, 59, 60, 61, 62], "summary": {"covered_lines": 5, "num_statements": 5, "percent_covered": 85.71428571428571, "percent_covered_display": "86", "missing_lines": 0, "excluded_lines": 0, "num_branches": 2, "num_partial_branches": 1, "covered_branches": 1, "missing_branches": 1}, "missing_lines": [], "excluded_lines": [], "executed_branches": [[59, 60]], "missing_branches": [[59, -56]]}, "InMemoryCache.get": {"executed_lines": [74, 75, 76, 77, 79, 80, 84, 85], "summary": {"covered_lines": 8, "num_statements": 10, "percent_covered": 78.57142857142857, "percent_covered_display": "79", "missing_lines": 2, "excluded_lines": 0, "num_branches": 4, "num_partial_branches": 1, "covered_branches": 3, "missing_branches": 1}, "missing_lines": [81, 82], "excluded_lines": [], "executed_branches": [[76, 77], [76, 79], [80, 84]], "missing_branches": [[80, 81]]}, "InMemoryCache.set": {"executed_lines": [95, 96, 99, 101, 102], "summary": {"covered_lines": 5, "num_statements": 6, "percent_covered": 80.0, "percent_covered_display": "80", "missing_lines": 1, "excluded_lines": 0, "num_branches": 4, "num_partial_branches": 1, "covered_branches": 3, "missing_branches": 1}, "missing_lines": [97], "excluded_lines": [], "executed_branches": [[96, 99], [101, -87], [101, 102]], "missing_branches": [[96, 97]]}, "InMemoryCache.delete": {"executed_lines": [111, 112], "summary": {"covered_lines": 2, "num_statements": 2, "percent_covered": 100.0, "percent_covered_display": "100", "missing_lines": 0, "excluded_lines": 0, "num_branches": 0, "num_partial_branches": 0, "covered_branches": 0, "missing_branches": 0}, "missing_lines": [], "excluded_lines": [], "executed_branches": [], "missing_branches": []}, "InMemoryCache.exists": {"executed_lines": [124, 125], "summary": {"covered_lines": 2, "num_statements": 2, "percent_covered": 100.0, "percent_covered_display": "100", "missing_lines": 0, "excluded_lines": 0, "num_branches": 0, "num_partial_branches": 0, "covered_branches": 0, "missing_branches": 0}, "missing_lines": [], "excluded_lines": [], "executed_branches": [], "missing_branches": []}, "InMemoryCache.invalidate_namespace": {"executed_lines": [137, 138, 139, 140, 141, 142], "summary": {"covered_lines": 6, "num_statements": 6, "percent_covered": 100.0, "percent_covered_display": "100", "missing_lines": 0, "excluded_lines": 0, "num_branches": 2, "num_partial_branches": 0, "covered_branches": 2, "missing_branches": 0}, "missing_lines": [], "excluded_lines": [], "executed_branches": [[140, 141], [140, 142]], "missing_branches": []}, "InMemoryCache.clear": {"executed_lines": [146, 147], "summary": {"covered_lines": 2, "num_statements": 2, "percent_covered": 100.0, "percent_covered_display": "100", "missing_lines": 0, "excluded_lines": 0, "num_branches": 0, "num_partial_branches": 0, "covered_branches": 0, "missing_branches": 0}, "missing_lines": [], "excluded_lines": [], "executed_branches": [], "missing_branches": []}, "InMemoryCache.size": {"executed_lines": [156, 157], "summary": {"covered_lines": 2, "num_statements": 2, "percent_covered": 100.0, "percent_covered_display": "100", "missing_lines": 0, "excluded_lines": 0, "num_branches": 0, "num_partial_branches": 0, "covered_branches": 0, "missing_branches": 0}, "missing_lines": [], "excluded_lines": [], "executed_branches": [], "missing_branches": []}, "InMemoryCache._cleanup_loop": {"executed_lines": [161, 162, 163, 164, 165, 166], "summary": {"covered_lines": 6, "num_statements": 8, "percent_covered": 70.0, "percent_covered_display": "70", "missing_lines": 2, "excluded_lines": 0, "num_branches": 2, "num_partial_branches": 1, "covered_branches": 1, "missing_branches": 1}, "missing_lines": [167, 168], "excluded_lines": [], "executed_branches": [[161, 162]], "missing_branches": [[161, -159]]}, "InMemoryCache._cleanup_expired": {"executed_lines": [172, 173, 174, 179, 180], "summary": {"covered_lines": 5, "num_statements": 5, "percent_covered": 100.0, "percent_covered_display": "100", "missing_lines": 0, "excluded_lines": 0, "num_branches": 2, "num_partial_branches": 0, "covered_branches": 2, "missing_branches": 0}, "missing_lines": [], "excluded_lines": [], "executed_branches": [[179, -170], [179, 180]], "missing_branches": []}, "": {"executed_lines": [1, 7, 9, 10, 11, 12, 14, 15, 18, 19, 30, 49, 56, 64, 87, 104, 114, 127, 144, 149, 159, 170], "summary": {"covered_lines": 20, "num_statements": 20, "percent_covered": 100.0, "percent_covered_display": "100", "missing_lines": 0, "excluded_lines": 0, "num_branches": 0, "num_partial_branches": 0, "covered_branches": 0, "missing_branches": 0}, "missing_lines": [], "excluded_lines": [], "executed_branches": [], "missing_branches": []}}, "classes": {"InMemoryCache": {"executed_lines": [42, 43, 44, 45, 46, 47, 51, 53, 54, 58, 59, 60, 61, 62, 74, 75, 76, 77, 79, 80, 84, 85, 95, 96, 99, 101, 102, 111, 112, 124, 125, 137, 138, 139, 140, 141, 142, 146, 147, 156, 157, 161, 162, 163, 164, 165, 166, 172, 173, 174, 179, 180], "summary": {"covered_lines": 52, "num_statements": 58, "percent_covered": 85.52631578947368, "percent_covered_display": "86", "missing_lines": 6, "excluded_lines": 0, "num_branches": 18, "num_partial_branches": 5, "covered_branches": 13, "missing_branches": 5}, "missing_lines": [52, 81, 82, 97, 167, 168], "excluded_lines": [], "executed_branches": [[51, 53], [59, 60], [76, 77], [76, 79], [80, 84], [96, 99], [101, -87], [101, 102], [140, 141], [140, 142], [161, 162], [179, -170], [179, 180]], "missing_branches": [[51, 52], [59, -56], [80, 81], [96, 97], [161, -159]]}, "": {"executed_lines": [1, 7, 9, 10, 11, 12, 14, 15, 18, 19, 30, 49, 56, 64, 87, 104, 114, 127, 144, 149, 159, 170], "summary": {"covered_lines": 20, "num_statements": 20, "percent_covered": 100.0, "percent_covered_display": "100", "missing_lines": 0, "excluded_lines": 0, "num_branches": 0, "num_partial_branches": 0, "covered_branches": 0, "missing_branches": 0}, "missing_lines": [], "excluded_lines": [], "executed_branches": [], "missing_branches": []}}}, "src/pydantic_flow/cache/middleware.py": {"executed_lines": [1, 7, 9, 10, 11, 12, 13, 14, 15, 17, 18, 19, 20, 21, 22, 23, 24, 25, 26, 27, 29, 31, 34, 59, 61, 62, 63, 65, 66, 67, 69, 70, 71, 72, 80, 82, 90, 92, 94, 101, 102, 103, 104, 112, 113, 122, 124, 125, 127, 128, 136, 137, 140, 166, 167, 168, 169, 171, 172, 173, 175, 176, 177, 178, 185, 189, 190, 192, 194, 196, 202, 203, 204, 205, 206, 208, 215, 216, 217, 218, 224, 225, 232, 233, 234, 235, 237, 238, 245, 246, 247, 248, 254, 255, 262, 263, 269, 270, 273, 283, 289, 299], "summary": {"covered_lines": 101, "num_statements": 101, "percent_covered": 99.2, "percent_covered_display": "99", "missing_lines": 0, "excluded_lines": 0, "num_branches": 24, "num_partial_branches": 1, "covered_branches": 23, "missing_branches": 1}, "missing_lines": [], "excluded_lines": [], "executed_branches": [[61, 62], [61, 65], [70, 71], [70, 82], [166, 167], [166, 171], [167, 168], [167, 169], [176, 177], [176, 196], [185, 189], [185, 192], [189, 190], [189, 194], [202, 203], [202, 232], [204, 205], [204, 208], [233, 234], [233, 237], [237, 238], [269, -140], [269, 270]], "missing_branches": [[237, -140]], "functions": {"maybe_cached_execute": {"executed_lines": [59, 61, 62, 63, 65, 66, 67, 69, 70, 71, 72, 80, 82, 90, 124, 125, 127, 128, 136, 137], "summary": {"covered_lines": 20, "num_statements": 20, "percent_covered": 100.0, "percent_covered_display": "100", "missing_lines": 0, "excluded_lines": 0, "num_branches": 4, "num_partial_branches": 0, "covered_branches": 4, "missing_branches": 0}, "missing_lines": [], "excluded_lines": [], "executed_branches": [[61, 62], [61, 65], [70, 71], [70, 82]], "missing_branches": []}, "maybe_cached_execute.compute_and_cache": {"executed_lines": [92, 94, 101, 102, 103, 104, 112, 113, 122], "summary": {"covered_lines": 9, "num_statements": 9, "percent_covered": 100.0, "percent_covered_display": "100", "missing_lines": 0, "excluded_lines": 0, "num_branches": 0, "num_partial_branches": 0, "covered_branches": 0, "missing_branches": 0}, "missing_lines": [], "excluded_lines": [], "executed_branches": [], "missing_branches": []}, "maybe_cached_stream": {"executed_lines": [166, 167, 168, 169, 171, 172, 173, 175, 176, 177, 178, 185, 189, 190, 192, 194, 196, 202, 203, 204, 205, 206, 208, 215, 216, 217, 218, 224, 225, 232, 233, 234, 235, 237, 238, 245, 246, 247, 248, 254, 255, 262, 263, 269, 270], "summary": {"covered_lines": 45, "num_statements": 45, "percent_covered": 98.46153846153847, "percent_covered_display": "98", "missing_lines": 0, "excluded_lines": 0, "num_branches": 20, "num_partial_branches": 1, "covered_branches": 19, "missing_branches": 1}, "missing_lines": [], "excluded_lines": [], "executed_branches": [[166, 167], [166, 171], [167, 168], [167, 169], [176, 177], [176, 196], [185, 189], [185, 192], [189, 190], [189, 194], [202, 203], [202, 232], [204, 205], [204, 208], [233, 234], [233, 237], [237, 238], [269, -140], [269, 270]], "missing_branches": [[237, -140]]}, "_serialize_progress_item": {"executed_lines": [283], "summary": {"covered_lines": 1, "num_statements": 1, "percent_covered": 100.0, "percent_covered_display": "100", "missing_lines": 0, "excluded_lines": 0, "num_branches": 0, "num_partial_branches": 0, "covered_branches": 0, "missing_branches": 0}, "missing_lines": [], "excluded_lines": [], "executed_branches": [], "missing_branches": []}, "_deserialize_progress_item": {"executed_lines": [299], "summary": {"covered_lines": 1, "num_statements": 1, "percent_covered": 100.0, "percent_covered_display": "100", "missing_lines": 0, "excluded_lines": 0, "num_branches": 0, "num_partial_branches": 0, "covered_branches": 0, "missing_branches": 0}, "missing_lines": [], "excluded_lines": [], "executed_branches": [], "missing_branches": []}, "": {"executed_lines": [1, 7, 9, 10, 11, 12, 13, 14, 15, 17, 18, 19, 20, 21, 22, 23, 24, 25, 26, 27, 29, 31, 34, 140, 273, 289], "summary": {"covered_lines": 25, "num_statements": 25, "percent_covered": 100.0, "percent_covered_display": "100", "missing_lines": 0, "excluded_lines": 0, "num_branches": 0, "num_partial_branches": 0, "covered_branches": 0, "missing_branches": 0}, "missing_lines": [], "excluded_lines": [], "executed_branches": [], "missing_branches": []}}, "classes": {"": {"executed_lines": [1, 7, 9, 10, 11, 12, 13, 14, 15, 17, 18, 19, 20, 21, 22, 23, 24, 25, 26, 27, 29, 31, 34, 59, 61, 62, 63, 65, 66, 67, 69, 70, 71, 72, 80, 82, 90, 92, 94, 101, 102, 103, 104, 112, 113, 122, 124, 125, 127, 128, 136, 137, 140, 166, 167, 168, 169, 171, 172, 173, 175, 176, 177, 178, 185, 189, 190, 192, 194, 196, 202, 203, 204, 205, 206, 208, 215, 216, 217, 218, 224, 225, 232, 233, 234, 235, 237, 238, 245, 246, 247, 248, 254, 255, 262, 263, 269, 270, 273, 283, 289, 299], "summary": {"covered_lines": 101, "num_statements": 101, "percent_covered": 99.2, "percent_covered_display": "99", "missing_lines": 0, "excluded_lines": 0, "num_branches": 24, "num_partial_branches": 1, "covered_branches": 23, "missing_branches": 1}, "missing_lines": [], "excluded_lines": [], "executed_branches": [[61, 62], [61, 65], [70, 71], [70, 82], [166, 167], [166, 171], [167, 168], [167, 169], [176, 177], [176, 196], [185, 189], [185, 192], [189, 190], [189, 194], [202, 203], [202, 232], [204, 205], [204, 208], [233, 234], [233, 237], [237, 238], [269, -140], [269, 270]], "missing_branches": [[237, -140]]}}}, "src/pydantic_flow/cache/redis.py": {"executed_lines": [1, 7, 9, 10, 11, 12, 13, 14, 16, 17, 19, 23, 24, 54, 73, 74, 75, 76, 77, 78, 79, 80, 82, 111, 113, 115, 117, 119, 121, 132, 133, 134, 135, 136, 137, 138, 140, 151, 153, 155, 157, 159, 161, 162, 163, 164, 165, 166, 167, 168, 170, 171, 173, 180, 181, 185, 187, 197, 199, 209, 211, 224, 225, 226, 228, 229, 231, 232, 234, 235, 236, 237, 239, 241, 252, 253, 254, 256, 257, 259, 261, 271, 272, 273, 275, 285, 286, 288, 301, 302, 303, 304, 306, 307, 308, 309, 310, 311, 313, 315, 328, 329, 330, 336, 338, 348, 349, 350, 352, 362, 363, 364, 365, 366, 368, 370, 372, 382, 384, 385, 386, 388, 390, 400, 401, 403, 404], "summary": {"covered_lines": 124, "num_statements": 124, "percent_covered": 100.0, "percent_covered_display": "100", "missing_lines": 0, "excluded_lines": 2, "num_branches": 32, "num_partial_branches": 0, "covered_branches": 32, "missing_branches": 0}, "missing_lines": [], "excluded_lines": [19, 20], "executed_branches": [[111, 113], [111, 115], [115, 117], [115, 119], [151, 153], [151, 155], [155, 157], [155, 159], [159, 161], [159, 170], [165, 166], [165, 167], [167, 163], [167, 168], [180, -173], [180, 181], [228, 229], [228, 231], [235, 236], [235, 239], [256, 257], [256, 259], [308, 309], [308, 310], [310, 306], [310, 311], [363, 364], [363, 370], [365, 366], [365, 368], [384, 385], [384, 388]], "missing_branches": [], "functions": {"RedisCache.__init__": {"executed_lines": [73, 74, 75, 76, 77, 78, 79, 80], "summary": {"covered_lines": 8, "num_statements": 8, "percent_covered": 100.0, "percent_covered_display": "100", "missing_lines": 0, "excluded_lines": 0, "num_branches": 0, "num_partial_branches": 0, "covered_branches": 0, "missing_branches": 0}, "missing_lines": [], "excluded_lines": [], "executed_branches": [], "missing_branches": []}, "RedisCache.start": {"executed_lines": [111, 113, 115, 117, 119, 121, 132, 133, 134, 135, 136, 137, 138], "summary": {"covered_lines": 13, "num_statements": 13, "percent_covered": 100.0, "percent_covered_display": "100", "missing_lines": 0, "excluded_lines": 0, "num_branches": 4, "num_partial_branches": 0, "covered_branches": 4, "missing_branches": 0}, "missing_lines": [], "excluded_lines": [], "executed_branches": [[111, 113], [111, 115], [115, 117], [115, 119]], "missing_branches": []}, "RedisCache.stop": {"executed_lines": [151, 153, 155, 157, 159, 161, 162, 163, 164, 165, 166, 167, 168, 170, 171], "summary": {"covered_lines": 15, "num_statements": 15, "percent_covered": 100.0, "percent_covered_display": "100", "missing_lines": 0, "excluded_lines": 0, "num_branches": 10, "num_partial_branches": 0, "covered_branches": 10, "missing_branches": 0}, "missing_lines": [], "excluded_lines": [], "executed_branches": [[151, 153], [151, 155], [155, 157], [155, 159], [159, 161], [159, 170], [165, 166], [165, 167], [167, 163], [167, 168]], "missing_branches": []}, "RedisCache._ensure_connected": {"executed_lines": [180, 181, 185], "summary": {"covered_lines": 3, "num_statements": 3, "percent_covered": 100.0, "percent_covered_display": "100", "missing_lines": 0, "excluded_lines": 0, "num_branches": 2, "num_partial_branches": 0, "covered_branches": 2, "missing_branches": 0}, "missing_lines": [], "excluded_lines": [], "executed_branches": [[180, -173], [180, 181]], "missing_branches": []}, "RedisCache._make_key": {"executed_lines": [197], "summary": {"covered_lines": 1, "num_statements": 1, "percent_covered": 100.0, "percent_covered_display": "100", "missing_lines": 0, "excluded_lines": 0, "num_branches": 0, "num_partial_branches": 0, "covered_branches": 0, "missing_branches": 0}, "missing_lines": [], "excluded_lines": [], "executed_branches": [], "missing_branches": []}, "RedisCache._make_lock_key": {"executed_lines": [209], "summary": {"covered_lines": 1, "num_statements": 1, "percent_covered": 100.0, "percent_covered_display": "100", "missing_lines": 0, "excluded_lines": 0, "num_branches": 0, "num_partial_branches": 0, "covered_branches": 0, "missing_branches": 0}, "missing_lines": [], "excluded_lines": [], "executed_branches": [], "missing_branches": []}, "RedisCache.get": {"executed_lines": [224, 225, 226, 228, 229, 231, 232, 234, 235, 236, 237, 239], "summary": {"covered_lines": 12, "num_statements": 12, "percent_covered": 100.0, "percent_covered_display": "100", "missing_lines": 0, "excluded_lines": 0, "num_branches": 4, "num_partial_branches": 0, "covered_branches": 4, "missing_branches": 0}, "missing_lines": [], "excluded_lines": [], "executed_branches": [[228, 229], [228, 231], [235, 236], [235, 239]], "missing_branches": []}, "RedisCache.set": {"executed_lines": [252, 253, 254, 256, 257, 259], "summary": {"covered_lines": 6, "num_statements": 6, "percent_covered": 100.0, "percent_covered_display": "100", "missing_lines": 0, "excluded_lines": 0, "num_branches": 2, "num_partial_branches": 0, "covered_branches": 2, "missing_branches": 0}, "missing_lines": [], "excluded_lines": [], "executed_branches": [[256, 257], [256, 259]], "missing_branches": []}, "RedisCache.delete": {"executed_lines": [271, 272, 273], "summary": {"covered_lines": 3, "num_statements": 3, "percent_covered": 100.0, "percent_covered_display": "100", "missing_lines": 0, "excluded_lines": 0, "num_branches": 0, "num_partial_branches": 0, "covered_branches": 0, "missing_branches": 0}, "missing_lines": [], "excluded_lines": [], "executed_branches": [], "missing_branches": []}, "RedisCache.exists": {"executed_lines": [285, 286], "summary": {"covered_lines": 2, "num_statements": 2, "percent_covered": 100.0, "percent_covered_display": "100", "missing_lines": 0, "excluded_lines": 0, "num_branches": 0, "num_partial_branches": 0, "covered_branches": 0, "missing_branches": 0}, "missing_lines": [], "excluded_lines": [], "executed_branches": [], "missing_branches": []}, "RedisCache.invalidate_namespace": {"executed_lines": [301, 302, 303, 304, 306, 307, 308, 309, 310, 311, 313], "summary": {"covered_lines": 11, "num_statements": 11, "percent_covered": 100.0, "percent_covered_display": "100", "missing_lines": 0, "excluded_lines": 0, "num_branches": 4, "num_partial_branches": 0, "covered_branches": 4, "missing_branches": 0}, "missing_lines": [], "excluded_lines": [], "executed_branches": [[308, 309], [308, 310], [310, 306], [310, 311]], "missing_branches": []}, "RedisCache.acquire_lock": {"executed_lines": [328, 329, 330, 336], "summary": {"covered_lines": 4, "num_statements": 4, "percent_covered": 100.0, "percent_covered_display": "100", "missing_lines": 0, "excluded_lines": 0, "num_branches": 0, "num_partial_branches": 0, "covered_branches": 0, "missing_branches": 0}, "missing_lines": [], "excluded_lines": [], "executed_branches": [], "missing_branches": []}, "RedisCache.release_lock": {"executed_lines": [348, 349, 350], "summary": {"covered_lines": 3, "num_statements": 3, "percent_covered": 100.0, "percent_covered_display": "100", "missing_lines": 0, "excluded_lines": 0, "num_branches": 0, "num_partial_branches": 0, "covered_branches": 0, "missing_branches": 0}, "missing_lines": [], "excluded_lines": [], "executed_branches": [], "missing_branches": []}, "RedisCache.wait_for_inflight": {"executed_lines": [362, 363, 364, 365, 366, 368, 370], "summary": {"covered_lines": 7, "num_statements": 7, "percent_covered": 100.0, "percent_covered_display": "100", "missing_lines": 0, "excluded_lines": 0, "num_branches": 4, "num_partial_branches": 0, "covered_branches": 4, "missing_branches": 0}, "missing_lines": [], "excluded_lines": [], "executed_branches": [[363, 364], [363, 370], [365, 366], [365, 368]], "missing_branches": []}, "RedisCache._serialize": {"executed_lines": [382, 384, 385, 386, 388], "summary": {"covered_lines": 5, "num_statements": 5, "percent_covered": 100.0, "percent_covered_display": "100", "missing_lines": 0, "excluded_lines": 0, "num_branches": 2, "num_partial_branches": 0, "covered_branches": 2, "missing_branches": 0}, "missing_lines": [], "excluded_lines": [], "executed_branches": [[384, 385], [384, 388]], "missing_branches": []}, "RedisCache._deserialize": {"executed_lines": [400, 401, 403, 404], "summary": {"covered_lines": 4, "num_statements": 4, "percent_covered": 100.0, "percent_covered_display": "100", "missing_lines": 0, "excluded_lines": 0, "num_branches": 0, "num_partial_branches": 0, "covered_branches": 0, "missing_branches": 0}, "missing_lines": [], "excluded_lines": [], "executed_branches": [], "missing_branches": []}, "": {"executed_lines": [1, 7, 9, 10, 11, 12, 13, 14, 16, 17, 19, 23, 24, 54, 82, 140, 173, 187, 199, 211, 241, 261, 275, 288, 315, 338, 352, 372, 390], "summary": {"covered_lines": 26, "num_statements": 26, "percent_covered": 100.0, "percent_covered_display": "100", "missing_lines": 0, "excluded_lines": 2, "num_branches": 0, "num_partial_branches": 0, "covered_branches": 0, "missing_branches": 0}, "missing_lines": [], "excluded_lines": [19, 20], "executed_branches": [], "missing_branches": []}}, "classes": {"RedisCache": {"executed_lines": [73, 74, 75, 76, 77, 78, 79, 80, 111, 113, 115, 117, 119, 121, 132, 133, 134, 135, 136, 137, 138, 151, 153, 155, 157, 159, 161, 162, 163, 164, 165, 166, 167, 168, 170, 171, 180, 181, 185, 197, 209, 224, 225, 226, 228, 229, 231, 232, 234, 235, 236, 237, 239, 252, 253, 254, 256, 257, 259, 271, 272, 273, 285, 286, 301, 302, 303, 304, 306, 307, 308, 309, 310, 311, 313, 328, 329, 330, 336, 348, 349, 350, 362, 363, 364, 365, 366, 368, 370, 382, 384, 385, 386, 388, 400, 401, 403, 404], "summary": {"covered_lines": 98, "num_statements": 98, "percent_covered": 100.0, "percent_covered_display": "100", "missing_lines": 0, "excluded_lines": 0, "num_branches": 32, "num_partial_branches": 0, "covered_branches": 32, "missing_branches": 0}, "missing_lines": [], "excluded_lines": [], "executed_branches": [[111, 113], [111, 115], [115, 117], [115, 119], [151, 153], [151, 155], [155, 157], [155, 159], [159, 161], [159, 170], [165, 166], [165, 167], [167, 163], [167, 168], [180, -173], [180, 181], [228, 229], [228, 231], [235, 236], [235, 239], [256, 257], [256, 259], [308, 309], [308, 310], [310, 306], [310, 311], [363, 364], [363, 370], [365, 366], [365, 368], [384, 385], [384, 388]], "missing_branches": []}, "": {"executed_lines": [1, 7, 9, 10, 11, 12, 13, 14, 16, 17, 19, 23, 24, 54, 82, 140, 173, 187, 199, 211, 241, 261, 275, 288, 315, 338, 352, 372, 390], "summary": {"covered_lines": 26, "num_statements": 26, "percent_covered": 100.0, "percent_covered_display": "100", "missing_lines": 0, "excluded_lines": 2, "num_branches": 0, "num_partial_branches": 0, "covered_branches": 0, "missing_branches": 0}, "missing_lines": [], "excluded_lines": [19, 20], "executed_branches": [], "missing_branches": []}}}, "src/pydantic_flow/cache/sqlite.py": {"executed_lines": [1, 10, 12, 13, 14, 15, 16, 17, 19, 21, 22, 23, 26, 27, 38, 50, 51, 52, 53, 54, 55, 57, 59, 62, 63, 66, 67, 70, 84, 87, 91, 94, 96, 98, 101, 103, 104, 105, 106, 107, 109, 110, 111, 113, 123, 126, 127, 135, 136, 138, 139, 141, 142, 149, 150, 155, 157, 171, 174, 176, 177, 192, 194, 201, 204, 205, 209, 211, 221, 222, 224, 226, 229, 230, 231, 233, 243, 246, 247, 251, 252, 253, 255, 257, 264, 267, 269, 270, 278, 279, 280, 282, 284, 286, 287, 288, 289, 290, 291, 292, 297, 299, 300, 302, 304], "summary": {"covered_lines": 103, "num_statements": 115, "percent_covered": 82.51748251748252, "percent_covered_display": "83", "missing_lines": 12, "excluded_lines": 0, "num_branches": 28, "num_partial_branches": 13, "covered_branches": 15, "missing_branches": 13}, "missing_lines": [60, 99, 124, 152, 153, 172, 202, 227, 244, 265, 293, 295], "excluded_lines": [], "executed_branches": [[59, 62], [98, 101], [103, 104], [109, 110], [123, 126], [138, 139], [138, 141], [150, 155], [171, 174], [201, 204], [226, 229], [243, 246], [264, 267], [286, 287], [289, 290]], "missing_branches": [[59, 60], [98, 99], [103, 109], [109, -96], [123, 124], [150, 152], [171, 172], [201, 202], [226, 227], [243, 244], [264, 265], [286, -284], [289, 286]], "functions": {"SQLiteCache.__init__": {"executed_lines": [50, 51, 52, 53, 54, 55], "summary": {"covered_lines": 6, "num_statements": 6, "percent_covered": 100.0, "percent_covered_display": "100", "missing_lines": 0, "excluded_lines": 0, "num_branches": 0, "num_partial_branches": 0, "covered_branches": 0, "missing_branches": 0}, "missing_lines": [], "excluded_lines": [], "executed_branches": [], "missing_branches": []}, "SQLiteCache.start": {"executed_lines": [59, 62, 63, 66, 67, 70, 84, 87, 91, 94], "summary": {"covered_lines": 10, "num_statements": 11, "percent_covered": 84.61538461538461, "percent_covered_display": "85", "missing_lines": 1, "excluded_lines": 0, "num_branches": 2, "num_partial_branches": 1, "covered_branches": 1, "missing_branches": 1}, "missing_lines": [60], "excluded_lines": [], "executed_branches": [[59, 62]], "missing_branches": [[59, 60]]}, "SQLiteCache.stop": {"executed_lines": [98, 101, 103, 104, 105, 106, 107, 109, 110, 111], "summary": {"covered_lines": 10, "num_statements": 11, "percent_covered": 76.47058823529412, "percent_covered_display": "76", "missing_lines": 1, "excluded_lines": 0, "num_branches": 6, "num_partial_branches": 3, "covered_branches": 3, "missing_branches": 3}, "missing_lines": [99], "excluded_lines": [], "executed_branches": [[98, 101], [103, 104], [109, 110]], "missing_branches": [[98, 99], [103, 109], [109, -96]]}, "SQLiteCache.get": {"executed_lines": [123, 126, 127, 135, 136, 138, 139, 141, 142, 149, 150, 155], "summary": {"covered_lines": 12, "num_statements": 15, "percent_covered": 76.19047619047619, "percent_covered_display": "76", "missing_lines": 3, "excluded_lines": 0, "num_branches": 6, "num_partial_branches": 2, "covered_branches": 4, "missing_branches": 2}, "missing_lines": [124, 152, 153], "excluded_lines": [], "executed_branches": [[123, 126], [138, 139], [138, 141], [150, 155]], "missing_branches": [[123, 124], [150, 152]]}, "SQLiteCache.set": {"executed_lines": [171, 174, 176, 177, 192], "summary": {"covered_lines": 5, "num_statements": 6, "percent_covered": 75.0, "percent_covered_display": "75", "missing_lines": 1, "excluded_lines": 0, "num_branches": 2, "num_partial_branches": 1, "covered_branches": 1, "missing_branches": 1}, "missing_lines": [172], "excluded_lines": [], "executed_branches": [[171, 174]], "missing_branches": [[171, 172]]}, "SQLiteCache.delete": {"executed_lines": [201, 204, 205, 209], "summary": {"covered_lines": 4, "num_statements": 5, "percent_covered": 71.42857142857143, "percent_covered_display": "71", "missing_lines": 1, "excluded_lines": 0, "num_branches": 2, "num_partial_branches": 1, "covered_branches": 1, "missing_branches": 1}, "missing_lines": [202], "excluded_lines": [], "executed_branches": [[201, 204]], "missing_branches": [[201, 202]]}, "SQLiteCache.exists": {"executed_lines": [221, 222], "summary": {"covered_lines": 2, "num_statements": 2, "percent_covered": 100.0, "percent_covered_display": "100", "missing_lines": 0, "excluded_lines": 0, "num_branches": 0, "num_partial_branches": 0, "covered_branches": 0, "missing_branches": 0}, "missing_lines": [], "excluded_lines": [], "executed_branches": [], "missing_branches": []}, "SQLiteCache.clear": {"executed_lines": [226, 229, 230, 231], "summary": {"covered_lines": 4, "num_statements": 5, "percent_covered": 71.42857142857143, "percent_covered_display": "71", "missing_lines": 1, "excluded_lines": 0, "num_branches": 2, "num_partial_branches": 1, "covered_branches": 1, "missing_branches": 1}, "missing_lines": [227], "excluded_lines": [], "executed_branches": [[226, 229]], "missing_branches": [[226, 227]]}, "SQLiteCache.invalidate_namespace": {"executed_lines": [243, 246, 247, 251, 252, 253, 255], "summary": {"covered_lines": 7, "num_statements": 8, "percent_covered": 80.0, "percent_covered_display": "80", "missing_lines": 1, "excluded_lines": 0, "num_branches": 2, "num_partial_branches": 1, "covered_branches": 1, "missing_branches": 1}, "missing_lines": [244], "excluded_lines": [], "executed_branches": [[243, 246]], "missing_branches": [[243, 244]]}, "SQLiteCache._cleanup_expired": {"executed_lines": [264, 267, 269, 270, 278, 279, 280, 282], "summary": {"covered_lines": 8, "num_statements": 9, "percent_covered": 81.81818181818181, "percent_covered_display": "82", "missing_lines": 1, "excluded_lines": 0, "num_branches": 2, "num_partial_branches": 1, "covered_branches": 1, "missing_branches": 1}, "missing_lines": [265], "excluded_lines": [], "executed_branches": [[264, 267]], "missing_branches": [[264, 265]]}, "SQLiteCache._cleanup_loop": {"executed_lines": [286, 287, 288, 289, 290, 291, 292], "summary": {"covered_lines": 7, "num_statements": 9, "percent_covered": 69.23076923076923, "percent_covered_display": "69", "missing_lines": 2, "excluded_lines": 0, "num_branches": 4, "num_partial_branches": 2, "covered_branches": 2, "missing_branches": 2}, "missing_lines": [293, 295], "excluded_lines": [], "executed_branches": [[286, 287], [289, 290]], "missing_branches": [[286, -284], [289, 286]]}, "SQLiteCache.__aenter__": {"executed_lines": [299, 300], "summary": {"covered_lines": 2, "num_statements": 2, "percent_covered": 100.0, "percent_covered_display": "100", "missing_lines": 0, "excluded_lines": 0, "num_branches": 0, "num_partial_branches": 0, "covered_branches": 0, "missing_branches": 0}, "missing_lines": [], "excluded_lines": [], "executed_branches": [], "missing_branches": []}, "SQLiteCache.__aexit__": {"executed_lines": [304], "summary": {"covered_lines": 1, "num_statements": 1, "percent_covered": 100.0, "percent_covered_display": "100", "missing_lines": 0, "excluded_lines": 0, "num_branches": 0, "num_partial_branches": 0, "covered_branches": 0, "missing_branches": 0}, "missing_lines": [], "excluded_lines": [], "executed_branches": [], "missing_branches": []}, "": {"executed_lines": [1, 10, 12, 13, 14, 15, 16, 17, 19, 21, 22, 23, 26, 27, 38, 57, 96, 113, 157, 194, 211, 224, 233, 257, 284, 297, 302], "summary": {"covered_lines": 25, "num_statements": 25, "percent_covered": 100.0, "percent_covered_display": "100", "missing_lines": 0, "excluded_lines": 0, "num_branches": 0, "num_partial_branches": 0, "covered_branches": 0, "missing_branches": 0}, "missing_lines": [], "excluded_lines": [], "executed_branches": [], "missing_branches": []}}, "classes": {"SQLiteCache": {"executed_lines": [50, 51, 52, 53, 54, 55, 59, 62, 63, 66, 67, 70, 84, 87, 91, 94, 98, 101, 103, 104, 105, 106, 107, 109, 110, 111, 123, 126, 127, 135, 136, 138, 139, 141, 142, 149, 150, 155, 171, 174, 176, 177, 192, 201, 204, 205, 209, 221, 222, 226, 229, 230, 231, 243, 246, 247, 251, 252, 253, 255, 264, 267, 269, 270, 278, 279, 280, 282, 286, 287, 288, 289, 290, 291, 292, 299, 300, 304], "summary": {"covered_lines": 78, "num_statements": 90, "percent_covered": 78.8135593220339, "percent_covered_display": "79", "missing_lines": 12, "excluded_lines": 0, "num_branches": 28, "num_partial_branches": 13, "covered_branches": 15, "missing_branches": 13}, "missing_lines": [60, 99, 124, 152, 153, 172, 202, 227, 244, 265, 293, 295], "excluded_lines": [], "executed_branches": [[59, 62], [98, 101], [103, 104], [109, 110], [123, 126], [138, 139], [138, 141], [150, 155], [171, 174], [201, 204], [226, 229], [243, 246], [264, 267], [286, 287], [289, 290]], "missing_branches": [[59, 60], [98, 99], [103, 109], [109, -96], [123, 124], [150, 152], [171, 172], [201, 202], [226, 227], [243, 244], [264, 265], [286, -284], [289, 286]]}, "": {"executed_lines": [1, 10, 12, 13, 14, 15, 16, 17, 19, 21, 22, 23, 26, 27, 38, 57, 96, 113, 157, 194, 211, 224, 233, 257, 284, 297, 302], "summary": {"covered_lines": 25, "num_statements": 25, "percent_covered": 100.0, "percent_covered_display": "100", "missing_lines": 0, "excluded_lines": 0, "num_branches": 0, "num_partial_branches": 0, "covered_branches": 0, "missing_branches": 0}, "missing_lines": [], "excluded_lines": [], "executed_branches": [], "missing_branches": []}}}, "src/pydantic_flow/cache/stampede.py": {"executed_lines": [1, 7, 9, 10, 11, 12, 13, 15, 18, 19, 25, 27, 28, 30, 45, 46, 50, 51, 53, 54, 55, 56, 61, 62], "summary": {"covered_lines": 22, "num_statements": 27, "percent_covered": 79.3103448275862, "percent_covered_display": "79", "missing_lines": 5, "excluded_lines": 0, "num_branches": 2, "num_partial_branches": 1, "covered_branches": 1, "missing_branches": 1}, "missing_lines": [47, 48, 57, 58, 59], "excluded_lines": [], "executed_branches": [[46, 50]], "missing_branches": [[46, 47]], "functions": {"Singleflight.__init__": {"executed_lines": [27, 28], "summary": {"covered_lines": 2, "num_statements": 2, "percent_covered": 100.0, "percent_covered_display": "100", "missing_lines": 0, "excluded_lines": 0, "num_branches": 0, "num_partial_branches": 0, "covered_branches": 0, "missing_branches": 0}, "missing_lines": [], "excluded_lines": [], "executed_branches": [], "missing_branches": []}, "Singleflight.do": {"executed_lines": [45, 46, 50, 51, 53, 54, 55, 56, 61, 62], "summary": {"covered_lines": 10, "num_statements": 15, "percent_covered": 64.70588235294117, "percent_covered_display": "65", "missing_lines": 5, "excluded_lines": 0, "num_branches": 2, "num_partial_branches": 1, "covered_branches": 1, "missing_branches": 1}, "missing_lines": [47, 48, 57, 58, 59], "excluded_lines": [], "executed_branches": [[46, 50]], "missing_branches": [[46, 47]]}, "": {"executed_lines": [1, 7, 9, 10, 11, 12, 13, 15, 18, 19, 25, 30], "summary": {"covered_lines": 10, "num_statements": 10, "percent_covered": 100.0, "percent_covered_display": "100", "missing_lines": 0, "excluded_lines": 0, "num_branches": 0, "num_partial_branches": 0, "covered_branches": 0, "missing_branches": 0}, "missing_lines": [], "excluded_lines": [], "executed_branches": [], "missing_branches": []}}, "classes": {"Singleflight": {"executed_lines": [27, 28, 45, 46, 50, 51, 53, 54, 55, 56, 61, 62], "summary": {"covered_lines": 12, "num_statements": 17, "percent_covered": 68.42105263157895, "percent_covered_display": "68", "missing_lines": 5, "excluded_lines": 0, "num_branches": 2, "num_partial_branches": 1, "covered_branches": 1, "missing_branches": 1}, "missing_lines": [47, 48, 57, 58, 59], "excluded_lines": [], "executed_branches": [[46, 50]], "missing_branches": [[46, 47]]}, "": {"executed_lines": [1, 7, 9, 10, 11, 12, 13, 15, 18, 19, 25, 30], "summary": {"covered_lines": 10, "num_statements": 10, "percent_covered": 100.0, "percent_covered_display": "100", "missing_lines": 0, "excluded_lines": 0, "num_branches": 0, "num_partial_branches": 0, "covered_branches": 0, "missing_branches": 0}, "missing_lines": [], "excluded_lines": [], "executed_branches": [], "missing_branches": []}}}, "src/pydantic_flow/checkpoints/__init__.py": {"executed_lines": [1, 7, 8, 9, 10, 11, 12, 13, 14, 15, 16, 17, 18, 19, 20, 21, 22, 23, 24, 25, 26, 27, 28, 29, 30, 31, 32, 33, 34, 35, 36, 38], "summary": {"covered_lines": 31, "num_statements": 31, "percent_covered": 100.0, "percent_covered_display": "100", "missing_lines": 0, "excluded_lines": 0, "num_branches": 0, "num_partial_branches": 0, "covered_branches": 0, "missing_branches": 0}, "missing_lines": [], "excluded_lines": [], "executed_branches": [], "missing_branches": [], "functions": {"": {"executed_lines": [1, 7, 8, 9, 10, 11, 12, 13, 14, 15, 16, 17, 18, 19, 20, 21, 22, 23, 24, 25, 26, 27, 28, 29, 30, 31, 32, 33, 34, 35, 36, 38], "summary": {"covered_lines": 31, "num_statements": 31, "percent_covered": 100.0, "percent_covered_display": "100", "missing_lines": 0, "excluded_lines": 0, "num_branches": 0, "num_partial_branches": 0, "covered_branches": 0, "missing_branches": 0}, "missing_lines": [], "excluded_lines": [], "executed_branches": [], "missing_branches": []}}, "classes": {"": {"executed_lines": [1, 7, 8, 9, 10, 11, 12, 13, 14, 15, 16, 17, 18, 19, 20, 21, 22, 23, 24, 25, 26, 27, 28, 29, 30, 31, 32, 33, 34, 35, 36, 38], "summary": {"covered_lines": 31, "num_statements": 31, "percent_covered": 100.0, "percent_covered_display": "100", "missing_lines": 0, "excluded_lines": 0, "num_branches": 0, "num_partial_branches": 0, "covered_branches": 0, "missing_branches": 0}, "missing_lines": [], "excluded_lines": [], "executed_branches": [], "missing_branches": []}}}, "src/pydantic_flow/checkpoints/config.py": {"executed_lines": [1, 6, 8, 9, 11, 12, 14, 15, 16, 17, 18, 19, 20, 21, 22, 23, 24, 25, 28, 29, 31, 32, 33, 34, 35, 36, 39, 40, 54, 55, 56, 57, 58, 59, 62, 75, 84, 86, 87, 88, 90, 91, 92, 94, 96, 97, 98, 99, 100, 101, 102, 103, 104, 105, 106, 107], "summary": {"covered_lines": 53, "num_statements": 55, "percent_covered": 95.77464788732394, "percent_covered_display": "96", "missing_lines": 2, "excluded_lines": 0, "num_branches": 16, "num_partial_branches": 1, "covered_branches": 15, "missing_branches": 1}, "missing_lines": [109, 110], "excluded_lines": [], "executed_branches": [[86, 87], [86, 90], [90, 91], [90, 94], [96, 97], [96, 98], [98, 99], [98, 100], [100, 101], [100, 102], [102, 103], [102, 104], [104, 105], [104, 106], [106, 107]], "missing_branches": [[106, 109]], "functions": {"create_checkpoint_store": {"executed_lines": [75, 84, 86, 87, 88, 90, 91, 92, 94, 96, 97, 98, 99, 100, 101, 102, 103, 104, 105, 106, 107], "summary": {"covered_lines": 21, "num_statements": 23, "percent_covered": 92.3076923076923, "percent_covered_display": "92", "missing_lines": 2, "excluded_lines": 0, "num_branches": 16, "num_partial_branches": 1, "covered_branches": 15, "missing_branches": 1}, "missing_lines": [109, 110], "excluded_lines": [], "executed_branches": [[86, 87], [86, 90], [90, 91], [90, 94], [96, 97], [96, 98], [98, 99], [98, 100], [100, 101], [100, 102], [102, 103], [102, 104], [104, 105], [104, 106], [106, 107]], "missing_branches": [[106, 109]]}, "": {"executed_lines": [1, 6, 8, 9, 11, 12, 14, 15, 16, 17, 18, 19, 20, 21, 22, 23, 24, 25, 28, 29, 31, 32, 33, 34, 35, 36, 39, 40, 54, 55, 56, 57, 58, 59, 62], "summary": {"covered_lines": 32, "num_statements": 32, "percent_covered": 100.0, "percent_covered_display": "100", "missing_lines": 0, "excluded_lines": 0, "num_branches": 0, "num_partial_branches": 0, "covered_branches": 0, "missing_branches": 0}, "missing_lines": [], "excluded_lines": [], "executed_branches": [], "missing_branches": []}}, "classes": {"CheckpointStoreType": {"executed_lines": [], "summary": {"covered_lines": 0, "num_statements": 0, "percent_covered": 100.0, "percent_covered_display": "100", "missing_lines": 0, "excluded_lines": 0, "num_branches": 0, "num_partial_branches": 0, "covered_branches": 0, "missing_branches": 0}, "missing_lines": [], "excluded_lines": [], "executed_branches": [], "missing_branches": []}, "CheckpointStoreConfig": {"executed_lines": [], "summary": {"covered_lines": 0, "num_statements": 0, "percent_covered": 100.0, "percent_covered_display": "100", "missing_lines": 0, "excluded_lines": 0, "num_branches": 0, "num_partial_branches": 0, "covered_branches": 0, "missing_branches": 0}, "missing_lines": [], "excluded_lines": [], "executed_branches": [], "missing_branches": []}, "": {"executed_lines": [1, 6, 8, 9, 11, 12, 14, 15, 16, 17, 18, 19, 20, 21, 22, 23, 24, 25, 28, 29, 31, 32, 33, 34, 35, 36, 39, 40, 54, 55, 56, 57, 58, 59, 62, 75, 84, 86, 87, 88, 90, 91, 92, 94, 96, 97, 98, 99, 100, 101, 102, 103, 104, 105, 106, 107], "summary": {"covered_lines": 53, "num_statements": 55, "percent_covered": 95.77464788732394, "percent_covered_display": "96", "missing_lines": 2, "excluded_lines": 0, "num_branches": 16, "num_partial_branches": 1, "covered_branches": 15, "missing_branches": 1}, "missing_lines": [109, 110], "excluded_lines": [], "executed_branches": [[86, 87], [86, 90], [90, 91], [90, 94], [96, 97], [96, 98], [98, 99], [98, 100], [100, 101], [100, 102], [102, 103], [102, 104], [104, 105], [104, 106], [106, 107]], "missing_branches": [[106, 109]]}}}, "src/pydantic_flow/checkpoints/flatfile.py": {"executed_lines": [1, 7, 9, 10, 11, 12, 14, 15, 17, 18, 19, 20, 21, 22, 23, 24, 25, 26, 29, 30, 32, 33, 34, 37, 38, 46, 47, 50, 51, 53, 54, 55, 56, 57, 60, 61, 67, 74, 75, 77, 87, 89, 90, 91, 92, 93, 95, 97, 107, 108, 109, 111, 113, 120, 121, 123, 133, 134, 136, 146, 147, 148, 150, 151, 152, 153, 154, 155, 156, 158, 175, 176, 177, 179, 180, 184, 186, 187, 188, 190, 192, 193, 195, 196, 198, 200, 201, 203, 205, 206, 211, 227, 228, 229, 230, 232, 233, 235, 236, 238, 239, 241, 249, 265, 266, 267, 269, 270, 272, 274, 275, 277, 279, 280, 285, 300, 301, 304, 306, 309, 310, 312, 313, 315, 316, 318, 319, 320, 321, 325, 327, 328, 329, 330, 331, 332, 334, 335, 336, 338, 344, 358, 359, 360, 362, 363, 365, 366, 367, 368, 375, 388, 389, 390, 392, 393, 394, 395, 396, 398, 399, 400, 402, 408, 415, 416, 418, 419, 420, 421, 422, 428], "summary": {"covered_lines": 167, "num_statements": 196, "percent_covered": 85.24590163934427, "percent_covered_display": "85", "missing_lines": 29, "excluded_lines": 0, "num_branches": 48, "num_partial_branches": 7, "covered_branches": 41, "missing_branches": 7}, "missing_lines": [207, 208, 209, 243, 244, 245, 246, 247, 281, 282, 283, 302, 307, 322, 323, 340, 341, 342, 369, 371, 372, 373, 404, 405, 406, 424, 425, 426, 430], "excluded_lines": [], "executed_branches": [[89, 90], [89, 91], [91, 92], [91, 95], [108, 109], [108, 111], [147, 148], [147, 150], [152, 153], [152, 156], [154, 155], [179, 180], [179, 186], [187, 188], [200, 201], [200, 203], [229, 230], [229, 232], [232, 233], [232, 235], [269, 270], [269, 272], [301, 304], [306, 309], [309, 310], [309, 312], [312, 313], [312, 315], [319, 320], [319, 325], [328, 329], [328, 334], [335, 336], [335, 338], [362, 363], [362, 365], [366, 367], [392, 393], [392, 398], [394, 395], [399, 400]], "missing_branches": [[154, 152], [187, 190], [301, 302], [306, 307], [366, 369], [394, 392], [399, 402]], "functions": {"FlatFileCheckpointStore.__init__": {"executed_lines": [74, 75], "summary": {"covered_lines": 2, "num_statements": 2, "percent_covered": 100.0, "percent_covered_display": "100", "missing_lines": 0, "excluded_lines": 0, "num_branches": 0, "num_partial_branches": 0, "covered_branches": 0, "missing_branches": 0}, "missing_lines": [], "excluded_lines": [], "executed_branches": [], "missing_branches": []}, "FlatFileCheckpointStore._get_checkpoint_path": {"executed_lines": [87, 89, 90, 91, 92, 93, 95], "summary": {"covered_lines": 7, "num_statements": 7, "percent_covered": 100.0, "percent_covered_display": "100", "missing_lines": 0, "excluded_lines": 0, "num_branches": 4, "num_partial_branches": 0, "covered_branches": 4, "missing_branches": 0}, "missing_lines": [], "excluded_lines": [], "executed_branches": [[89, 90], [89, 91], [91, 92], [91, 95]], "missing_branches": []}, "FlatFileCheckpointStore._get_index_path": {"executed_lines": [107, 108, 109, 111], "summary": {"covered_lines": 4, "num_statements": 4, "percent_covered": 100.0, "percent_covered_display": "100", "missing_lines": 0, "excluded_lines": 0, "num_branches": 2, "num_partial_branches": 0, "covered_branches": 2, "missing_branches": 0}, "missing_lines": [], "excluded_lines": [], "executed_branches": [[108, 109], [108, 111]], "missing_branches": []}, "FlatFileCheckpointStore._append_to_index": {"executed_lines": [120, 121, 123, 133, 134], "summary": {"covered_lines": 5, "num_statements": 5, "percent_covered": 100.0, "percent_covered_display": "100", "missing_lines": 0, "excluded_lines": 0, "num_branches": 0, "num_partial_branches": 0, "covered_branches": 0, "missing_branches": 0}, "missing_lines": [], "excluded_lines": [], "executed_branches": [], "missing_branches": []}, "FlatFileCheckpointStore._read_index": {"executed_lines": [146, 147, 148, 150, 151, 152, 153, 154, 155, 156], "summary": {"covered_lines": 10, "num_statements": 10, "percent_covered": 93.75, "percent_covered_display": "94", "missing_lines": 0, "excluded_lines": 0, "num_branches": 6, "num_partial_branches": 1, "covered_branches": 5, "missing_branches": 1}, "missing_lines": [], "excluded_lines": [], "executed_branches": [[147, 148], [147, 150], [152, 153], [152, 156], [154, 155]], "missing_branches": [[154, 152]]}, "FlatFileCheckpointStore.save": {"executed_lines": [175, 176, 177, 179, 180, 184, 186, 187, 188, 190, 192, 193, 195, 196, 198, 200, 201, 203, 205, 206], "summary": {"covered_lines": 20, "num_statements": 23, "percent_covered": 86.20689655172414, "percent_covered_display": "86", "missing_lines": 3, "excluded_lines": 0, "num_branches": 6, "num_partial_branches": 1, "covered_branches": 5, "missing_branches": 1}, "missing_lines": [207, 208, 209], "excluded_lines": [], "executed_branches": [[179, 180], [179, 186], [187, 188], [200, 201], [200, 203]], "missing_branches": [[187, 190]]}, "FlatFileCheckpointStore.latest": {"executed_lines": [227, 228, 229, 230, 232, 233, 235, 236, 238, 239, 241], "summary": {"covered_lines": 11, "num_statements": 16, "percent_covered": 75.0, "percent_covered_display": "75", "missing_lines": 5, "excluded_lines": 0, "num_branches": 4, "num_partial_branches": 0, "covered_branches": 4, "missing_branches": 0}, "missing_lines": [243, 244, 245, 246, 247], "excluded_lines": [], "executed_branches": [[229, 230], [229, 232], [232, 233], [232, 235]], "missing_branches": []}, "FlatFileCheckpointStore.get": {"executed_lines": [265, 266, 267, 269, 270, 272, 274, 275, 277, 279, 280], "summary": {"covered_lines": 11, "num_statements": 14, "percent_covered": 81.25, "percent_covered_display": "81", "missing_lines": 3, "excluded_lines": 0, "num_branches": 2, "num_partial_branches": 0, "covered_branches": 2, "missing_branches": 0}, "missing_lines": [281, 282, 283], "excluded_lines": [], "executed_branches": [[269, 270], [269, 272]], "missing_branches": []}, "FlatFileCheckpointStore.list": {"executed_lines": [300, 301, 304, 306, 309, 310, 312, 313, 315, 316, 318, 319, 320, 321, 325, 327, 328, 329, 330, 331, 332, 334, 335, 336, 338], "summary": {"covered_lines": 25, "num_statements": 32, "percent_covered": 80.43478260869566, "percent_covered_display": "80", "missing_lines": 7, "excluded_lines": 0, "num_branches": 14, "num_partial_branches": 2, "covered_branches": 12, "missing_branches": 2}, "missing_lines": [302, 307, 322, 323, 340, 341, 342], "excluded_lines": [], "executed_branches": [[301, 304], [306, 309], [309, 310], [309, 312], [312, 313], [312, 315], [319, 320], [319, 325], [328, 329], [328, 334], [335, 336], [335, 338]], "missing_branches": [[301, 302], [306, 307]]}, "FlatFileCheckpointStore.delete": {"executed_lines": [358, 359, 360, 362, 363, 365, 366, 367, 368], "summary": {"covered_lines": 9, "num_statements": 13, "percent_covered": 70.58823529411765, "percent_covered_display": "71", "missing_lines": 4, "excluded_lines": 0, "num_branches": 4, "num_partial_branches": 1, "covered_branches": 3, "missing_branches": 1}, "missing_lines": [369, 371, 372, 373], "excluded_lines": [], "executed_branches": [[362, 363], [362, 365], [366, 367]], "missing_branches": [[366, 369]]}, "FlatFileCheckpointStore.purge": {"executed_lines": [388, 389, 390, 392, 393, 394, 395, 396, 398, 399, 400, 402], "summary": {"covered_lines": 12, "num_statements": 15, "percent_covered": 76.19047619047619, "percent_covered_display": "76", "missing_lines": 3, "excluded_lines": 0, "num_branches": 6, "num_partial_branches": 2, "covered_branches": 4, "missing_branches": 2}, "missing_lines": [404, 405, 406], "excluded_lines": [], "executed_branches": [[392, 393], [392, 398], [394, 395], [399, 400]], "missing_branches": [[394, 392], [399, 402]]}, "FlatFileCheckpointStore.healthcheck": {"executed_lines": [415, 416, 418, 419, 420, 421, 422], "summary": {"covered_lines": 7, "num_statements": 10, "percent_covered": 70.0, "percent_covered_display": "70", "missing_lines": 3, "excluded_lines": 0, "num_branches": 0, "num_partial_branches": 0, "covered_branches": 0, "missing_branches": 0}, "missing_lines": [424, 425, 426], "excluded_lines": [], "executed_branches": [], "missing_branches": []}, "FlatFileCheckpointStore.__repr__": {"executed_lines": [], "summary": {"covered_lines": 0, "num_statements": 1, "percent_covered": 0.0, "percent_covered_display": "0", "missing_lines": 1, "excluded_lines": 0, "num_branches": 0, "num_partial_branches": 0, "covered_branches": 0, "missing_branches": 0}, "missing_lines": [430], "excluded_lines": [], "executed_branches": [], "missing_branches": []}, "": {"executed_lines": [1, 7, 9, 10, 11, 12, 14, 15, 17, 18, 19, 20, 21, 22, 23, 24, 25, 26, 29, 30, 32, 33, 34, 37, 38, 46, 47, 50, 51, 53, 54, 55, 56, 57, 60, 61, 67, 77, 97, 113, 136, 158, 211, 249, 285, 344, 375, 408, 428], "summary": {"covered_lines": 44, "num_statements": 44, "percent_covered": 100.0, "percent_covered_display": "100", "missing_lines": 0, "excluded_lines": 0, "num_branches": 0, "num_partial_branches": 0, "covered_branches": 0, "missing_branches": 0}, "missing_lines": [], "excluded_lines": [], "executed_branches": [], "missing_branches": []}}, "classes": {"PartitioningStrategy": {"executed_lines": [], "summary": {"covered_lines": 0, "num_statements": 0, "percent_covered": 100.0, "percent_covered_display": "100", "missing_lines": 0, "excluded_lines": 0, "num_branches": 0, "num_partial_branches": 0, "covered_branches": 0, "missing_branches": 0}, "missing_lines": [], "excluded_lines": [], "executed_branches": [], "missing_branches": []}, "FlatFileCheckpointStoreConfig": {"executed_lines": [], "summary": {"covered_lines": 0, "num_statements": 0, "percent_covered": 100.0, "percent_covered_display": "100", "missing_lines": 0, "excluded_lines": 0, "num_branches": 0, "num_partial_branches": 0, "covered_branches": 0, "missing_branches": 0}, "missing_lines": [], "excluded_lines": [], "executed_branches": [], "missing_branches": []}, "IndexEntry": {"executed_lines": [], "summary": {"covered_lines": 0, "num_statements": 0, "percent_covered": 100.0, "percent_covered_display": "100", "missing_lines": 0, "excluded_lines": 0, "num_branches": 0, "num_partial_branches": 0, "covered_branches": 0, "missing_branches": 0}, "missing_lines": [], "excluded_lines": [], "executed_branches": [], "missing_branches": []}, "FlatFileCheckpointStore": {"executed_lines": [74, 75, 87, 89, 90, 91, 92, 93, 95, 107, 108, 109, 111, 120, 121, 123, 133, 134, 146, 147, 148, 150, 151, 152, 153, 154, 155, 156, 175, 176, 177, 179, 180, 184, 186, 187, 188, 190, 192, 193, 195, 196, 198, 200, 201, 203, 205, 206, 227, 228, 229, 230, 232, 233, 235, 236, 238, 239, 241, 265, 266, 267, 269, 270, 272, 274, 275, 277, 279, 280, 300, 301, 304, 306, 309, 310, 312, 313, 315, 316, 318, 319, 320, 321, 325, 327, 328, 329, 330, 331, 332, 334, 335, 336, 338, 358, 359, 360, 362, 363, 365, 366, 367, 368, 388, 389, 390, 392, 393, 394, 395, 396, 398, 399, 400, 402, 415, 416, 418, 419, 420, 421, 422], "summary": {"covered_lines": 123, "num_statements": 152, "percent_covered": 82.0, "percent_covered_display": "82", "missing_lines": 29, "excluded_lines": 0, "num_branches": 48, "num_partial_branches": 7, "covered_branches": 41, "missing_branches": 7}, "missing_lines": [207, 208, 209, 243, 244, 245, 246, 247, 281, 282, 283, 302, 307, 322, 323, 340, 341, 342, 369, 371, 372, 373, 404, 405, 406, 424, 425, 426, 430], "excluded_lines": [], "executed_branches": [[89, 90], [89, 91], [91, 92], [91, 95], [108, 109], [108, 111], [147, 148], [147, 150], [152, 153], [152, 156], [154, 155], [179, 180], [179, 186], [187, 188], [200, 201], [200, 203], [229, 230], [229, 232], [232, 233], [232, 235], [269, 270], [269, 272], [301, 304], [306, 309], [309, 310], [309, 312], [312, 313], [312, 315], [319, 320], [319, 325], [328, 329], [328, 334], [335, 336], [335, 338], [362, 363], [362, 365], [366, 367], [392, 393], [392, 398], [394, 395], [399, 400]], "missing_branches": [[154, 152], [187, 190], [301, 302], [306, 307], [366, 369], [394, 392], [399, 402]]}, "": {"executed_lines": [1, 7, 9, 10, 11, 12, 14, 15, 17, 18, 19, 20, 21, 22, 23, 24, 25, 26, 29, 30, 32, 33, 34, 37, 38, 46, 47, 50, 51, 53, 54, 55, 56, 57, 60, 61, 67, 77, 97, 113, 136, 158, 211, 249, 285, 344, 375, 408, 428], "summary": {"covered_lines": 44, "num_statements": 44, "percent_covered": 100.0, "percent_covered_display": "100", "missing_lines": 0, "excluded_lines": 0, "num_branches": 0, "num_partial_branches": 0, "covered_branches": 0, "missing_branches": 0}, "missing_lines": [], "excluded_lines": [], "executed_branches": [], "missing_branches": []}}}, "src/pydantic_flow/checkpoints/interface.py": {"executed_lines": [1, 7, 9, 10, 11, 12, 13, 14, 15, 16, 17, 19, 20, 21, 23, 26, 27, 29, 30, 32, 37, 38, 40, 41, 43, 48, 49, 51, 52, 55, 56, 70, 71, 72, 73, 74, 75, 76, 77, 80, 81, 94, 95, 96, 97, 98, 99, 100, 103, 104, 110, 129, 147, 165, 182, 198, 213, 226, 227, 230, 231, 234, 235, 238, 239, 241, 253, 263, 264, 265], "summary": {"covered_lines": 59, "num_statements": 61, "percent_covered": 96.72131147540983, "percent_covered_display": "97", "missing_lines": 2, "excluded_lines": 15, "num_branches": 0, "num_partial_branches": 0, "covered_branches": 0, "missing_branches": 0}, "missing_lines": [249, 250], "excluded_lines": [127, 128, 145, 146, 163, 164, 180, 181, 196, 197, 211, 212, 223, 224, 225], "executed_branches": [], "missing_branches": [], "functions": {"CheckpointId.__get_pydantic_core_schema__": {"executed_lines": [32], "summary": {"covered_lines": 1, "num_statements": 1, "percent_covered": 100.0, "percent_covered_display": "100", "missing_lines": 0, "excluded_lines": 0, "num_branches": 0, "num_partial_branches": 0, "covered_branches": 0, "missing_branches": 0}, "missing_lines": [], "excluded_lines": [], "executed_branches": [], "missing_branches": []}, "RunId.__get_pydantic_core_schema__": {"executed_lines": [43], "summary": {"covered_lines": 1, "num_statements": 1, "percent_covered": 100.0, "percent_covered_display": "100", "missing_lines": 0, "excluded_lines": 0, "num_branches": 0, "num_partial_branches": 0, "covered_branches": 0, "missing_branches": 0}, "missing_lines": [], "excluded_lines": [], "executed_branches": [], "missing_branches": []}, "CheckpointStore.save": {"executed_lines": [], "summary": {"covered_lines": 0, "num_statements": 0, "percent_covered": 100.0, "percent_covered_display": "100", "missing_lines": 0, "excluded_lines": 1, "num_branches": 0, "num_partial_branches": 0, "covered_branches": 0, "missing_branches": 0}, "missing_lines": [], "excluded_lines": [127], "executed_branches": [], "missing_branches": []}, "CheckpointStore.latest": {"executed_lines": [], "summary": {"covered_lines": 0, "num_statements": 0, "percent_covered": 100.0, "percent_covered_display": "100", "missing_lines": 0, "excluded_lines": 1, "num_branches": 0, "num_partial_branches": 0, "covered_branches": 0, "missing_branches": 0}, "missing_lines": [], "excluded_lines": [145], "executed_branches": [], "missing_branches": []}, "CheckpointStore.get": {"executed_lines": [], "summary": {"covered_lines": 0, "num_statements": 
[...]
play": "100", "missing_lines": 0, "excluded_lines": 0, "num_branches": 0, "num_partial_branches": 0, "covered_branches": 0, "missing_branches": 0}, "missing_lines": [], "excluded_lines": [], "executed_branches": [], "missing_branches": []}, "ToolResult": {"executed_lines": [], "summary": {"covered_lines": 0, "num_statements": 0, "percent_covered": 100.0, "percent_covered_display": "100", "missing_lines": 0, "excluded_lines": 0, "num_branches": 0, "num_partial_branches": 0, "covered_branches": 0, "missing_branches": 0}, "missing_lines": [], "excluded_lines": [], "executed_branches": [], "missing_branches": []}, "RetrievalItem": {"executed_lines": [], "summary": {"covered_lines": 0, "num_statements": 0, "percent_covered": 100.0, "percent_covered_display": "100", "missing_lines": 0, "excluded_lines": 0, "num_branches": 0, "num_partial_branches": 0, "covered_branches": 0, "missing_branches": 0}, "missing_lines": [], "excluded_lines": [], "executed_branches": [], "missing_branches": []}, "NonFatalError": {"executed_lines": [], "summary": {"covered_lines": 0, "num_statements": 0, "percent_covered": 100.0, "percent_covered_display": "100", "missing_lines": 0, "excluded_lines": 0, "num_branches": 0, "num_partial_branches": 0, "covered_branches": 0, "missing_branches": 0}, "missing_lines": [], "excluded_lines": [], "executed_branches": [], "missing_branches": []}, "StreamEnd": {"executed_lines": [], "summary": {"covered_lines": 0, "num_statements": 0, "percent_covered": 100.0, "percent_covered_display": "100", "missing_lines": 0, "excluded_lines": 0, "num_branches": 0, "num_partial_branches": 0, "covered_branches": 0, "missing_branches": 0}, "missing_lines": [], "excluded_lines": [], "executed_branches": [], "missing_branches": []}, "Heartbeat": {"executed_lines": [], "summary": {"covered_lines": 0, "num_statements": 0, "percent_covered": 100.0, "percent_covered_display": "100", "missing_lines": 0, "excluded_lines": 0, "num_branches": 0, "num_partial_branches": 0, "covered_branches": 0, "missing_branches": 0}, "missing_lines": [], "excluded_lines": [], "executed_branches": [], "missing_branches": []}, "MemoryCompressionPending": {"executed_lines": [], "summary": {"covered_lines": 0, "num_statements": 0, "percent_covered": 100.0, "percent_covered_display": "100", "missing_lines": 0, "excluded_lines": 0, "num_branches": 0, "num_partial_branches": 0, "covered_branches": 0, "missing_branches": 0}, "missing_lines": [], "excluded_lines": [], "executed_branches": [], "missing_branches": []}, "MemoryCompressionComplete": {"executed_lines": [], "summary": {"covered_lines": 0, "num_statements": 0, "percent_covered": 100.0, "percent_covered_display": "100", "missing_lines": 0, "excluded_lines": 0, "num_branches": 0, "num_partial_branches": 0, "covered_branches": 0, "missing_branches": 0}, "missing_lines": [], "excluded_lines": [], "executed_branches": [], "missing_branches": []}, "CacheHit": {"executed_lines": [], "summary": {"covered_lines": 0, "num_statements": 0, "percent_covered": 100.0, "percent_covered_display": "100", "missing_lines": 0, "excluded_lines": 0, "num_branches": 0, "num_partial_branches": 0, "covered_branches": 0, "missing_branches": 0}, "missing_lines": [], "excluded_lines": [], "executed_branches": [], "missing_branches": []}, "CacheMiss": {"executed_lines": [], "summary": {"covered_lines": 0, "num_statements": 0, "percent_covered": 100.0, "percent_covered_display": "100", "missing_lines": 0, "excluded_lines": 0, "num_branches": 0, "num_partial_branches": 0, "covered_branches": 0, "missing_branches": 0}, "missing_lines": [], "excluded_lines": [], "executed_branches": [], "missing_branches": []}, "CacheWrite": {"executed_lines": [], "summary": {"covered_lines": 0, "num_statements": 0, "percent_covered": 100.0, "percent_covered_display": "100", "missing_lines": 0, "excluded_lines": 0, "num_branches": 0, "num_partial_branches": 0, "covered_branches": 0, "missing_branches": 0}, "missing_lines": [], "excluded_lines": [], "executed_branches": [], "missing_branches": []}, "CacheError": {"executed_lines": [], "summary": {"covered_lines": 0, "num_statements": 0, "percent_covered": 100.0, "percent_covered_display": "100", "missing_lines": 0, "excluded_lines": 0, "num_branches": 0, "num_partial_branches": 0, "covered_branches": 0, "missing_branches": 0}, "missing_lines": [], "excluded_lines": [], "executed_branches": [], "missing_branches": []}, "CheckpointSaved": {"executed_lines": [], "summary": {"covered_lines": 0, "num_statements": 0, "percent_covered": 100.0, "percent_covered_display": "100", "missing_lines": 0, "excluded_lines": 0, "num_branches": 0, "num_partial_branches": 0, "covered_branches": 0, "missing_branches": 0}, "missing_lines": [], "excluded_lines": [], "executed_branches": [], "missing_branches": []}, "": {"executed_lines": [1, 9, 10, 11, 12, 13, 14, 15, 17, 18, 20, 25, 26, 36, 37, 38, 39, 41, 42, 54, 55, 79, 80, 101, 102, 103, 104, 105, 106, 107, 108, 109, 110, 111, 112, 113, 114, 115, 116, 117, 118, 121, 122, 136, 138, 139, 140, 141, 142, 146, 157, 169, 172, 173, 180, 181, 184, 185, 193, 194, 195, 198, 199, 209, 210, 213, 214, 222, 223, 224, 227, 228, 237, 238, 239, 240, 243, 244, 254, 255, 256, 257, 258, 261, 262, 272, 273, 274, 275, 276, 279, 280, 288, 289, 290, 293, 294, 301, 302, 305, 306, 313, 314, 317, 318, 349, 350, 351, 352, 353, 354, 357, 358, 391, 392, 393, 396, 397, 407, 408, 409, 410, 413, 414, 423, 424, 425, 428, 429, 439, 440, 441, 442, 445, 446, 456, 457, 458, 459, 462, 463, 473, 474, 475], "summary": {"covered_lines": 104, "num_statements": 104, "percent_covered": 100.0, "percent_covered_display": "100", "missing_lines": 0, "excluded_lines": 2, "num_branches": 0, "num_partial_branches": 0, "covered_branches": 0, "missing_branches": 0}, "missing_lines": [], "excluded_lines": [20, 21], "executed_branches": [], "missing_branches": []}}}, "src/pydantic_flow/streaming/helpers.py": {"executed_lines": [1, 3, 4, 6, 7, 8, 9, 12, 24, 25, 26, 29, 44, 45, 46, 49, 59, 60, 61, 62, 63, 66, 76, 77, 78, 79, 80], "summary": {"covered_lines": 26, "num_statements": 26, "percent_covered": 100.0, "percent_covered_display": "100", "missing_lines": 0, "excluded_lines": 0, "num_branches": 16, "num_partial_branches": 0, "covered_branches": 16, "missing_branches": 0}, "missing_lines": [], "excluded_lines": [], "executed_branches": [[24, -12], [24, 25], [25, 24], [25, 26], [44, -29], [44, 45], [45, 44], [45, 46], [60, 61], [60, 63], [61, 60], [61, 62], [77, 78], [77, 80], [78, 77], [78, 79]], "missing_branches": [], "functions": {"iter_tokens": {"executed_lines": [24, 25, 26], "summary": {"covered_lines": 3, "num_statements": 3, "percent_covered": 100.0, "percent_covered_display": "100", "missing_lines": 0, "excluded_lines": 0, "num_branches": 4, "num_partial_branches": 0, "covered_branches": 4, "missing_branches": 0}, "missing_lines": [], "excluded_lines": [], "executed_branches": [[24, -12], [24, 25], [25, 24], [25, 26]], "missing_branches": []}, "iter_fields": {"executed_lines": [44, 45, 46], "summary": {"covered_lines": 3, "num_statements": 3, "percent_covered": 100.0, "percent_covered_display": "100", "missing_lines": 0, "excluded_lines": 0, "num_branches": 4, "num_partial_branches": 0, "covered_branches": 4, "missing_branches": 0}, "missing_lines": [], "excluded_lines": [], "executed_branches": [[44, -29], [44, 45], [45, 44], [45, 46]], "missing_branches": []}, "collect_final_result": {"executed_lines": [59, 60, 61, 62, 63], "summary": {"covered_lines": 5, "num_statements": 5, "percent_covered": 100.0, "percent_covered_display": "100", "missing_lines": 0, "excluded_lines": 0, "num_branches": 4, "num_partial_branches": 0, "covered_branches": 4, "missing_branches": 0}, "missing_lines": [], "excluded_lines": [], "executed_branches": [[60, 61], [60, 63], [61, 60], [61, 62]], "missing_branches": []}, "collect_all_tokens": {"executed_lines": [76, 77, 78, 79, 80], "summary": {"covered_lines": 5, "num_statements": 5, "percent_covered": 100.0, "percent_covered_display": "100", "missing_lines": 0, "excluded_lines": 0, "num_branches": 4, "num_partial_branches": 0, "covered_branches": 4, "missing_branches": 0}, "missing_lines": [], "excluded_lines": [], "executed_branches": [[77, 78], [77, 80], [78, 77], [78, 79]], "missing_branches": []}, "": {"executed_lines": [1, 3, 4, 6, 7, 8, 9, 12, 29, 49, 66], "summary": {"covered_lines": 10, "num_statements": 10, "percent_covered": 100.0, "percent_covered_display": "100", "missing_lines": 0, "excluded_lines": 0, "num_branches": 0, "num_partial_branches": 0, "covered_branches": 0, "missing_branches": 0}, "missing_lines": [], "excluded_lines": [], "executed_branches": [], "missing_branches": []}}, "classes": {"": {"executed_lines": [1, 3, 4, 6, 7, 8, 9, 12, 24, 25, 26, 29, 44, 45, 46, 49, 59, 60, 61, 62, 63, 66, 76, 77, 78, 79, 80], "summary": {"covered_lines": 26, "num_statements": 26, "percent_covered": 100.0, "percent_covered_display": "100", "missing_lines": 0, "excluded_lines": 0, "num_branches": 16, "num_partial_branches": 0, "covered_branches": 16, "missing_branches": 0}, "missing_lines": [], "excluded_lines": [], "executed_branches": [[24, -12], [24, 25], [25, 24], [25, 26], [44, -29], [44, 45], [45, 44], [45, 46], [60, 61], [60, 63], [61, 60], [61, 62], [77, 78], [77, 80], [78, 77], [78, 79]], "missing_branches": []}}}, "src/pydantic_flow/streaming/observers.py": {"executed_lines": [1, 7, 8, 9, 11, 13, 14, 15, 16, 17, 18, 19, 20, 21, 24, 48, 51, 53, 57, 58, 59, 60, 63, 66, 72, 75, 76, 77, 78, 84, 87, 91, 92, 93, 95, 96, 98, 101, 102, 105, 112, 113, 115, 116, 118, 124, 126, 132, 136, 139, 157, 158, 159], "summary": {"covered_lines": 52, "num_statements": 55, "percent_covered": 90.14084507042253, "percent_covered_display": "90", "missing_lines": 3, "excluded_lines": 0, "num_branches": 16, "num_partial_branches": 4, "covered_branches": 12, "missing_branches": 4}, "missing_lines": [107, 109, 114], "excluded_lines": [], "executed_branches": [[57, 58], [77, 78], [77, 87], [92, 93], [92, 112], [96, 98], [101, 102], [101, 105], [113, 115], [115, 116], [158, -139], [158, 159]], "missing_branches": [[57, -53], [96, 112], [113, 114], [115, 118]], "functions": {"observe_agent_stream": {"executed_lines": [48, 51, 53, 63, 66, 72, 75, 76, 77, 78, 84, 87, 91, 92, 93, 95, 96, 98, 101, 102, 105, 112, 113, 115, 116, 118, 124, 126, 132, 136], "summary": {"covered_lines": 30, "num_statements": 33, "percent_covered": 86.66666666666667, "percent_covered_display": "87", "missing_lines": 3, "excluded_lines": 0, "num_branches": 12, "num_partial_branches": 3, "covered_branches": 9, "missing_branches": 3}, "missing_lines": [107, 109, 114], "excluded_lines": [], "executed_branches": [[77, 78], [77, 87], [92, 93], [92, 112], [96, 98], [101, 102], [101, 105], [113, 115], [115, 116]], "missing_branches": [[96, 112], [113, 114], [115, 118]]}, "observe_agent_stream.emit_memory_event": {"executed_lines": [57, 58, 59, 60], "summary": {"covered_lines": 4, "num_statements": 4, "percent_covered": 83.33333333333333, "percent_covered_display": "83", "missing_lines": 0, "excluded_lines": 0, "num_branches": 2, "num_partial_branches": 1, "covered_branches": 1, "missing_branches": 1}, "missing_lines": [], "excluded_lines": [], "executed_branches": [[57, 58]], "missing_branches": [[57, -53]]}, "stream_agent_text": {"executed_lines": [157, 158, 159], "summary": {"covered_lines": 3, "num_statements": 3, "percent_covered": 100.0, "percent_covered_display": "100", "missing_lines": 0, "excluded_lines": 0, "num_branches": 2, "num_partial_branches": 0, "covered_branches": 2, "missing_branches": 0}, "missing_lines": [], "excluded_lines": [], "executed_branches": [[158, -139], [158, 159]], "missing_branches": []}, "": {"executed_lines": [1, 7, 8, 9, 11, 13, 14, 15, 16, 17, 18, 19, 20, 21, 24, 139], "summary": {"covered_lines": 15, "num_statements": 15, "percent_covered": 100.0, "percent_covered_display": "100", "missing_lines": 0, "excluded_lines": 0, "num_branches": 0, "num_partial_branches": 0, "covered_branches": 0, "missing_branches": 0}, "missing_lines": [], "excluded_lines": [], "executed_branches": [], "missing_branches": []}}, "classes": {"": {"executed_lines": [1, 7, 8, 9, 11, 13, 14, 15, 16, 17, 18, 19, 20, 21, 24, 48, 51, 53, 57, 58, 59, 60, 63, 66, 72, 75, 76, 77, 78, 84, 87, 91, 92, 93, 95, 96, 98, 101, 102, 105, 112, 113, 115, 116, 118, 124, 126, 132, 136, 139, 157, 158, 159], "summary": {"covered_lines": 52, "num_statements": 55, "percent_covered": 90.14084507042253, "percent_covered_display": "90", "missing_lines": 3, "excluded_lines": 0, "num_branches": 16, "num_partial_branches": 4, "covered_branches": 12, "missing_branches": 4}, "missing_lines": [107, 109, 114], "excluded_lines": [], "executed_branches": [[57, 58], [77, 78], [77, 87], [92, 93], [92, 112], [96, 98], [101, 102], [101, 105], [113, 115], [115, 116], [158, -139], [158, 159]], "missing_branches": [[57, -53], [96, 112], [113, 114], [115, 118]]}}}, "src/pydantic_flow/streaming/parser.py": {"executed_lines": [1, 7, 8, 9, 10, 12, 13, 15, 16, 18, 21, 22, 28, 35, 36, 37, 39, 53, 54, 57, 58, 59, 60, 63, 64, 65, 66, 68, 73, 75, 83, 84, 85, 88, 89, 90, 91, 92, 94, 96, 106, 107, 108, 109, 110, 111, 112, 114, 124, 127, 128, 129, 130, 131, 134, 135, 137, 139, 149, 150, 151, 152, 153, 154, 155, 157, 168, 169, 171, 172, 173, 175, 176, 177, 180, 183, 198, 199, 200], "summary": {"covered_lines": 77, "num_statements": 77, "percent_covered": 99.06542056074767, "percent_covered_display": "99", "missing_lines": 0, "excluded_lines": 0, "num_branches": 30, "num_partial_branches": 1, "covered_branches": 29, "missing_branches": 1}, "missing_lines": [], "excluded_lines": [], "executed_branches": [[53, 54], [58, 53], [58, 59], [84, 85], [84, 88], [89, 90], [89, 94], [91, 92], [91, 94], [108, 109], [108, 112], [127, 128], [127, 134], [130, 131], [130, 134], [134, 135], [134, 137], [150, 151], [150, 155], [153, 150], [153, 154], [169, 171], [169, 175], [172, 173], [172, 175], [175, 176], [175, 180], [199, -183], [199, 200]], "missing_branches": [[53, 63]], "functions": {"StreamingParser.__init__": {"executed_lines": [35, 36, 37], "summary": {"covered_lines": 3, "num_statements": 3, "percent_covered": 100.0, "percent_covered_display": "100", "missing_lines": 0, "excluded_lines": 0, "num_branches": 0, "num_partial_branches": 0, "covered_branches": 0, "missing_branches": 0}, "missing_lines": [], "excluded_lines": [], "executed_branches": [], "missing_branches": []}, "StreamingParser.astream_parse": {"executed_lines": [53, 54, 57, 58, 59, 60, 63, 64, 65, 66, 68, 73], "summary": {"covered_lines": 12, "num_statements": 12, "percent_covered": 93.75, "percent_covered_display": "94", "missing_lines": 0, "excluded_lines": 0, "num_branches": 4, "num_partial_branches": 1, "covered_branches": 3, "missing_branches": 1}, "missing_lines": [], "excluded_lines": [], "executed_branches": [[53, 54], [58, 53], [58, 59]], "missing_branches": [[53, 63]]}, "StreamingParser._try_extract_fields": {"executed_lines": [83, 84, 85, 88, 89, 90, 91, 92, 94], "summary": {"covered_lines": 9, "num_statements": 9, "percent_covered": 100.0, "percent_covered_display": "100", "missing_lines": 0, "excluded_lines": 0, "num_branches": 6, "num_partial_branches": 0, "covered_branches": 6, "missing_branches": 0}, "missing_lines": [], "excluded_lines": [], "executed_branches": [[84, 85], [84, 88], [89, 90], [89, 94], [91, 92], [91, 94]], "missing_branches": []}, "StreamingParser._try_parse_json": {"executed_lines": [106, 107, 108, 109, 110, 111, 112], "summary": {"covered_lines": 7, "num_statements": 7, "percent_covered": 100.0, "percent_covered_display": "100", "missing_lines": 0, "excluded_lines": 0, "num_branches": 2, "num_partial_branches": 0, "covered_branches": 2, "missing_branches": 0}, "missing_lines": [], "excluded_lines": [], "executed_branches": [[108, 109], [108, 112]], "missing_branches": []}, "StreamingParser._repair_json": {"executed_lines": [124, 127, 128, 129, 130, 131, 134, 135, 137], "summary": {"covered_lines": 9, "num_statements": 9, "percent_covered": 100.0, "percent_covered_display": "100", "missing_lines": 0, "excluded_lines": 0, "num_branches": 6, "num_partial_branches": 0, "covered_branches": 6, "missing_branches": 0}, "missing_lines": [], "excluded_lines": [], "executed_branches": [[127, 128], [127, 134], [130, 131], [130, 134], [134, 135], [134, 137]], "missing_branches": []}, "StreamingParser._diff_fields": {"executed_lines": [149, 150, 151, 152, 153, 154, 155], "summary": {"covered_lines": 7, "num_statements": 7, "percent_covered": 100.0, "percent_covered_display": "100", "missing_lines": 0, "excluded_lines": 0, "num_branches": 4, "num_partial_branches": 0, "covered_branches": 4, "missing_branches": 0}, "missing_lines": [], "excluded_lines": [], "executed_branches": [[150, 151], [150, 155], [153, 150], [153, 154]], "missing_branches": []}, "StreamingParser._finalize": {"executed_lines": [168, 169, 171, 172, 173, 175, 176, 177, 180], "summary": {"covered_lines": 9, "num_statements": 9, "percent_covered": 100.0, "percent_covered_display": "100", "missing_lines": 0, "excluded_lines": 0, "num_branches": 6, "num_partial_branches": 0, "covered_branches": 6, "missing_branches": 0}, "missing_lines": [], "excluded_lines": [], "executed_branches": [[169, 171], [169, 175], [172, 173], [172, 175], [175, 176], [175, 180]], "missing_branches": []}, "parse_json_stream": {"executed_lines": [198, 199, 200], "summary": {"covered_lines": 3, "num_statements": 3, "percent_covered": 100.0, "percent_covered_display": "100", "missing_lines": 0, "excluded_lines": 0, "num_branches": 2, "num_partial_branches": 0, "covered_branches": 2, "missing_branches": 0}, "missing_lines": [], "excluded_lines": [], "executed_branches": [[199, -183], [199, 200]], "missing_branches": []}, "": {"executed_lines": [1, 7, 8, 9, 10, 12, 13, 15, 16, 18, 21, 22, 28, 39, 75, 96, 114, 139, 157, 183], "summary": {"covered_lines": 18, "num_statements": 18, "percent_covered": 100.0, "percent_covered_display": "100", "missing_lines": 0, "excluded_lines": 0, "num_branches": 0, "num_partial_branches": 0, "covered_branches": 0, "missing_branches": 0}, "missing_lines": [], "excluded_lines": [], "executed_branches": [], "missing_branches": []}}, "classes": {"StreamingParser": {"executed_lines": [35, 36, 37, 53, 54, 57, 58, 59, 60, 63, 64, 65, 66, 68, 73, 83, 84, 85, 88, 89, 90, 91, 92, 94, 106, 107, 108, 109, 110, 111, 112, 124, 127, 128, 129, 130, 131, 134, 135, 137, 149, 150, 151, 152, 153, 154, 155, 168, 169, 171, 172, 173, 175, 176, 177, 180], "summary": {"covered_lines": 56, "num_statements": 56, "percent_covered": 98.80952380952381, "percent_covered_display": "99", "missing_lines": 0, "excluded_lines": 0, "num_branches": 28, "num_partial_branches": 1, "covered_branches": 27, "missing_branches": 1}, "missing_lines": [], "excluded_lines": [], "executed_branches": [[53, 54], [58, 53], [58, 59], [84, 85], [84, 88], [89, 90], [89, 94], [91, 92], [91, 94], [108, 109], [108, 112], [127, 128], [127, 134], [130, 131], [130, 134], [134, 135], [134, 137], [150, 151], [150, 155], [153, 150], [153, 154], [169, 171], [169, 175], [172, 173], [172, 175], [175, 176], [175, 180]], "missing_branches": [[53, 63]]}, "": {"executed_lines": [1, 7, 8, 9, 10, 12, 13, 15, 16, 18, 21, 22, 28, 39, 75, 96, 114, 139, 157, 183, 198, 199, 200], "summary": {"covered_lines": 21, "num_statements": 21, "percent_covered": 100.0, "percent_covered_display": "100", "missing_lines": 0, "excluded_lines": 0, "num_branches": 2, "num_partial_branches": 0, "covered_branches": 2, "missing_branches": 0}, "missing_lines": [], "excluded_lines": [], "executed_branches": [[199, -183], [199, 200]], "missing_branches": []}}}}, "totals": {"covered_lines": 3844, "num_statements": 4243, "percent_covered": 88.29361296472831, "percent_covered_display": "88", "missing_lines": 399, "excluded_lines": 86, "num_branches": 1002, "num_partial_branches": 145, "covered_branches": 787, "missing_branches": 215}}